This is pdfTeX, Version 3.14159265-2.6-1.40.21 (MiKTeX 2.9.7300 64-bit) (preloaded format=pdflatex 2020.3.17)  8 APR 2020 22:52
entering extended mode
**./ZPminutes.tex
(ZPminutes.tex
LaTeX2e <2020-02-02> patch level 5
L3 programming layer <2020-03-06>
("C:\Users\Cyrano Golliez\AppData\Local\Programs\MiKTeX 2.9\tex/latex/koma-scri
pt\scrreprt.cls"
Document Class: scrreprt 2020/01/24 v3.29 KOMA-Script document class (report)

("C:\Users\Cyrano Golliez\AppData\Local\Programs\MiKTeX 2.9\tex/latex/koma-scri
pt\scrkbase.sty"
Package: scrkbase 2020/01/24 v3.29 KOMA-Script package (KOMA-Script-dependent b
asics and keyval usage)

("C:\Users\Cyrano Golliez\AppData\Local\Programs\MiKTeX 2.9\tex/latex/koma-scri
pt\scrbase.sty"
Package: scrbase 2020/01/24 v3.29 KOMA-Script package (KOMA-Script-independent 
basics and keyval usage)

("C:\Users\Cyrano Golliez\AppData\Local\Programs\MiKTeX 2.9\tex/latex/graphics\
keyval.sty"
Package: keyval 2014/10/28 v1.15 key=value parser (DPC)
\KV@toks@=\toks15
)
("C:\Users\Cyrano Golliez\AppData\Local\Programs\MiKTeX 2.9\tex/latex/koma-scri
pt\scrlfile.sty"
Package: scrlfile 2020/01/24 v3.29 KOMA-Script package (loading files)
)))
("C:\Users\Cyrano Golliez\AppData\Local\Programs\MiKTeX 2.9\tex/latex/koma-scri
pt\tocbasic.sty"
Package: tocbasic 2020/01/24 v3.29 KOMA-Script package (handling toc-files)
\scr@dte@tocline@numberwidth=\skip47
\scr@dte@tocline@numbox=\box45
)
Package tocbasic Info: omitting babel extension for `toc'
(tocbasic)             because of feature `nobabel' available
(tocbasic)             for `toc' on input line 137.
Class scrreprt Info: File `scrsize11pt.clo' used to setup font sizes on input l
ine 2421.

("C:\Users\Cyrano Golliez\AppData\Local\Programs\MiKTeX 2.9\tex/latex/koma-scri
pt\scrsize11pt.clo"
File: scrsize11pt.clo 2020/01/24 v3.29 KOMA-Script font size class option (11pt
)
)
("C:\Users\Cyrano Golliez\AppData\Local\Programs\MiKTeX 2.9\tex/latex/koma-scri
pt\typearea.sty"
Package: typearea 2020/01/24 v3.29 KOMA-Script package (type area)
\ta@bcor=\skip48
\ta@div=\count167
\ta@hblk=\skip49
\ta@vblk=\skip50
\ta@temp=\skip51
\footheight=\skip52
Package typearea Info: These are the values describing the layout:
(typearea)             DIV  = 12
(typearea)             BCOR = 28.45274pt
(typearea)             \paperwidth      = 597.50793pt
(typearea)              \textwidth      = 426.7914pt
(typearea)              DIV departure   = -8%
(typearea)              \evensidemargin = 22.57254pt
(typearea)              \oddsidemargin  = 3.60402pt
(typearea)             \paperheight     = 845.04694pt
(typearea)              \textheight     = 636.60028pt
(typearea)              \topmargin      = -39.24942pt
(typearea)              \headheight     = 17.0pt
(typearea)              \headsep        = 20.40001pt
(typearea)              \topskip        = 11.0pt
(typearea)              \footskip       = 47.6pt
(typearea)              \baselineskip   = 13.6pt
(typearea)              on input line 1719.
)
\c@part=\count168
\c@chapter=\count169
\c@section=\count170
\c@subsection=\count171
\c@subsubsection=\count172
\c@paragraph=\count173
\c@subparagraph=\count174
\scr@dte@chapter@maxnumwidth=\skip53
Class scrreprt Info: using compatibility default `afterindent=bysign'
(scrreprt)           for `\chapter on input line 5547.
\scr@dte@section@maxnumwidth=\skip54
Class scrreprt Info: using compatibility default `runin=bysign'
(scrreprt)           for `\section on input line 5557.
Class scrreprt Info: using compatibility default `afterindent=bysign'
(scrreprt)           for `\section on input line 5557.
\scr@dte@part@maxnumwidth=\skip55
Class scrreprt Info: using compatibility default `afterindent=true'
(scrreprt)           for `\part on input line 5566.
\scr@dte@subsection@maxnumwidth=\skip56
Class scrreprt Info: using compatibility default `runin=bysign'
(scrreprt)           for `\subsection on input line 5576.
Class scrreprt Info: using compatibility default `afterindent=bysign'
(scrreprt)           for `\subsection on input line 5576.
\scr@dte@subsubsection@maxnumwidth=\skip57
Class scrreprt Info: using compatibility default `runin=bysign'
(scrreprt)           for `\subsubsection on input line 5586.
Class scrreprt Info: using compatibility default `afterindent=bysign'
(scrreprt)           for `\subsubsection on input line 5586.
\scr@dte@paragraph@maxnumwidth=\skip58
Class scrreprt Info: using compatibility default `runin=bysign'
(scrreprt)           for `\paragraph on input line 5596.
Class scrreprt Info: using compatibility default `afterindent=bysign'
(scrreprt)           for `\paragraph on input line 5596.
\scr@dte@subparagraph@maxnumwidth=\skip59
Class scrreprt Info: using compatibility default `runin=bysign'
(scrreprt)           for `\subparagraph on input line 5606.
Class scrreprt Info: using compatibility default `afterindent=bysign'
(scrreprt)           for `\subparagraph on input line 5606.
\abovecaptionskip=\skip60
\belowcaptionskip=\skip61
\c@pti@nb@sid@b@x=\box46
Package tocbasic Info: omitting babel extension for `lof'
(tocbasic)             because of feature `nobabel' available
(tocbasic)             for `lof' on input line 6842.
\scr@dte@figure@maxnumwidth=\skip62
\c@figure=\count175
Package tocbasic Info: omitting babel extension for `lot'
(tocbasic)             because of feature `nobabel' available
(tocbasic)             for `lot' on input line 6859.
\scr@dte@table@maxnumwidth=\skip63
\c@table=\count176
Class scrreprt Info: Redefining `\numberline' on input line 7028.
\bibindent=\dimen134
)
("C:\Users\Cyrano Golliez\AppData\Local\Programs\MiKTeX 2.9\tex/latex/base\inpu
tenc.sty"
Package: inputenc 2018/08/11 v1.3c Input encoding file
\inpenc@prehook=\toks16
\inpenc@posthook=\toks17
)
("C:\Users\Cyrano Golliez\AppData\Local\Programs\MiKTeX 2.9\tex/latex/base\font
enc.sty"
Package: fontenc 2020/02/11 v2.0o Standard LaTeX package
)
("C:\Users\Cyrano Golliez\AppData\Local\Programs\MiKTeX 2.9\tex/generic/babel\b
abel.sty"
Package: babel 2020/02/28 3.41 The Babel package

("C:\Users\Cyrano Golliez\AppData\Local\Programs\MiKTeX 2.9\tex/generic/babel\s
witch.def"
File: switch.def 2020/02/28 3.41 Babel switching mechanism
)
*************************************
* Local config file bblopts.cfg used
*

("C:\Users\Cyrano Golliez\AppData\Local\Programs\MiKTeX 2.9\tex/latex/arabi\bbl
opts.cfg"
File: bblopts.cfg 2005/09/08 v0.1 add Arabic and Farsi to "declared" options of
 babel
)
("C:\Users\Cyrano Golliez\AppData\Local\Programs\MiKTeX 2.9\tex/latex/babel-eng
lish\english.ldf"
Language: english 2017/06/06 v3.3r English support from the babel system

("C:\Users\Cyrano Golliez\AppData\Local\Programs\MiKTeX 2.9\tex/generic/babel\b
abel.def"
File: babel.def 2020/02/28 3.41 Babel common definitions
\babel@savecnt=\count177
\U@D=\dimen135

("C:\Users\Cyrano Golliez\AppData\Local\Programs\MiKTeX 2.9\tex/generic/babel\t
xtbabel.def")
\bbl@readstream=\read2
\bbl@dirlevel=\count178
)
Package babel Info: \l@canadian = using hyphenrules for english
(babel)             (\language0) on input line 102.
Package babel Info: \l@australian = using hyphenrules for ukenglish
(babel)             (\language72) on input line 105.
Package babel Info: \l@newzealand = using hyphenrules for ukenglish
(babel)             (\language72) on input line 108.
)
("C:\Users\Cyrano Golliez\AppData\Local\Programs\MiKTeX 2.9\tex/latex/babel-ger
man\ngerman.ldf"
Language: ngerman 2018/12/08 v2.11 German support for babel (post-1996 orthogra
phy)

("C:\Users\Cyrano Golliez\AppData\Local\Programs\MiKTeX 2.9\tex/latex/babel-ger
man\ngermanb.ldf"
Language: ngermanb 2018/12/08 v2.11 German support for babel (post-1996 orthogr
aphy)
Package babel Info: Making " an active character on input line 121.
)))
("C:\Users\Cyrano Golliez\AppData\Local\Programs\MiKTeX 2.9\tex/latex/koma-scri
pt\scrpage2.sty"
Package: scrpage2 2020/01/24 v3.29 KOMA-Script package (page head and foot)


Package scrpage2 Warning: usage of obsolete package!
(scrpage2)                Package `scrpage2' is obsolete.
(scrpage2)                You should not longer use package `scrpage2'.
(scrpage2)                You should replace usage of package `scrpage2'
(scrpage2)                by `scrlayer-scrpage' on input line 52.

LaTeX Info: Redefining \pagemark on input line 180.
)
("C:\Users\Cyrano Golliez\AppData\Local\Programs\MiKTeX 2.9\tex/latex/graphics\
graphicx.sty"
Package: graphicx 2019/11/30 v1.2a Enhanced LaTeX Graphics (DPC,SPQR)

("C:\Users\Cyrano Golliez\AppData\Local\Programs\MiKTeX 2.9\tex/latex/graphics\
graphics.sty"
Package: graphics 2019/11/30 v1.4a Standard LaTeX Graphics (DPC,SPQR)

("C:\Users\Cyrano Golliez\AppData\Local\Programs\MiKTeX 2.9\tex/latex/graphics\
trig.sty"
Package: trig 2016/01/03 v1.10 sin cos tan (DPC)
)
("C:\Users\Cyrano Golliez\AppData\Local\Programs\MiKTeX 2.9\tex/latex/graphics-
cfg\graphics.cfg"
File: graphics.cfg 2016/06/04 v1.11 sample graphics configuration
)
Package graphics Info: Driver file: pdftex.def on input line 105.

("C:\Users\Cyrano Golliez\AppData\Local\Programs\MiKTeX 2.9\tex/latex/graphics-
def\pdftex.def"
File: pdftex.def 2018/01/08 v1.0l Graphics/color driver for pdftex
))
\Gin@req@height=\dimen136
\Gin@req@width=\dimen137
)
("C:\Users\Cyrano Golliez\AppData\Local\Programs\MiKTeX 2.9\tex/latex/xcolor\xc
olor.sty"
Package: xcolor 2016/05/11 v2.12 LaTeX color extensions (UK)

("C:\Users\Cyrano Golliez\AppData\Local\Programs\MiKTeX 2.9\tex/latex/graphics-
cfg\color.cfg"
File: color.cfg 2016/01/02 v1.6 sample color configuration
)
Package xcolor Info: Driver file: pdftex.def on input line 225.
Package xcolor Info: Model `cmy' substituted by `cmy0' on input line 1348.
Package xcolor Info: Model `hsb' substituted by `rgb' on input line 1352.
Package xcolor Info: Model `RGB' extended on input line 1364.
Package xcolor Info: Model `HTML' substituted by `rgb' on input line 1366.
Package xcolor Info: Model `Hsb' substituted by `hsb' on input line 1367.
Package xcolor Info: Model `tHsb' substituted by `hsb' on input line 1368.
Package xcolor Info: Model `HSB' substituted by `hsb' on input line 1369.
Package xcolor Info: Model `Gray' substituted by `gray' on input line 1370.
Package xcolor Info: Model `wave' substituted by `hsb' on input line 1371.
)
("C:\Users\Cyrano Golliez\AppData\Local\Programs\MiKTeX 2.9\tex/latex/enumitem\
enumitem.sty"
Package: enumitem 2019/06/20 v3.9 Customized lists
\labelindent=\skip64
\enit@outerparindent=\dimen138
\enit@toks=\toks18
\enit@inbox=\box47
\enit@count@id=\count179
\enitdp@description=\count180
)
("C:\Users\Cyrano Golliez\AppData\Local\Programs\MiKTeX 2.9\tex/latex/tools\mul
ticol.sty"
Package: multicol 2019/12/09 v1.8y multicolumn formatting (FMi)
\c@tracingmulticols=\count181
\mult@box=\box48
\multicol@leftmargin=\dimen139
\c@unbalance=\count182
\c@collectmore=\count183
\doublecol@number=\count184
\multicoltolerance=\count185
\multicolpretolerance=\count186
\full@width=\dimen140
\page@free=\dimen141
\premulticols=\dimen142
\postmulticols=\dimen143
\multicolsep=\skip65
\multicolbaselineskip=\skip66
\partial@page=\box49
\last@line=\box50
\maxbalancingoverflow=\dimen144
\mult@rightbox=\box51
\mult@grightbox=\box52
\mult@gfirstbox=\box53
\mult@firstbox=\box54
\@tempa=\box55
\@tempa=\box56
\@tempa=\box57
\@tempa=\box58
\@tempa=\box59
\@tempa=\box60
\@tempa=\box61
\@tempa=\box62
\@tempa=\box63
\@tempa=\box64
\@tempa=\box65
\@tempa=\box66
\@tempa=\box67
\@tempa=\box68
\@tempa=\box69
\@tempa=\box70
\@tempa=\box71
\@tempa=\box72
\@tempa=\box73
\@tempa=\box74
\@tempa=\box75
\@tempa=\box76
\@tempa=\box77
\@tempa=\box78
\@tempa=\box79
\@tempa=\box80
\@tempa=\box81
\@tempa=\box82
\@tempa=\box83
\@tempa=\box84
\@tempa=\box85
\@tempa=\box86
\@tempa=\box87
\@tempa=\box88
\@tempa=\box89
\@tempa=\box90
\@tempa=\box91
\c@minrows=\count187
\c@columnbadness=\count188
\c@finalcolumnbadness=\count189
\last@try=\dimen145
\multicolovershoot=\dimen146
\multicolundershoot=\dimen147
\mult@nat@firstbox=\box92
\colbreak@box=\box93
\mc@col@check@num=\count190
)
("C:\Users\Cyrano Golliez\AppData\Local\Programs\MiKTeX 2.9\tex/latex/subfig\su
bfig.sty"
Package: subfig 2005/06/28 ver: 1.3 subfig package

("C:\Users\Cyrano Golliez\AppData\Local\Programs\MiKTeX 2.9\tex/latex/caption\c
aption.sty"
Package: caption 2020/01/03 v3.4h Customizing captions (AR)

("C:\Users\Cyrano Golliez\AppData\Local\Programs\MiKTeX 2.9\tex/latex/caption\c
aption3.sty"
Package: caption3 2020/01/03 v1.8h caption3 kernel (AR)
Package caption3 Info: TeX engine: e-TeX on input line 61.
\captionmargin=\dimen148
\captionmargin@=\dimen149
\captionwidth=\dimen150
\caption@tempdima=\dimen151
\caption@indent=\dimen152
\caption@parindent=\dimen153
\caption@hangindent=\dimen154
Package caption Info: KOMA-Script document class detected.
)
Package caption Info: KOMA-Script document class.
\c@caption@flags=\count191
\c@continuedfloat=\count192
)
\c@KVtest=\count193
\sf@farskip=\skip67
\sf@captopadj=\dimen155
\sf@capskip=\skip68
\sf@nearskip=\skip69
\c@subfigure=\count194
\c@subfigure@save=\count195
\c@lofdepth=\count196
\c@subtable=\count197
\c@subtable@save=\count198
\c@lotdepth=\count199
\sf@top=\skip70
\sf@bottom=\skip71
)
("C:\Users\Cyrano Golliez\AppData\Local\Programs\MiKTeX 2.9\tex/latex/graphics\
rotating.sty"
Package: rotating 2016/08/11 v2.16d rotated objects in LaTeX

("C:\Users\Cyrano Golliez\AppData\Local\Programs\MiKTeX 2.9\tex/latex/base\ifth
en.sty"
Package: ifthen 2014/09/29 v1.1c Standard LaTeX ifthen package (DPC)
)
\c@r@tfl@t=\count266
\rotFPtop=\skip72
\rotFPbot=\skip73
\rot@float@box=\box94
\rot@mess@toks=\toks19
)
("C:\Users\Cyrano Golliez\AppData\Local\Programs\MiKTeX 2.9\tex/latex/tools\lon
gtable.sty"
Package: longtable 2020/01/07 v4.13 Multi-page Table package (DPC)
\LTleft=\skip74
\LTright=\skip75
\LTpre=\skip76
\LTpost=\skip77
\LTchunksize=\count267
\LTcapwidth=\dimen156
\LT@head=\box95
\LT@firsthead=\box96
\LT@foot=\box97
\LT@lastfoot=\box98
\LT@cols=\count268
\LT@rows=\count269
\c@LT@tables=\count270
\c@LT@chunks=\count271
\LT@p@ftn=\toks20
)
Class scrreprt Info: longtable captions redefined on input line 49.

("C:\Users\Cyrano Golliez\AppData\Local\Programs\MiKTeX 2.9\tex/latex/tools\tab
ularx.sty"
Package: tabularx 2020/01/15 v2.11c `tabularx' package (DPC)

("C:\Users\Cyrano Golliez\AppData\Local\Programs\MiKTeX 2.9\tex/latex/tools\arr
ay.sty"
Package: array 2019/08/31 v2.4l Tabular extension package (FMi)
\col@sep=\dimen157
\ar@mcellbox=\box99
\extrarowheight=\dimen158
\NC@list=\toks21
\extratabsurround=\skip78
\backup@length=\skip79
\ar@cellbox=\box100
)
\TX@col@width=\dimen159
\TX@old@table=\dimen160
\TX@old@col=\dimen161
\TX@target=\dimen162
\TX@delta=\dimen163
\TX@cols=\count272
\TX@ftn=\toks22
)
("C:\Users\Cyrano Golliez\AppData\Local\Programs\MiKTeX 2.9\tex/latex/booktabs\
booktabs.sty"
Package: booktabs 2020/01/12 v1.61803398 Publication quality tables
\heavyrulewidth=\dimen164
\lightrulewidth=\dimen165
\cmidrulewidth=\dimen166
\belowrulesep=\dimen167
\belowbottomsep=\dimen168
\aboverulesep=\dimen169
\abovetopsep=\dimen170
\cmidrulesep=\dimen171
\cmidrulekern=\dimen172
\defaultaddspace=\dimen173
\@cmidla=\count273
\@cmidlb=\count274
\@aboverulesep=\dimen174
\@belowrulesep=\dimen175
\@thisruleclass=\count275
\@lastruleclass=\count276
\@thisrulewidth=\dimen176
)
("C:\Users\Cyrano Golliez\AppData\Local\Programs\MiKTeX 2.9\tex/latex/float\flo
at.sty"
Package: float 2001/11/08 v1.3d Float enhancements (AL)
\c@float@type=\count277
\float@exts=\toks23
\float@box=\box101
\@float@everytoks=\toks24
\@floatcapt=\box102
)
("C:\Users\Cyrano Golliez\AppData\Local\Programs\MiKTeX 2.9\tex/latex/amsmath\a
msmath.sty"
Package: amsmath 2020/01/20 v2.17e AMS math features
\@mathmargin=\skip80

For additional information on amsmath, use the `?' option.

("C:\Users\Cyrano Golliez\AppData\Local\Programs\MiKTeX 2.9\tex/latex/amsmath\a
mstext.sty"
Package: amstext 2000/06/29 v2.01 AMS text

("C:\Users\Cyrano Golliez\AppData\Local\Programs\MiKTeX 2.9\tex/latex/amsmath\a
msgen.sty"
File: amsgen.sty 1999/11/30 v2.0 generic functions
\@emptytoks=\toks25
\ex@=\dimen177
))
("C:\Users\Cyrano Golliez\AppData\Local\Programs\MiKTeX 2.9\tex/latex/amsmath\a
msbsy.sty"
Package: amsbsy 1999/11/29 v1.2d Bold Symbols
\pmbraise@=\dimen178
)
("C:\Users\Cyrano Golliez\AppData\Local\Programs\MiKTeX 2.9\tex/latex/amsmath\a
msopn.sty"
Package: amsopn 2016/03/08 v2.02 operator names
)
\inf@bad=\count278
LaTeX Info: Redefining \frac on input line 227.
\uproot@=\count279
\leftroot@=\count280
LaTeX Info: Redefining \overline on input line 389.
\classnum@=\count281
\DOTSCASE@=\count282
LaTeX Info: Redefining \ldots on input line 486.
LaTeX Info: Redefining \dots on input line 489.
LaTeX Info: Redefining \cdots on input line 610.
\Mathstrutbox@=\box103
\strutbox@=\box104
\big@size=\dimen179
LaTeX Font Info:    Redeclaring font encoding OML on input line 733.
LaTeX Font Info:    Redeclaring font encoding OMS on input line 734.
\macc@depth=\count283
\c@MaxMatrixCols=\count284
\dotsspace@=\muskip16
\c@parentequation=\count285
\dspbrk@lvl=\count286
\tag@help=\toks26
\row@=\count287
\column@=\count288
\maxfields@=\count289
\andhelp@=\toks27
\eqnshift@=\dimen180
\alignsep@=\dimen181
\tagshift@=\dimen182
\tagwidth@=\dimen183
\totwidth@=\dimen184
\lineht@=\dimen185
\@envbody=\toks28
\multlinegap=\skip81
\multlinetaggap=\skip82
\mathdisplay@stack=\toks29
LaTeX Info: Redefining \[ on input line 2859.
LaTeX Info: Redefining \] on input line 2860.
)
("C:\Users\Cyrano Golliez\AppData\Local\Programs\MiKTeX 2.9\tex/latex/amsfonts\
amssymb.sty"
Package: amssymb 2013/01/14 v3.01 AMS font symbols

("C:\Users\Cyrano Golliez\AppData\Local\Programs\MiKTeX 2.9\tex/latex/amsfonts\
amsfonts.sty"
Package: amsfonts 2013/01/14 v3.01 Basic AMSFonts support
\symAMSa=\mathgroup4
\symAMSb=\mathgroup5
LaTeX Font Info:    Redeclaring math symbol \hbar on input line 98.
LaTeX Font Info:    Overwriting math alphabet `\mathfrak' in version `bold'
(Font)                  U/euf/m/n --> U/euf/b/n on input line 106.
))
("C:\Users\Cyrano Golliez\AppData\Local\Programs\MiKTeX 2.9\tex/latex/base\make
idx.sty"
Package: makeidx 2014/09/29 v1.0m Standard LaTeX package
)
("C:\Users\Cyrano Golliez\AppData\Local\Programs\MiKTeX 2.9\tex/latex/nomencl\n
omencl.sty"
Package: nomencl 2020/03/01 v5.4 Nomenclature package

("C:\Users\Cyrano Golliez\AppData\Local\Programs\MiKTeX 2.9\tex/latex/xkeyval\x
keyval.sty"
Package: xkeyval 2014/12/03 v2.7a package option processing (HA)

("C:\Users\Cyrano Golliez\AppData\Local\Programs\MiKTeX 2.9\tex/generic/xkeyval
\xkeyval.tex"
("C:\Users\Cyrano Golliez\AppData\Local\Programs\MiKTeX 2.9\tex/generic/xkeyval
\xkvutils.tex"
\XKV@toks=\toks30
\XKV@tempa@toks=\toks31
)
\XKV@depth=\count290
File: xkeyval.tex 2014/12/03 v2.7a key=value parser (HA)
))
Package tocbasic Info: setting babel extension for `nlo' on input line 179.
Package tocbasic Info: setting babel extension for `nls' on input line 180.
\nomlabelwidth=\dimen186
\nom@tempdim=\dimen187
\nomitemsep=\skip83
)
("C:\Users\Cyrano Golliez\AppData\Local\Programs\MiKTeX 2.9\tex/latex/acronym\a
cronym.sty"
Package: acronym 2020/03/13 v1.46 Support for acronyms (Tobias Oetiker)

("C:\Users\Cyrano Golliez\AppData\Local\Programs\MiKTeX 2.9\tex/latex/bigfoot\s
uffix.sty"
Package: suffix 2006/07/15 1.5a Variant command support
)
("C:\Users\Cyrano Golliez\AppData\Local\Programs\MiKTeX 2.9\tex/latex/xstring\x
string.sty"
("C:\Users\Cyrano Golliez\AppData\Local\Programs\MiKTeX 2.9\tex/generic/xstring
\xstring.tex"
\integerpart=\count291
\decimalpart=\count292
)
Package: xstring 2019/02/06 v1.83 String manipulations (CT)
)
\AC@clearlist=\toks32
)
("C:\Users\Cyrano Golliez\AppData\Local\Programs\MiKTeX 2.9\tex/latex/pgf/front
endlayer\tikz.sty"
("C:\Users\Cyrano Golliez\AppData\Local\Programs\MiKTeX 2.9\tex/latex/pgf/basic
layer\pgf.sty"
("C:\Users\Cyrano Golliez\AppData\Local\Programs\MiKTeX 2.9\tex/latex/pgf/utili
ties\pgfrcs.sty"
("C:\Users\Cyrano Golliez\AppData\Local\Programs\MiKTeX 2.9\tex/generic/pgf/uti
lities\pgfutil-common.tex"
\pgfutil@everybye=\toks33
\pgfutil@tempdima=\dimen188
\pgfutil@tempdimb=\dimen189

("C:\Users\Cyrano Golliez\AppData\Local\Programs\MiKTeX 2.9\tex/generic/pgf/uti
lities\pgfutil-common-lists.tex"))
("C:\Users\Cyrano Golliez\AppData\Local\Programs\MiKTeX 2.9\tex/generic/pgf/uti
lities\pgfutil-latex.def"
\pgfutil@abb=\box105

("C:\Users\Cyrano Golliez\AppData\Local\Programs\MiKTeX 2.9\tex/latex/ms\everys
hi.sty"
Package: everyshi 2001/05/15 v3.00 EveryShipout Package (MS)
))
("C:\Users\Cyrano Golliez\AppData\Local\Programs\MiKTeX 2.9\tex/generic/pgf/uti
lities\pgfrcs.code.tex"
("C:\Users\Cyrano Golliez\AppData\Local\Programs\MiKTeX 2.9\tex/generic/pgf\pgf
.revision.tex")
Package: pgfrcs 2020/01/08 v3.1.5b (3.1.5b)
))
Package: pgf 2020/01/08 v3.1.5b (3.1.5b)

("C:\Users\Cyrano Golliez\AppData\Local\Programs\MiKTeX 2.9\tex/latex/pgf/basic
layer\pgfcore.sty"
("C:\Users\Cyrano Golliez\AppData\Local\Programs\MiKTeX 2.9\tex/latex/pgf/syste
mlayer\pgfsys.sty"
("C:\Users\Cyrano Golliez\AppData\Local\Programs\MiKTeX 2.9\tex/generic/pgf/sys
temlayer\pgfsys.code.tex"
Package: pgfsys 2020/01/08 v3.1.5b (3.1.5b)

("C:\Users\Cyrano Golliez\AppData\Local\Programs\MiKTeX 2.9\tex/generic/pgf/uti
lities\pgfkeys.code.tex"
\pgfkeys@pathtoks=\toks34
\pgfkeys@temptoks=\toks35

("C:\Users\Cyrano Golliez\AppData\Local\Programs\MiKTeX 2.9\tex/generic/pgf/uti
lities\pgfkeysfiltered.code.tex"
\pgfkeys@tmptoks=\toks36
))
\pgf@x=\dimen190
\pgf@y=\dimen191
\pgf@xa=\dimen192
\pgf@ya=\dimen193
\pgf@xb=\dimen194
\pgf@yb=\dimen195
\pgf@xc=\dimen196
\pgf@yc=\dimen197
\pgf@xd=\dimen198
\pgf@yd=\dimen199
\w@pgf@writea=\write3
\r@pgf@reada=\read3
\c@pgf@counta=\count293
\c@pgf@countb=\count294
\c@pgf@countc=\count295
\c@pgf@countd=\count296
\t@pgf@toka=\toks37
\t@pgf@tokb=\toks38
\t@pgf@tokc=\toks39
\pgf@sys@id@count=\count297

("C:\Users\Cyrano Golliez\AppData\Local\Programs\MiKTeX 2.9\tex/generic/pgf/sys
temlayer\pgf.cfg"
File: pgf.cfg 2020/01/08 v3.1.5b (3.1.5b)
)
Driver file for pgf: pgfsys-pdftex.def

("C:\Users\Cyrano Golliez\AppData\Local\Programs\MiKTeX 2.9\tex/generic/pgf/sys
temlayer\pgfsys-pdftex.def"
File: pgfsys-pdftex.def 2020/01/08 v3.1.5b (3.1.5b)

("C:\Users\Cyrano Golliez\AppData\Local\Programs\MiKTeX 2.9\tex/generic/pgf/sys
temlayer\pgfsys-common-pdf.def"
File: pgfsys-common-pdf.def 2020/01/08 v3.1.5b (3.1.5b)
)))
("C:\Users\Cyrano Golliez\AppData\Local\Programs\MiKTeX 2.9\tex/generic/pgf/sys
temlayer\pgfsyssoftpath.code.tex"
File: pgfsyssoftpath.code.tex 2020/01/08 v3.1.5b (3.1.5b)
\pgfsyssoftpath@smallbuffer@items=\count298
\pgfsyssoftpath@bigbuffer@items=\count299
)
("C:\Users\Cyrano Golliez\AppData\Local\Programs\MiKTeX 2.9\tex/generic/pgf/sys
temlayer\pgfsysprotocol.code.tex"
File: pgfsysprotocol.code.tex 2020/01/08 v3.1.5b (3.1.5b)
))
("C:\Users\Cyrano Golliez\AppData\Local\Programs\MiKTeX 2.9\tex/generic/pgf/bas
iclayer\pgfcore.code.tex"
Package: pgfcore 2020/01/08 v3.1.5b (3.1.5b)

("C:\Users\Cyrano Golliez\AppData\Local\Programs\MiKTeX 2.9\tex/generic/pgf/mat
h\pgfmath.code.tex"
("C:\Users\Cyrano Golliez\AppData\Local\Programs\MiKTeX 2.9\tex/generic/pgf/mat
h\pgfmathcalc.code.tex"
("C:\Users\Cyrano Golliez\AppData\Local\Programs\MiKTeX 2.9\tex/generic/pgf/mat
h\pgfmathutil.code.tex")
("C:\Users\Cyrano Golliez\AppData\Local\Programs\MiKTeX 2.9\tex/generic/pgf/mat
h\pgfmathparser.code.tex"
\pgfmath@dimen=\dimen256
\pgfmath@count=\count300
\pgfmath@box=\box106
\pgfmath@toks=\toks40
\pgfmath@stack@operand=\toks41
\pgfmath@stack@operation=\toks42
)
("C:\Users\Cyrano Golliez\AppData\Local\Programs\MiKTeX 2.9\tex/generic/pgf/mat
h\pgfmathfunctions.code.tex"
("C:\Users\Cyrano Golliez\AppData\Local\Programs\MiKTeX 2.9\tex/generic/pgf/mat
h\pgfmathfunctions.basic.code.tex")
("C:\Users\Cyrano Golliez\AppData\Local\Programs\MiKTeX 2.9\tex/generic/pgf/mat
h\pgfmathfunctions.trigonometric.code.tex")
("C:\Users\Cyrano Golliez\AppData\Local\Programs\MiKTeX 2.9\tex/generic/pgf/mat
h\pgfmathfunctions.random.code.tex")
("C:\Users\Cyrano Golliez\AppData\Local\Programs\MiKTeX 2.9\tex/generic/pgf/mat
h\pgfmathfunctions.comparison.code.tex")
("C:\Users\Cyrano Golliez\AppData\Local\Programs\MiKTeX 2.9\tex/generic/pgf/mat
h\pgfmathfunctions.base.code.tex")
("C:\Users\Cyrano Golliez\AppData\Local\Programs\MiKTeX 2.9\tex/generic/pgf/mat
h\pgfmathfunctions.round.code.tex")
("C:\Users\Cyrano Golliez\AppData\Local\Programs\MiKTeX 2.9\tex/generic/pgf/mat
h\pgfmathfunctions.misc.code.tex")
("C:\Users\Cyrano Golliez\AppData\Local\Programs\MiKTeX 2.9\tex/generic/pgf/mat
h\pgfmathfunctions.integerarithmetics.code.tex")))
("C:\Users\Cyrano Golliez\AppData\Local\Programs\MiKTeX 2.9\tex/generic/pgf/mat
h\pgfmathfloat.code.tex"
\c@pgfmathroundto@lastzeros=\count301
))
("C:\Users\Cyrano Golliez\AppData\Local\Programs\MiKTeX 2.9\tex/generic/pgf/mat
h\pgfint.code.tex")
("C:\Users\Cyrano Golliez\AppData\Local\Programs\MiKTeX 2.9\tex/generic/pgf/bas
iclayer\pgfcorepoints.code.tex"
File: pgfcorepoints.code.tex 2020/01/08 v3.1.5b (3.1.5b)
\pgf@picminx=\dimen257
\pgf@picmaxx=\dimen258
\pgf@picminy=\dimen259
\pgf@picmaxy=\dimen260
\pgf@pathminx=\dimen261
\pgf@pathmaxx=\dimen262
\pgf@pathminy=\dimen263
\pgf@pathmaxy=\dimen264
\pgf@xx=\dimen265
\pgf@xy=\dimen266
\pgf@yx=\dimen267
\pgf@yy=\dimen268
\pgf@zx=\dimen269
\pgf@zy=\dimen270
)
("C:\Users\Cyrano Golliez\AppData\Local\Programs\MiKTeX 2.9\tex/generic/pgf/bas
iclayer\pgfcorepathconstruct.code.tex"
File: pgfcorepathconstruct.code.tex 2020/01/08 v3.1.5b (3.1.5b)
\pgf@path@lastx=\dimen271
\pgf@path@lasty=\dimen272
)
("C:\Users\Cyrano Golliez\AppData\Local\Programs\MiKTeX 2.9\tex/generic/pgf/bas
iclayer\pgfcorepathusage.code.tex"
File: pgfcorepathusage.code.tex 2020/01/08 v3.1.5b (3.1.5b)
\pgf@shorten@end@additional=\dimen273
\pgf@shorten@start@additional=\dimen274
)
("C:\Users\Cyrano Golliez\AppData\Local\Programs\MiKTeX 2.9\tex/generic/pgf/bas
iclayer\pgfcorescopes.code.tex"
File: pgfcorescopes.code.tex 2020/01/08 v3.1.5b (3.1.5b)
\pgfpic=\box107
\pgf@hbox=\box108
\pgf@layerbox@main=\box109
\pgf@picture@serial@count=\count302
)
("C:\Users\Cyrano Golliez\AppData\Local\Programs\MiKTeX 2.9\tex/generic/pgf/bas
iclayer\pgfcoregraphicstate.code.tex"
File: pgfcoregraphicstate.code.tex 2020/01/08 v3.1.5b (3.1.5b)
\pgflinewidth=\dimen275
)
("C:\Users\Cyrano Golliez\AppData\Local\Programs\MiKTeX 2.9\tex/generic/pgf/bas
iclayer\pgfcoretransformations.code.tex"
File: pgfcoretransformations.code.tex 2020/01/08 v3.1.5b (3.1.5b)
\pgf@pt@x=\dimen276
\pgf@pt@y=\dimen277
\pgf@pt@temp=\dimen278
)
("C:\Users\Cyrano Golliez\AppData\Local\Programs\MiKTeX 2.9\tex/generic/pgf/bas
iclayer\pgfcorequick.code.tex"
File: pgfcorequick.code.tex 2020/01/08 v3.1.5b (3.1.5b)
)
("C:\Users\Cyrano Golliez\AppData\Local\Programs\MiKTeX 2.9\tex/generic/pgf/bas
iclayer\pgfcoreobjects.code.tex"
File: pgfcoreobjects.code.tex 2020/01/08 v3.1.5b (3.1.5b)
)
("C:\Users\Cyrano Golliez\AppData\Local\Programs\MiKTeX 2.9\tex/generic/pgf/bas
iclayer\pgfcorepathprocessing.code.tex"
File: pgfcorepathprocessing.code.tex 2020/01/08 v3.1.5b (3.1.5b)
)
("C:\Users\Cyrano Golliez\AppData\Local\Programs\MiKTeX 2.9\tex/generic/pgf/bas
iclayer\pgfcorearrows.code.tex"
File: pgfcorearrows.code.tex 2020/01/08 v3.1.5b (3.1.5b)
\pgfarrowsep=\dimen279
)
("C:\Users\Cyrano Golliez\AppData\Local\Programs\MiKTeX 2.9\tex/generic/pgf/bas
iclayer\pgfcoreshade.code.tex"
File: pgfcoreshade.code.tex 2020/01/08 v3.1.5b (3.1.5b)
\pgf@max=\dimen280
\pgf@sys@shading@range@num=\count303
\pgf@shadingcount=\count304
)
("C:\Users\Cyrano Golliez\AppData\Local\Programs\MiKTeX 2.9\tex/generic/pgf/bas
iclayer\pgfcoreimage.code.tex"
File: pgfcoreimage.code.tex 2020/01/08 v3.1.5b (3.1.5b)

("C:\Users\Cyrano Golliez\AppData\Local\Programs\MiKTeX 2.9\tex/generic/pgf/bas
iclayer\pgfcoreexternal.code.tex"
File: pgfcoreexternal.code.tex 2020/01/08 v3.1.5b (3.1.5b)
\pgfexternal@startupbox=\box110
))
("C:\Users\Cyrano Golliez\AppData\Local\Programs\MiKTeX 2.9\tex/generic/pgf/bas
iclayer\pgfcorelayers.code.tex"
File: pgfcorelayers.code.tex 2020/01/08 v3.1.5b (3.1.5b)
)
("C:\Users\Cyrano Golliez\AppData\Local\Programs\MiKTeX 2.9\tex/generic/pgf/bas
iclayer\pgfcoretransparency.code.tex"
File: pgfcoretransparency.code.tex 2020/01/08 v3.1.5b (3.1.5b)
)
("C:\Users\Cyrano Golliez\AppData\Local\Programs\MiKTeX 2.9\tex/generic/pgf/bas
iclayer\pgfcorepatterns.code.tex"
File: pgfcorepatterns.code.tex 2020/01/08 v3.1.5b (3.1.5b)
)
("C:\Users\Cyrano Golliez\AppData\Local\Programs\MiKTeX 2.9\tex/generic/pgf/bas
iclayer\pgfcorerdf.code.tex"
File: pgfcorerdf.code.tex 2020/01/08 v3.1.5b (3.1.5b)
)))
("C:\Users\Cyrano Golliez\AppData\Local\Programs\MiKTeX 2.9\tex/generic/pgf/mod
ules\pgfmoduleshapes.code.tex"
File: pgfmoduleshapes.code.tex 2020/01/08 v3.1.5b (3.1.5b)
\pgfnodeparttextbox=\box111
)
("C:\Users\Cyrano Golliez\AppData\Local\Programs\MiKTeX 2.9\tex/generic/pgf/mod
ules\pgfmoduleplot.code.tex"
File: pgfmoduleplot.code.tex 2020/01/08 v3.1.5b (3.1.5b)
)
("C:\Users\Cyrano Golliez\AppData\Local\Programs\MiKTeX 2.9\tex/latex/pgf/compa
tibility\pgfcomp-version-0-65.sty"
Package: pgfcomp-version-0-65 2020/01/08 v3.1.5b (3.1.5b)
\pgf@nodesepstart=\dimen281
\pgf@nodesepend=\dimen282
)
("C:\Users\Cyrano Golliez\AppData\Local\Programs\MiKTeX 2.9\tex/latex/pgf/compa
tibility\pgfcomp-version-1-18.sty"
Package: pgfcomp-version-1-18 2020/01/08 v3.1.5b (3.1.5b)
))
("C:\Users\Cyrano Golliez\AppData\Local\Programs\MiKTeX 2.9\tex/latex/pgf/utili
ties\pgffor.sty"
("C:\Users\Cyrano Golliez\AppData\Local\Programs\MiKTeX 2.9\tex/latex/pgf/utili
ties\pgfkeys.sty"
("C:\Users\Cyrano Golliez\AppData\Local\Programs\MiKTeX 2.9\tex/generic/pgf/uti
lities\pgfkeys.code.tex"))
("C:\Users\Cyrano Golliez\AppData\Local\Programs\MiKTeX 2.9\tex/latex/pgf/math\
pgfmath.sty"
("C:\Users\Cyrano Golliez\AppData\Local\Programs\MiKTeX 2.9\tex/generic/pgf/mat
h\pgfmath.code.tex"))
("C:\Users\Cyrano Golliez\AppData\Local\Programs\MiKTeX 2.9\tex/generic/pgf/uti
lities\pgffor.code.tex"
Package: pgffor 2020/01/08 v3.1.5b (3.1.5b)

("C:\Users\Cyrano Golliez\AppData\Local\Programs\MiKTeX 2.9\tex/generic/pgf/mat
h\pgfmath.code.tex")
\pgffor@iter=\dimen283
\pgffor@skip=\dimen284
\pgffor@stack=\toks43
\pgffor@toks=\toks44
))
("C:\Users\Cyrano Golliez\AppData\Local\Programs\MiKTeX 2.9\tex/generic/pgf/fro
ntendlayer/tikz\tikz.code.tex"
Package: tikz 2020/01/08 v3.1.5b (3.1.5b)

("C:\Users\Cyrano Golliez\AppData\Local\Programs\MiKTeX 2.9\tex/generic/pgf/lib
raries\pgflibraryplothandlers.code.tex"
File: pgflibraryplothandlers.code.tex 2020/01/08 v3.1.5b (3.1.5b)
\pgf@plot@mark@count=\count305
\pgfplotmarksize=\dimen285
)
\tikz@lastx=\dimen286
\tikz@lasty=\dimen287
\tikz@lastxsaved=\dimen288
\tikz@lastysaved=\dimen289
\tikz@lastmovetox=\dimen290
\tikz@lastmovetoy=\dimen291
\tikzleveldistance=\dimen292
\tikzsiblingdistance=\dimen293
\tikz@figbox=\box112
\tikz@figbox@bg=\box113
\tikz@tempbox=\box114
\tikz@tempbox@bg=\box115
\tikztreelevel=\count306
\tikznumberofchildren=\count307
\tikznumberofcurrentchild=\count308
\tikz@fig@count=\count309

("C:\Users\Cyrano Golliez\AppData\Local\Programs\MiKTeX 2.9\tex/generic/pgf/mod
ules\pgfmodulematrix.code.tex"
File: pgfmodulematrix.code.tex 2020/01/08 v3.1.5b (3.1.5b)
\pgfmatrixcurrentrow=\count310
\pgfmatrixcurrentcolumn=\count311
\pgf@matrix@numberofcolumns=\count312
)
\tikz@expandcount=\count313

("C:\Users\Cyrano Golliez\AppData\Local\Programs\MiKTeX 2.9\tex/generic/pgf/fro
ntendlayer/tikz/libraries\tikzlibrarytopaths.code.tex"
File: tikzlibrarytopaths.code.tex 2020/01/08 v3.1.5b (3.1.5b)
)))
("C:\Users\Cyrano Golliez\AppData\Local\Programs\MiKTeX 2.9\tex/latex/pgfplots\
pgfplots.sty"
("C:\Users\Cyrano Golliez\AppData\Local\Programs\MiKTeX 2.9\tex/generic/pgfplot
s\pgfplots.revision.tex")
Package: pgfplots 2020/02/29 v1.17 Data Visualization (1.17)

("C:\Users\Cyrano Golliez\AppData\Local\Programs\MiKTeX 2.9\tex/generic/pgfplot
s\pgfplots.code.tex"
("C:\Users\Cyrano Golliez\AppData\Local\Programs\MiKTeX 2.9\tex/generic/pgfplot
s\pgfplotscore.code.tex"
\t@pgfplots@toka=\toks45
\t@pgfplots@tokb=\toks46
\t@pgfplots@tokc=\toks47
\pgfplots@tmpa=\dimen294
\c@pgfplots@coordindex=\count314
\c@pgfplots@scanlineindex=\count315

("C:\Users\Cyrano Golliez\AppData\Local\Programs\MiKTeX 2.9\tex/generic/pgfplot
s/sys\pgfplotssysgeneric.code.tex"))
("C:\Users\Cyrano Golliez\AppData\Local\Programs\MiKTeX 2.9\tex/generic/pgfplot
s/libs\pgfplotslibrary.code.tex")
("C:\Users\Cyrano Golliez\AppData\Local\Programs\MiKTeX 2.9\tex/generic/pgfplot
s/oldpgfcompatib\pgfplotsoldpgfsupp_loader.code.tex"
("C:\Users\Cyrano Golliez\AppData\Local\Programs\MiKTeX 2.9\tex/generic/pgf/lib
raries\pgflibraryfpu.code.tex"))
("C:\Users\Cyrano Golliez\AppData\Local\Programs\MiKTeX 2.9\tex/generic/pgfplot
s/util\pgfplotsutil.code.tex"
("C:\Users\Cyrano Golliez\AppData\Local\Programs\MiKTeX 2.9\tex/generic/pgfplot
s/liststructure\pgfplotsliststructure.code.tex")
("C:\Users\Cyrano Golliez\AppData\Local\Programs\MiKTeX 2.9\tex/generic/pgfplot
s/liststructure\pgfplotsliststructureext.code.tex")
("C:\Users\Cyrano Golliez\AppData\Local\Programs\MiKTeX 2.9\tex/generic/pgfplot
s/liststructure\pgfplotsarray.code.tex"
\c@pgfplotsarray@tmp=\count316
)
("C:\Users\Cyrano Golliez\AppData\Local\Programs\MiKTeX 2.9\tex/generic/pgfplot
s/liststructure\pgfplotsmatrix.code.tex")
("C:\Users\Cyrano Golliez\AppData\Local\Programs\MiKTeX 2.9\tex/generic/pgfplot
s/numtable\pgfplotstableshared.code.tex"
\c@pgfplotstable@counta=\count317
\t@pgfplotstable@a=\toks48
)
("C:\Users\Cyrano Golliez\AppData\Local\Programs\MiKTeX 2.9\tex/generic/pgfplot
s/liststructure\pgfplotsdeque.code.tex")
("C:\Users\Cyrano Golliez\AppData\Local\Programs\MiKTeX 2.9\tex/generic/pgfplot
s/util\pgfplotsbinary.code.tex"
("C:\Users\Cyrano Golliez\AppData\Local\Programs\MiKTeX 2.9\tex/generic/pgfplot
s/util\pgfplotsbinary.data.code.tex"))
("C:\Users\Cyrano Golliez\AppData\Local\Programs\MiKTeX 2.9\tex/generic/pgfplot
s/util\pgfplotsutil.verb.code.tex")
("C:\Users\Cyrano Golliez\AppData\Local\Programs\MiKTeX 2.9\tex/generic/pgfplot
s/libs\pgflibrarypgfplots.surfshading.code.tex"
\c@pgfplotslibrarysurf@no=\count318

("C:\Users\Cyrano Golliez\AppData\Local\Programs\MiKTeX 2.9\tex/generic/pgfplot
s/sys\pgflibrarypgfplots.surfshading.pgfsys-pdftex.def")))
("C:\Users\Cyrano Golliez\AppData\Local\Programs\MiKTeX 2.9\tex/generic/pgfplot
s/util\pgfplotscolormap.code.tex"
("C:\Users\Cyrano Golliez\AppData\Local\Programs\MiKTeX 2.9\tex/generic/pgfplot
s/util\pgfplotscolor.code.tex"))
("C:\Users\Cyrano Golliez\AppData\Local\Programs\MiKTeX 2.9\tex/generic/pgfplot
s\pgfplotsstackedplots.code.tex")
("C:\Users\Cyrano Golliez\AppData\Local\Programs\MiKTeX 2.9\tex/generic/pgfplot
s\pgfplotsplothandlers.code.tex"
("C:\Users\Cyrano Golliez\AppData\Local\Programs\MiKTeX 2.9\tex/generic/pgfplot
s\pgfplotsmeshplothandler.code.tex"
("C:\Users\Cyrano Golliez\AppData\Local\Programs\MiKTeX 2.9\tex/generic/pgfplot
s\pgfplotsmeshplotimage.code.tex")))
("C:\Users\Cyrano Golliez\AppData\Local\Programs\MiKTeX 2.9\tex/generic/pgfplot
s\pgfplots.scaling.code.tex")
("C:\Users\Cyrano Golliez\AppData\Local\Programs\MiKTeX 2.9\tex/generic/pgfplot
s\pgfplotscoordprocessing.code.tex")
("C:\Users\Cyrano Golliez\AppData\Local\Programs\MiKTeX 2.9\tex/generic/pgfplot
s\pgfplots.errorbars.code.tex")
("C:\Users\Cyrano Golliez\AppData\Local\Programs\MiKTeX 2.9\tex/generic/pgfplot
s\pgfplots.markers.code.tex")
("C:\Users\Cyrano Golliez\AppData\Local\Programs\MiKTeX 2.9\tex/generic/pgfplot
s\pgfplotsticks.code.tex")
("C:\Users\Cyrano Golliez\AppData\Local\Programs\MiKTeX 2.9\tex/generic/pgfplot
s\pgfplots.paths.code.tex")
("C:\Users\Cyrano Golliez\AppData\Local\Programs\MiKTeX 2.9\tex/generic/pgf/fro
ntendlayer/tikz/libraries\tikzlibrarydecorations.code.tex"
("C:\Users\Cyrano Golliez\AppData\Local\Programs\MiKTeX 2.9\tex/generic/pgf/mod
ules\pgfmoduledecorations.code.tex"
\pgfdecoratedcompleteddistance=\dimen295
\pgfdecoratedremainingdistance=\dimen296
\pgfdecoratedinputsegmentcompleteddistance=\dimen297
\pgfdecoratedinputsegmentremainingdistance=\dimen298
\pgf@decorate@distancetomove=\dimen299
\pgf@decorate@repeatstate=\count319
\pgfdecorationsegmentamplitude=\dimen300
\pgfdecorationsegmentlength=\dimen301
)
\tikz@lib@dec@box=\box116
)
("C:\Users\Cyrano Golliez\AppData\Local\Programs\MiKTeX 2.9\tex/generic/pgf/fro
ntendlayer/tikz/libraries\tikzlibrarydecorations.pathmorphing.code.tex"
("C:\Users\Cyrano Golliez\AppData\Local\Programs\MiKTeX 2.9\tex/generic/pgf/lib
raries/decorations\pgflibrarydecorations.pathmorphing.code.tex"))
("C:\Users\Cyrano Golliez\AppData\Local\Programs\MiKTeX 2.9\tex/generic/pgf/fro
ntendlayer/tikz/libraries\tikzlibrarydecorations.pathreplacing.code.tex"
("C:\Users\Cyrano Golliez\AppData\Local\Programs\MiKTeX 2.9\tex/generic/pgf/lib
raries/decorations\pgflibrarydecorations.pathreplacing.code.tex"))
\pgfplots@numplots=\count320
\pgfplots@xmin@reg=\dimen302
\pgfplots@xmax@reg=\dimen303
\pgfplots@ymin@reg=\dimen304
\pgfplots@ymax@reg=\dimen305
\pgfplots@zmin@reg=\dimen306
\pgfplots@zmax@reg=\dimen307
)
("C:\Users\Cyrano Golliez\AppData\Local\Programs\MiKTeX 2.9\tex/generic/pgf/fro
ntendlayer/tikz/libraries\tikzlibraryplotmarks.code.tex"
File: tikzlibraryplotmarks.code.tex 2020/01/08 v3.1.5b (3.1.5b)

("C:\Users\Cyrano Golliez\AppData\Local\Programs\MiKTeX 2.9\tex/generic/pgf/lib
raries\pgflibraryplotmarks.code.tex"
File: pgflibraryplotmarks.code.tex 2020/01/08 v3.1.5b (3.1.5b)
)))
("C:\Users\Cyrano Golliez\AppData\Local\Programs\MiKTeX 2.9\tex/latex/units\uni
ts.sty"
Package: units 1998/08/04 v0.9b Typesetting units

("C:\Users\Cyrano Golliez\AppData\Local\Programs\MiKTeX 2.9\tex/latex/units\nic
efrac.sty"
Package: nicefrac 1998/08/04 v0.9b Nice fractions
\L@UnitsRaiseDisplaystyle=\skip84
\L@UnitsRaiseTextstyle=\skip85
\L@UnitsRaiseScriptstyle=\skip86
))
("C:\Users\Cyrano Golliez\AppData\Local\Programs\MiKTeX 2.9\tex/latex/blindtext
\blindtext.sty"
Package: blindtext 2012/01/06 V2.0 blindtext-Package

("C:\Users\Cyrano Golliez\AppData\Local\Programs\MiKTeX 2.9\tex/latex/tools\xsp
ace.sty"
Package: xspace 2014/10/28 v1.13 Space after command names (DPC,MH)
)
\c@blindtext=\count321
\c@Blindtext=\count322
\c@blind@countparstart=\count323
\blind@countxx=\count324
\blindtext@numBlindtext=\count325
\blind@countyy=\count326
\c@blindlist=\count327
\c@blindlistlevel=\count328
\c@blindlist@level=\count329
\blind@listitem=\count330
\c@blind@listcount=\count331
\c@blind@levelcount=\count332
\blind@mathformula=\count333
\blind@Mathformula=\count334
\c@blind@randomcount=\count335
\c@blind@randommax=\count336
\c@blind@pangramcount=\count337
\c@blind@pangrammax=\count338
)
("C:\Users\Cyrano Golliez\AppData\Local\Programs\MiKTeX 2.9\tex/latex/pgfgantt\
pgfgantt.sty"
Package: pgfgantt 2018/01/10 v5.0 Draw Gantt diagrams with TikZ

("C:\Users\Cyrano Golliez\AppData\Local\Programs\MiKTeX 2.9\tex/generic/pgf/fro
ntendlayer/tikz/libraries\tikzlibraryarrows.code.tex"
File: tikzlibraryarrows.code.tex 2020/01/08 v3.1.5b (3.1.5b)

("C:\Users\Cyrano Golliez\AppData\Local\Programs\MiKTeX 2.9\tex/generic/pgf/lib
raries\pgflibraryarrows.code.tex"
File: pgflibraryarrows.code.tex 2020/01/08 v3.1.5b (3.1.5b)
\arrowsize=\dimen308
))
("C:\Users\Cyrano Golliez\AppData\Local\Programs\MiKTeX 2.9\tex/generic/pgf/fro
ntendlayer/tikz/libraries\tikzlibrarybackgrounds.code.tex"
File: tikzlibrarybackgrounds.code.tex 2020/01/08 v3.1.5b (3.1.5b)
\pgf@layerbox@background=\box117
\pgf@layerboxsaved@background=\box118
)
("C:\Users\Cyrano Golliez\AppData\Local\Programs\MiKTeX 2.9\tex/generic/pgf/fro
ntendlayer/tikz/libraries\tikzlibrarycalc.code.tex"
File: tikzlibrarycalc.code.tex 2020/01/08 v3.1.5b (3.1.5b)
)
("C:\Users\Cyrano Golliez\AppData\Local\Programs\MiKTeX 2.9\tex/generic/pgf/fro
ntendlayer/tikz/libraries\tikzlibrarypatterns.code.tex"
File: tikzlibrarypatterns.code.tex 2020/01/08 v3.1.5b (3.1.5b)

("C:\Users\Cyrano Golliez\AppData\Local\Programs\MiKTeX 2.9\tex/generic/pgf/lib
raries\pgflibrarypatterns.code.tex"
File: pgflibrarypatterns.code.tex 2020/01/08 v3.1.5b (3.1.5b)
))
("C:\Users\Cyrano Golliez\AppData\Local\Programs\MiKTeX 2.9\tex/generic/pgf/fro
ntendlayer/tikz/libraries\tikzlibrarypositioning.code.tex"
File: tikzlibrarypositioning.code.tex 2020/01/08 v3.1.5b (3.1.5b)
)
("C:\Users\Cyrano Golliez\AppData\Local\Programs\MiKTeX 2.9\tex/generic/pgf/fro
ntendlayer/tikz/libraries\tikzlibraryshapes.geometric.code.tex"
File: tikzlibraryshapes.geometric.code.tex 2020/01/08 v3.1.5b (3.1.5b)

("C:\Users\Cyrano Golliez\AppData\Local\Programs\MiKTeX 2.9\tex/generic/pgf/lib
raries/shapes\pgflibraryshapes.geometric.code.tex"
File: pgflibraryshapes.geometric.code.tex 2020/01/08 v3.1.5b (3.1.5b)
))
("C:\Users\Cyrano Golliez\AppData\Local\Programs\MiKTeX 2.9\tex/latex/pgf/utili
ties\pgfcalendar.sty"
("C:\Users\Cyrano Golliez\AppData\Local\Programs\MiKTeX 2.9\tex/generic/pgf/uti
lities\pgfcalendar.code.tex"
File: pgfcalendar.code.tex 2020/01/08 v3.1.5b (3.1.5b)

("C:\Users\Cyrano Golliez\AppData\Local\Programs\MiKTeX 2.9\tex/generic/pgf/mat
h\pgfint.code.tex")
\pgfcalendarcurrentjulian=\count339
\pgf@cal@easter@Y=\count340
\pgf@cal@easter@G=\count341
\pgf@cal@easter@C=\count342
\pgf@cal@easter@X=\count343
\pgf@cal@easter@Z=\count344
\pgf@cal@easter@D=\count345
\pgf@cal@easter@E=\count346
\pgf@cal@easter@N=\count347
\pgf@cal@easter@M=\count348
\pgf@cal@easter@julianday=\count349
))
\gtt@currentline=\count350
\gtt@lasttitleline=\count351
\gtt@currgrid=\count352
\gtt@chartwidth=\count353
\gtt@lasttitleslot=\count354
\gtt@elementid=\count355
\gtt@today@slot=\count356
\gtt@startjulian=\count357
\gtt@endjulian=\count358
\gtt@chartid=\count359
\gtt@vrule@slot=\count360
\gtt@calendar@slots=\count361
\gtt@calendar@weeknumber=\count362
\gtt@calendar@startofweek=\count363
\gtt@left@slot=\count364
\gtt@right@slot=\count365
)
("C:\Users\Cyrano Golliez\AppData\Local\Programs\MiKTeX 2.9\tex/latex/biblatex-
chicago\biblatex-chicago.sty"
Package: biblatex-chicago 2018/01/10 v 3.10 biblatex style

("C:\Users\Cyrano Golliez\AppData\Local\Programs\MiKTeX 2.9\tex/latex/etoolbox\
etoolbox.sty"
Package: etoolbox 2019/09/21 v2.5h e-TeX tools for LaTeX (JAW)
\etb@tempcnta=\count366
)
("C:\Users\Cyrano Golliez\AppData\Local\Programs\MiKTeX 2.9\tex/latex/biblatex\
biblatex.sty"
Package: biblatex 2019/12/01 v3.14 programmable bibliographies (PK/MW)

("C:\Users\Cyrano Golliez\AppData\Local\Programs\MiKTeX 2.9\tex/latex/pdftexcmd
s\pdftexcmds.sty"
Package: pdftexcmds 2019/11/24 v0.31 Utility functions of pdfTeX for LuaTeX (HO
)

("C:\Users\Cyrano Golliez\AppData\Local\Programs\MiKTeX 2.9\tex/generic/infware
rr\infwarerr.sty"
Package: infwarerr 2019/12/03 v1.5 Providing info/warning/error messages (HO)
)
("C:\Users\Cyrano Golliez\AppData\Local\Programs\MiKTeX 2.9\tex/generic/iftex\i
ftex.sty"
Package: iftex 2020/03/06 v1.0d TeX engine tests
)
("C:\Users\Cyrano Golliez\AppData\Local\Programs\MiKTeX 2.9\tex/generic/ltxcmds
\ltxcmds.sty"
Package: ltxcmds 2019/12/15 v1.24 LaTeX kernel commands for general use (HO)
)
Package pdftexcmds Info: \pdf@primitive is available.
Package pdftexcmds Info: \pdf@ifprimitive is available.
Package pdftexcmds Info: \pdfdraftmode found.
)
("C:\Users\Cyrano Golliez\AppData\Local\Programs\MiKTeX 2.9\tex/latex/kvoptions
\kvoptions.sty"
Package: kvoptions 2019/11/29 v3.13 Key value format for package options (HO)

("C:\Users\Cyrano Golliez\AppData\Local\Programs\MiKTeX 2.9\tex/generic/kvsetke
ys\kvsetkeys.sty"
Package: kvsetkeys 2019/12/15 v1.18 Key value parser (HO)
))
("C:\Users\Cyrano Golliez\AppData\Local\Programs\MiKTeX 2.9\tex/latex/logreq\lo
greq.sty"
Package: logreq 2010/08/04 v1.0 xml request logger
\lrq@indent=\count367

("C:\Users\Cyrano Golliez\AppData\Local\Programs\MiKTeX 2.9\tex/latex/logreq\lo
greq.def"
File: logreq.def 2010/08/04 v1.0 logreq spec v1.0
))
("C:\Users\Cyrano Golliez\AppData\Local\Programs\MiKTeX 2.9\tex/latex/url\url.s
ty"
\Urlmuskip=\muskip17
Package: url 2013/09/16  ver 3.4  Verb mode for urls, etc.
)
\c@tabx@nest=\count368
\c@listtotal=\count369
\c@listcount=\count370
\c@liststart=\count371
\c@liststop=\count372
\c@citecount=\count373
\c@citetotal=\count374
\c@multicitecount=\count375
\c@multicitetotal=\count376
\c@instcount=\count377
\c@maxnames=\count378
\c@minnames=\count379
\c@maxitems=\count380
\c@minitems=\count381
\c@citecounter=\count382
\c@maxcitecounter=\count383
\c@savedcitecounter=\count384
\c@uniquelist=\count385
\c@uniquename=\count386
\c@refsection=\count387
\c@refsegment=\count388
\c@maxextratitle=\count389
\c@maxextratitleyear=\count390
\c@maxextraname=\count391
\c@maxextradate=\count392
\c@maxextraalpha=\count393
\c@abbrvpenalty=\count394
\c@highnamepenalty=\count395
\c@lownamepenalty=\count396
\c@maxparens=\count397
\c@parenlevel=\count398
\blx@tempcnta=\count399
\blx@tempcntb=\count400
\blx@tempcntc=\count401
\blx@maxsection=\count402
\blx@maxsegment@0=\count403
\blx@notetype=\count404
\blx@parenlevel@text=\count405
\blx@parenlevel@foot=\count406
\blx@sectionciteorder@0=\count407
\blx@entrysetcounter=\count408
\labelnumberwidth=\skip87
\labelalphawidth=\skip88
\biblabelsep=\skip89
\bibitemsep=\skip90
\bibnamesep=\skip91
\bibinitsep=\skip92
\bibparsep=\skip93
\bibhang=\skip94
\blx@bcfin=\read4
\blx@bcfout=\write4
\blx@langwohyphens=\language78
\c@mincomprange=\count409
\c@maxcomprange=\count410
\c@mincompwidth=\count411
Package biblatex Info: Trying to load biblatex default data model...
Package biblatex Info: ... file 'blx-dm.def' found.

("C:\Users\Cyrano Golliez\AppData\Local\Programs\MiKTeX 2.9\tex/latex/biblatex\
blx-dm.def"
File: blx-dm.def 2019/12/01 v3.14 biblatex localization (PK/MW)
)
Package biblatex Info: Trying to load biblatex style data model...
Package biblatex Info: ... file 'chicago-authordate.dbx' not found.
Package biblatex Info: Trying to load biblatex custom data model...
Package biblatex Info: ... file 'biblatex-dm.cfg' not found.
\c@afterword=\count412
\c@savedafterword=\count413
\c@annotator=\count414
\c@savedannotator=\count415
\c@author=\count416
\c@savedauthor=\count417
\c@bookauthor=\count418
\c@savedbookauthor=\count419
\c@commentator=\count420
\c@savedcommentator=\count421
\c@editor=\count422
\c@savededitor=\count423
\c@editora=\count424
\c@savededitora=\count425
\c@editorb=\count426
\c@savededitorb=\count427
\c@editorc=\count428
\c@savededitorc=\count429
\c@foreword=\count430
\c@savedforeword=\count431
\c@holder=\count432
\c@savedholder=\count433
\c@introduction=\count434
\c@savedintroduction=\count435
\c@namea=\count436
\c@savednamea=\count437
\c@nameb=\count438
\c@savednameb=\count439
\c@namec=\count440
\c@savednamec=\count441
\c@translator=\count442
\c@savedtranslator=\count443
\c@shortauthor=\count444
\c@savedshortauthor=\count445
\c@shorteditor=\count446
\c@savedshorteditor=\count447
\c@labelname=\count448
\c@savedlabelname=\count449
\c@institution=\count450
\c@savedinstitution=\count451
\c@lista=\count452
\c@savedlista=\count453
\c@listb=\count454
\c@savedlistb=\count455
\c@listc=\count456
\c@savedlistc=\count457
\c@listd=\count458
\c@savedlistd=\count459
\c@liste=\count460
\c@savedliste=\count461
\c@listf=\count462
\c@savedlistf=\count463
\c@location=\count464
\c@savedlocation=\count465
\c@organization=\count466
\c@savedorganization=\count467
\c@origlocation=\count468
\c@savedoriglocation=\count469
\c@origpublisher=\count470
\c@savedorigpublisher=\count471
\c@publisher=\count472
\c@savedpublisher=\count473
\c@language=\count474
\c@savedlanguage=\count475
\c@origlanguage=\count476
\c@savedoriglanguage=\count477
\c@pageref=\count478
\c@savedpageref=\count479
\shorthandwidth=\skip95
\shortjournalwidth=\skip96
\shortserieswidth=\skip97
\shorttitlewidth=\skip98
\shortauthorwidth=\skip99
\shorteditorwidth=\skip100
\locallabelnumberwidth=\skip101
\locallabelalphawidth=\skip102
\localshorthandwidth=\skip103
\localshortjournalwidth=\skip104
\localshortserieswidth=\skip105
\localshorttitlewidth=\skip106
\localshortauthorwidth=\skip107
\localshorteditorwidth=\skip108
Package biblatex Info: Trying to load compatibility code...
Package biblatex Info: ... file 'blx-compat.def' found.

("C:\Users\Cyrano Golliez\AppData\Local\Programs\MiKTeX 2.9\tex/latex/biblatex\
blx-compat.def"
File: blx-compat.def 2019/12/01 v3.14 biblatex compatibility (PK/MW)
)
Package biblatex Info: Trying to load generic definitions...
Package biblatex Info: ... file 'biblatex.def' found.

("C:\Users\Cyrano Golliez\AppData\Local\Programs\MiKTeX 2.9\tex/latex/biblatex\
biblatex.def"
File: biblatex.def 2019/12/01 v3.14 biblatex compatibility (PK/MW)
\c@textcitecount=\count480
\c@textcitetotal=\count481
\c@textcitemaxnames=\count482
\c@biburlbigbreakpenalty=\count483
\c@biburlbreakpenalty=\count484
\c@biburlnumpenalty=\count485
\c@biburlucpenalty=\count486
\c@biburllcpenalty=\count487
\biburlbigskip=\muskip18
\biburlnumskip=\muskip19
\biburlucskip=\muskip20
\biburllcskip=\muskip21
\c@smartand=\count488
)
Package biblatex Info: Trying to load bibliography style 'chicago-authordate'..
.
Package biblatex Info: ... file 'chicago-authordate.bbx' found.

("C:\Users\Cyrano Golliez\AppData\Local\Programs\MiKTeX 2.9\tex/latex/biblatex-
chicago/bbx\chicago-authordate.bbx"
File: chicago-authordate.bbx 2018/01/11 v 3.10 biblatex bibliography style
\lositemsep=\skip109
\c@bbx:relatedcount=\count489
\c@bbx:relatedtotal=\count490
)
Package biblatex Info: Trying to load citation style 'chicago-authordate'...
Package biblatex Info: ... file 'chicago-authordate.cbx' found.

("C:\Users\Cyrano Golliez\AppData\Local\Programs\MiKTeX 2.9\tex/latex/biblatex-
chicago/cbx\chicago-authordate.cbx"
File: chicago-authordate.cbx 2018/01/11 v 3.10 biblatex citation style
Package biblatex Info: Trying to load citation style 'chicago-dates-common'...
Package biblatex Info: ... file 'chicago-dates-common.cbx' found.

("C:\Users\Cyrano Golliez\AppData\Local\Programs\MiKTeX 2.9\tex/latex/biblatex-
chicago/cbx\chicago-dates-common.cbx"
File: chicago-dates-common.cbx 2018/01/11 v 3.10 biblatex citation style
Package biblatex Info: Redefining '\cite'.
Package biblatex Info: Redefining '\parencite'.
Package biblatex Info: Redefining '\footcite'.
Package biblatex Info: Redefining '\footcitetext'.
Package biblatex Info: Redefining '\footfullcite'.
Package biblatex Info: Redefining '\fullcite'.
Package biblatex Info: Redefining '\textcite'.
Package biblatex Info: Redefining '\textcites'.
Package biblatex Info: Redefining '\cites'.
Package biblatex Info: Redefining '\parencites'.
Package biblatex Info: Redefining '\footcites'.
Package biblatex Info: Redefining '\footcitetexts'.
Package biblatex Info: Patching 'autolang=other' option.
))
Package biblatex Info: Trying to load configuration file...
Package biblatex Info: ... file 'biblatex.cfg' found.

("C:\Users\Cyrano Golliez\AppData\Local\Programs\MiKTeX 2.9\tex/latex/biblatex\
biblatex.cfg"
File: biblatex.cfg 
)))
("C:\Users\Cyrano Golliez\AppData\Local\Programs\MiKTeX 2.9\tex/latex/minutes\m
inutes.sty"
Package: minutes 2010/03/11 V1.8f minutes.sty


Class scrreprt Warning: Usage of package `minitoc' together
(scrreprt)              with a KOMA-Script class is not recommended.
(scrreprt)              Nevertheless, using requested
(scrreprt)              package `minitoc' on input line 82.


("C:\Users\Cyrano Golliez\AppData\Local\Programs\MiKTeX 2.9\tex/latex/minitoc\m
initoc.sty"
Package: minitoc 2018/07/12 v62 Package minitoc

("C:\Users\Cyrano Golliez\AppData\Local\Programs\MiKTeX 2.9\tex/latex/minitoc\m
tcmess.sty"
Package: mtcmess 2006/03/14
)
Package minitoc Info: I0001
(minitoc)             *** minitoc package, version 62 ***.
\tf@mtc=\write5
\mtcindent=\skip110
\mtcskipamount=\skip111
Package minitoc Info: I0005
(minitoc)             compatible with hyperref.
Package minitoc Info: I0023
(minitoc)             part level macros available.
Package minitoc Info: I0003
(minitoc)             chapter level macros available.
\mtc@toks=\toks49
\mtc@strutbox=\box119
\mtc@hstrutbox=\box120
Package minitoc Info: I0002
(minitoc)             Autoconfiguration of extensions.
\openout5 = `ZPminutes.mtc0'.

\openout5 = `ZPminutes.mtc'.

 (ZPminutes.mtc0)
Package minitoc Info: I0012
(minitoc)             Long extensions (Unix-like) will be used.
Package minitoc Info: I0031
(minitoc)             ==> this version is configured for UNIX-like 
(minitoc)                 (long extensions) file names.
\openout5 = `ZPminutes.mtc'.

\openout5 = `ZPminutes.mtc0'.

\c@mtc=\count491
\c@minitocdepth=\count492
\c@ptc=\count493
\c@parttocdepth=\count494
\ptcindent=\skip112
Package minitoc Info: I0010
(minitoc)             The english language is selected.
(minitoc)              on input line 4910.

("C:\Users\Cyrano Golliez\AppData\Local\Programs\MiKTeX 2.9\tex/latex/minitoc\e
nglish.mld"
File: english.mld 2006/01/13
)
("C:\Users\Cyrano Golliez\AppData\Local\Programs\MiKTeX 2.9\tex/latex/minitoc\e
nglish.mld"
File: english.mld 2006/01/13
))
Class scrreprt Info: Deactivating the `minitoc' workaround for `\@sect',
(scrreprt)           because it is not needed on input line 82.
\c@columns=\count495
\c@min@columns=\count496


Package scrpage2 Warning: you've used pagestyle ``headings''.
(scrpage2)                You should not use this pagestyle with a
(scrpage2)                scrpage2-pagestyle!
(scrpage2)                You should use pagestyle ``useheadings'' instead
(scrpage2)                 on input line 130.

Package minitoc Info: I0024
(minitoc)             PREPARING MINITOCS FROM ZPminutes.toc on input line 155.
Package minitoc Info: I0033
(minitoc)             Writing ZPminutes.mtc1.
\openout5 = `ZPminutes.mtc1'.

Package minitoc Info: I0033
(minitoc)             Writing ZPminutes.mtc2.
\openout5 = `ZPminutes.mtc2'.

\c@min@section=\count497
\c@@pagecount=\count498
\c@minutes@page=\count499
\c@minutes@attachment=\count500
\votelength=\skip113
\responsiblelength=\skip114
)
\@indexfile=\write6
\openout6 = `ZPminutes.idx'.


Writing index file ZPminutes.idx

Package biblatex Warning: 'babel/polyglossia' detected but 'csquotes' missing.
(biblatex)                Loading 'csquotes' recommended.

\@quotelevel=\count501
\@quotereset=\count502

("C:\Users\Cyrano Golliez\AppData\Local\Programs\MiKTeX 2.9\tex/latex/l3backend
\l3backend-pdfmode.def"
File: l3backend-pdfmode.def 2020-03-12 L3 backend support: PDF mode
\l__kernel_color_stack_int=\count503
\l__pdf_internal_box=\box121
) (ZPminutes.aux)
\openout1 = `ZPminutes.aux'.

LaTeX Font Info:    Checking defaults for OML/cmm/m/it on input line 132.
LaTeX Font Info:    ... okay on input line 132.
LaTeX Font Info:    Checking defaults for OMS/cmsy/m/n on input line 132.
LaTeX Font Info:    ... okay on input line 132.
LaTeX Font Info:    Checking defaults for OT1/cmr/m/n on input line 132.
LaTeX Font Info:    ... okay on input line 132.
LaTeX Font Info:    Checking defaults for T1/cmr/m/n on input line 132.
LaTeX Font Info:    ... okay on input line 132.
LaTeX Font Info:    Checking defaults for TS1/cmr/m/n on input line 132.
LaTeX Font Info:    ... okay on input line 132.
LaTeX Font Info:    Checking defaults for OMX/cmex/m/n on input line 132.
LaTeX Font Info:    ... okay on input line 132.
LaTeX Font Info:    Checking defaults for U/cmr/m/n on input line 132.
LaTeX Font Info:    ... okay on input line 132.

("C:\Users\Cyrano Golliez\AppData\Local\Programs\MiKTeX 2.9\tex/context/base/mk
ii\supp-pdf.mkii"
[Loading MPS to PDF converter (version 2006.09.02).]
\scratchcounter=\count504
\scratchdimen=\dimen309
\scratchbox=\box122
\nofMPsegments=\count505
\nofMParguments=\count506
\everyMPshowfont=\toks50
\MPscratchCnt=\count507
\MPscratchDim=\dimen310
\MPnumerator=\count508
\makeMPintoPDFobject=\count509
\everyMPtoPDFconversion=\toks51
)
("C:\Users\Cyrano Golliez\AppData\Local\Programs\MiKTeX 2.9\tex/latex/epstopdf-
pkg\epstopdf-base.sty"
Package: epstopdf-base 2020-01-24 v2.11 Base part for package epstopdf
Package epstopdf-base Info: Redefining graphics rule for `.eps' on input line 4
85.
)
Package caption Info: Begin \AtBeginDocument code.
Package caption Info: subfig package v1.3 is loaded.
Package caption Info: float package is loaded.
Package caption Info: longtable package is loaded.

("C:\Users\Cyrano Golliez\AppData\Local\Programs\MiKTeX 2.9\tex/latex/caption\l
tcaption.sty"
Package: ltcaption 2018/08/26 v1.4a longtable captions (AR)
)
Package caption Info: rotating package is loaded.
Package caption Info: End \AtBeginDocument code.
 ABD: EveryShipout initializing macros

Package pgfplots Warning: running in backwards compatibility mode (unsuitable t
ick labels; missing features). Consider writing \pgfplotsset{compat=1.17} into 
your preamble.
 on input line 132.

Package biblatex Info: Trying to load language 'ngerman' -> 'cms-ngerman'...
Package biblatex Info: ... file 'cms-ngerman.lbx' found.

("C:\Users\Cyrano Golliez\AppData\Local\Programs\MiKTeX 2.9\tex/latex/biblatex-
chicago/lbx\cms-ngerman.lbx"
File: cms-ngerman.lbx 2018/01/09 v 3.10 biblatex localization
Package biblatex Info: Trying to load language 'ngerman'...
Package biblatex Info: ... file 'ngerman.lbx' found.

("C:\Users\Cyrano Golliez\AppData\Local\Programs\MiKTeX 2.9\tex/latex/biblatex/
lbx\ngerman.lbx"
File: ngerman.lbx 2019/12/01 v3.14 biblatex localization (PK/MW)
Package biblatex Info: Trying to load language 'german' -> 'cms-german'...
Package biblatex Info: ... file 'cms-german.lbx' found.

("C:\Users\Cyrano Golliez\AppData\Local\Programs\MiKTeX 2.9\tex/latex/biblatex-
chicago/lbx\cms-german.lbx"
File: cms-german.lbx 2018/01/09 v 3.10 biblatex localization
Package biblatex Info: Trying to load language 'german'...
Package biblatex Info: ... file 'german.lbx' found.

("C:\Users\Cyrano Golliez\AppData\Local\Programs\MiKTeX 2.9\tex/latex/biblatex/
lbx\german.lbx"
File: german.lbx 2019/12/01 v3.14 biblatex localization (PK/MW)
)))
Package biblatex Info: Trying to load language 'ngerman'...
Package biblatex Info: ... file 'ngerman.lbx' found.

("C:\Users\Cyrano Golliez\AppData\Local\Programs\MiKTeX 2.9\tex/latex/biblatex/
lbx\ngerman.lbx"
File: ngerman.lbx 2019/12/01 v3.14 biblatex localization (PK/MW)
Package biblatex Info: Trying to load language 'german' -> 'cms-german'...
Package biblatex Info: ... file 'cms-german.lbx' found.

("C:\Users\Cyrano Golliez\AppData\Local\Programs\MiKTeX 2.9\tex/latex/biblatex-
chicago/lbx\cms-german.lbx"
File: cms-german.lbx 2018/01/09 v 3.10 biblatex localization
Package biblatex Info: Trying to load language 'german'...
Package biblatex Info: ... file 'german.lbx' found.

("C:\Users\Cyrano Golliez\AppData\Local\Programs\MiKTeX 2.9\tex/latex/biblatex/
lbx\german.lbx"
File: german.lbx 2019/12/01 v3.14 biblatex localization (PK/MW)
))))
Package biblatex Info: Trying to load language 'english'...
Package biblatex Info: ... file 'english.lbx' found.

("C:\Users\Cyrano Golliez\AppData\Local\Programs\MiKTeX 2.9\tex/latex/biblatex/
lbx\english.lbx"
File: english.lbx 2019/12/01 v3.14 biblatex localization (PK/MW)
)
Package biblatex Info: Input encoding 'utf8' detected.
Package biblatex Info: Automatic encoding selection.
(biblatex)             Assuming data encoding 'utf8'.
\openout4 = `ZPminutes.bcf'.

Package biblatex Info: Trying to load bibliographic data...
Package biblatex Info: ... file 'ZPminutes.bbl' not found.

No file ZPminutes.bbl.
Package biblatex Info: Reference section=0 on input line 132.
Package biblatex Info: Reference segment=0 on input line 132.
\c@minilofdepth=\count510
\c@minilotdepth=\count511
\c@partlofdepth=\count512
\c@partlotdepth=\count513
\c@sectlofdepth=\count514
\c@sectlotdepth=\count515
Package minitoc(hints) Info: I0049
(minitoc(hints))             ==> You requested the hints option. 
(minitoc(hints))             Some hints are eventually given below.
Package minitoc(hints) Info: I0043
(minitoc(hints))             --- The KOMAScript scrreprt class is loaded. 
(minitoc(hints))             See the minitoc package documentation 
(minitoc(hints))             for specific precautions.

Package minitoc(hints) Warning: W0028
(minitoc(hints))                --- The \chapter command is altered 
(minitoc(hints))                after minitoc.

LaTeX Font Info:    Trying to load font information for T1+cmss on input line 1
52.

("C:\Users\Cyrano Golliez\AppData\Local\Programs\MiKTeX 2.9\tex/latex/base\t1cm
ss.fd"
File: t1cmss.fd 2019/12/16 v2.5j Standard LaTeX font definitions
)
Overfull \hbox (2.21983pt too wide) in paragraph at lines 155--156
[][] 
 []

LaTeX Font Info:    Trying to load font information for U+msa on input line 156
.

("C:\Users\Cyrano Golliez\AppData\Local\Programs\MiKTeX 2.9\tex/latex/amsfonts\
umsa.fd"
File: umsa.fd 2013/01/14 v3.01 AMS symbols A
)
LaTeX Font Info:    Trying to load font information for U+msb on input line 156
.

("C:\Users\Cyrano Golliez\AppData\Local\Programs\MiKTeX 2.9\tex/latex/amsfonts\
umsb.fd"
File: umsb.fd 2013/01/14 v3.01 AMS symbols B
)
Underfull \hbox (badness 10000) in paragraph at lines 180--181

 []

[1

{C:/Users/Cyrano Golliez/AppData/Local/MiKTeX/2.9/pdftex/config/pdftex.map}]
chapter 1.

Class scrreprt Warning: \float@addtolists detected!
(scrreprt)              Implementation of \float@addtolist became
(scrreprt)              deprecated in KOMA-Script v3.01 2008/11/14 and
(scrreprt)              has been replaced by several more flexible
(scrreprt)              features of package `tocbasic`.
(scrreprt)              Since Version 3.12 support for deprecated
(scrreprt)              \float@addtolist interface has been
(scrreprt)              restricted to only some of the KOMA-Script
(scrreprt)              features and been removed from others.
(scrreprt)              Loading of package `scrhack' may help to
(scrreprt)              avoid this warning, if you are using a
(scrreprt)              a package that still implements the
(scrreprt)              deprecated \float@addtolist interface .

\openout5 = `ZPminutes.mtc'.

\openout5 = `ZPminutes.mtc'.


Overfull \hbox (10.88788pt too wide) in paragraph at lines 196--196
[][][]  
 []

(ZPminutes.mtc1)
Overfull \hbox (10.88788pt too wide) in paragraph at lines 196--196
[][]  
 []

[2

]
Underfull \hbox (badness 10000) in paragraph at lines 219--221

 []


Underfull \hbox (badness 10000) in paragraph at lines 221--223

 []

[3] [4]

LaTeX Warning: `h' float specifier changed to `ht'.

[5] [6]
chapter A.
(ZPminutes.minDec)
\tf@minDec=\write7
\openout7 = `ZPminutes.minDec'.

 (ZPminutes.minTsk)
\tf@minTsk=\write8
\openout8 = `ZPminutes.minTsk'.

 (ZPminutes.minAtt)
\tf@minAtt=\write9
\openout9 = `ZPminutes.minAtt'.

 [7

]
Package minitoc Info: I0009
(minitoc)             Listing minitoc auxiliary files. 
(minitoc)             Creating the ZPminutes.maf file.
\openout5 = `ZPminutes.maf'.



Package minitoc(hints) Warning: W0068
(minitoc(hints))                You have used \minitoc but not 
(minitoc(hints))                \tableofcontents
(minitoc(hints))                nor \faketableofcontents.

Package minitoc(hints) Info: I0053
(minitoc(hints))             You have loaded the float package; 
(minitoc(hints))             please be aware that the minitoc package 
(minitoc(hints))             facilities can not be used for new types 
(minitoc(hints))             of floats defined by the float package.

Package minitoc(hints) Warning: W0024
(minitoc(hints))                Some hints have been written 
(minitoc(hints))                in the ZPminutes.log file.

\tf@toc=\write10
\openout10 = `ZPminutes.toc'.

[10

] (ZPminutes.aux)
Package logreq Info: Writing requests to 'ZPminutes.run.xml'.
\openout1 = `ZPminutes.run.xml'.

 ) 
Here is how much of TeX's memory you used:
 42674 strings out of 480934
 988021 string characters out of 2895703
 2150169 words of memory out of 3000000
 57664 multiletter control sequences out of 15000+200000
 553113 words of font info for 70 fonts, out of 3000000 for 9000
 1145 hyphenation exceptions out of 8191
 81i,11n,131p,10106b,8293s stack positions out of 5000i,500n,10000p,200000b,50000s
 <C:\Users\Cyrano Golliez\AppData\Local\MiKTeX\2.9\fonts/pk/ljfour/jknappen/e
c/dpi600\ecrm0600.pk> <C:\Users\Cyrano Golliez\AppData\Local\MiKTeX\2.9\fonts/p
k/ljfour/jknappen/ec/dpi600\ecrm0900.pk> <C:\Users\Cyrano Golliez\AppData\Local
\MiKTeX\2.9\fonts/pk/ljfour/jknappen/ec/dpi600\tcbx1095.pk> <C:\Users\Cyrano Go
lliez\AppData\Local\MiKTeX\2.9\fonts/pk/ljfour/jknappen/ec/dpi600\tcrm1095.pk> 
<C:\Users\Cyrano Golliez\AppData\Local\MiKTeX\2.9\fonts/pk/ljfour/jknappen/ec/d
pi600\eccc1095.pk> <C:\Users\Cyrano Golliez\AppData\Local\MiKTeX\2.9\fonts/pk/l
jfour/jknappen/ec/dpi600\ecrm0800.pk> <C:\Users\Cyrano Golliez\AppData\Local\Mi
KTeX\2.9\fonts/pk/ljfour/jknappen/ec/dpi600\ecbx1095.pk> <C:\Users\Cyrano Golli
ez\AppData\Local\MiKTeX\2.9\fonts/pk/ljfour/jknappen/ec/dpi600\ecti1095.pk> <C:
\Users\Cyrano Golliez\AppData\Local\MiKTeX\2.9\fonts/pk/ljfour/jknappen/ec/dpi6
00\ecsl1095.pk> <C:\Users\Cyrano Golliez\AppData\Local\MiKTeX\2.9\fonts/pk/ljfo
ur/jknappen/ec/dpi600\ecsx1200.pk> <C:\Users\Cyrano Golliez\AppData\Local\MiKTe
X\2.9\fonts/pk/ljfour/jknappen/ec/dpi600\ecrm1000.pk> <C:\Users\Cyrano Golliez\
AppData\Local\MiKTeX\2.9\fonts/pk/ljfour/jknappen/ec/dpi600\ecbx1000.pk> <C:\Us
ers\Cyrano Golliez\AppData\Local\MiKTeX\2.9\fonts/pk/ljfour/jknappen/ec/dpi600\
ecbx1200.pk> <C:\Users\Cyrano Golliez\AppData\Local\MiKTeX\2.9\fonts/pk/ljfour/
jknappen/ec/dpi600\ecsx1095.pk> <C:\Users\Cyrano Golliez\AppData\Local\MiKTeX\2
.9\fonts/pk/ljfour/jknappen/ec/dpi600\ecsx1440.pk> <C:\Users\Cyrano Golliez\App
Data\Local\MiKTeX\2.9\fonts/pk/ljfour/jknappen/ec/dpi600\ecrm1095.pk> <C:\Users
\Cyrano Golliez\AppData\Local\MiKTeX\2.9\fonts/pk/ljfour/jknappen/ec/dpi600\ecs
s0800.pk> <C:\Users\Cyrano Golliez\AppData\Local\MiKTeX\2.9\fonts/pk/ljfour/jkn
appen/ec/dpi600\ecsx0800.pk><C:/Users/Cyrano Golliez/AppData/Local/Programs/MiK
TeX 2.9/fonts/type1/public/amsfonts/cm/cmmi10.pfb><C:/Users/Cyrano Golliez/AppD
ata/Local/Programs/MiKTeX 2.9/fonts/type1/public/amsfonts/cm/cmsy10.pfb>
Output written on ZPminutes.pdf (8 pages, 171691 bytes).
PDF statistics:
 526 PDF objects out of 1000 (max. 8388607)
 0 named destinations out of 1000 (max. 500000)
 13 words of extra memory for PDF output out of 10000 (max. 10000000)

