This is pdfTeX, Version 3.14159265-2.6-1.40.21 (MiKTeX 2.9.7300 64-bit) (preloaded format=pdflatex 2020.3.17)  4 APR 2020 12:31
entering extended mode
**./main.tex
(main.tex
LaTeX2e <2020-02-02> patch level 5
L3 programming layer <2020-03-06> (IBI-Preamble.tex
("C:\Users\Cyrano Golliez\AppData\Local\Programs\MiKTeX 2.9\tex/latex/koma-scri
pt\scrreprt.cls"
Document Class: scrreprt 2020/01/24 v3.29 KOMA-Script document class (report)

("C:\Users\Cyrano Golliez\AppData\Local\Programs\MiKTeX 2.9\tex/latex/koma-scri
pt\scrkbase.sty"
Package: scrkbase 2020/01/24 v3.29 KOMA-Script package (KOMA-Script-dependent b
asics and keyval usage)

("C:\Users\Cyrano Golliez\AppData\Local\Programs\MiKTeX 2.9\tex/latex/koma-scri
pt\scrbase.sty"
Package: scrbase 2020/01/24 v3.29 KOMA-Script package (KOMA-Script-independent 
basics and keyval usage)

("C:\Users\Cyrano Golliez\AppData\Local\Programs\MiKTeX 2.9\tex/latex/graphics\
keyval.sty"
Package: keyval 2014/10/28 v1.15 key=value parser (DPC)
\KV@toks@=\toks15
)
("C:\Users\Cyrano Golliez\AppData\Local\Programs\MiKTeX 2.9\tex/latex/koma-scri
pt\scrlfile.sty"
Package: scrlfile 2020/01/24 v3.29 KOMA-Script package (loading files)
)))
("C:\Users\Cyrano Golliez\AppData\Local\Programs\MiKTeX 2.9\tex/latex/koma-scri
pt\tocbasic.sty"
Package: tocbasic 2020/01/24 v3.29 KOMA-Script package (handling toc-files)
\scr@dte@tocline@numberwidth=\skip47
\scr@dte@tocline@numbox=\box45
)
Package tocbasic Info: omitting babel extension for `toc'
(tocbasic)             because of feature `nobabel' available
(tocbasic)             for `toc' on input line 137.
Class scrreprt Info: File `scrsize11pt.clo' used to setup font sizes on input l
ine 2421.

("C:\Users\Cyrano Golliez\AppData\Local\Programs\MiKTeX 2.9\tex/latex/koma-scri
pt\scrsize11pt.clo"
File: scrsize11pt.clo 2020/01/24 v3.29 KOMA-Script font size class option (11pt
)
)
("C:\Users\Cyrano Golliez\AppData\Local\Programs\MiKTeX 2.9\tex/latex/koma-scri
pt\typearea.sty"
Package: typearea 2020/01/24 v3.29 KOMA-Script package (type area)
\ta@bcor=\skip48
\ta@div=\count167
\ta@hblk=\skip49
\ta@vblk=\skip50
\ta@temp=\skip51
\footheight=\skip52
Package typearea Info: These are the values describing the layout:
(typearea)             DIV  = 12
(typearea)             BCOR = 28.45274pt
(typearea)             \paperwidth      = 597.50793pt
(typearea)              \textwidth      = 426.7914pt
(typearea)              DIV departure   = -8%
(typearea)              \evensidemargin = 22.57254pt
(typearea)              \oddsidemargin  = 3.60402pt
(typearea)             \paperheight     = 845.04694pt
(typearea)              \textheight     = 636.60028pt
(typearea)              \topmargin      = -39.24942pt
(typearea)              \headheight     = 17.0pt
(typearea)              \headsep        = 20.40001pt
(typearea)              \topskip        = 11.0pt
(typearea)              \footskip       = 47.6pt
(typearea)              \baselineskip   = 13.6pt
(typearea)              on input line 1719.
)
\c@part=\count168
\c@chapter=\count169
\c@section=\count170
\c@subsection=\count171
\c@subsubsection=\count172
\c@paragraph=\count173
\c@subparagraph=\count174
\scr@dte@chapter@maxnumwidth=\skip53
Class scrreprt Info: using compatibility default `afterindent=bysign'
(scrreprt)           for `\chapter on input line 5547.
\scr@dte@section@maxnumwidth=\skip54
Class scrreprt Info: using compatibility default `runin=bysign'
(scrreprt)           for `\section on input line 5557.
Class scrreprt Info: using compatibility default `afterindent=bysign'
(scrreprt)           for `\section on input line 5557.
\scr@dte@part@maxnumwidth=\skip55
Class scrreprt Info: using compatibility default `afterindent=true'
(scrreprt)           for `\part on input line 5566.
\scr@dte@subsection@maxnumwidth=\skip56
Class scrreprt Info: using compatibility default `runin=bysign'
(scrreprt)           for `\subsection on input line 5576.
Class scrreprt Info: using compatibility default `afterindent=bysign'
(scrreprt)           for `\subsection on input line 5576.
\scr@dte@subsubsection@maxnumwidth=\skip57
Class scrreprt Info: using compatibility default `runin=bysign'
(scrreprt)           for `\subsubsection on input line 5586.
Class scrreprt Info: using compatibility default `afterindent=bysign'
(scrreprt)           for `\subsubsection on input line 5586.
\scr@dte@paragraph@maxnumwidth=\skip58
Class scrreprt Info: using compatibility default `runin=bysign'
(scrreprt)           for `\paragraph on input line 5596.
Class scrreprt Info: using compatibility default `afterindent=bysign'
(scrreprt)           for `\paragraph on input line 5596.
\scr@dte@subparagraph@maxnumwidth=\skip59
Class scrreprt Info: using compatibility default `runin=bysign'
(scrreprt)           for `\subparagraph on input line 5606.
Class scrreprt Info: using compatibility default `afterindent=bysign'
(scrreprt)           for `\subparagraph on input line 5606.
\abovecaptionskip=\skip60
\belowcaptionskip=\skip61
\c@pti@nb@sid@b@x=\box46
Package tocbasic Info: omitting babel extension for `lof'
(tocbasic)             because of feature `nobabel' available
(tocbasic)             for `lof' on input line 6842.
\scr@dte@figure@maxnumwidth=\skip62
\c@figure=\count175
Package tocbasic Info: omitting babel extension for `lot'
(tocbasic)             because of feature `nobabel' available
(tocbasic)             for `lot' on input line 6859.
\scr@dte@table@maxnumwidth=\skip63
\c@table=\count176
Class scrreprt Info: Redefining `\numberline' on input line 7028.
\bibindent=\dimen134
)
("C:\Users\Cyrano Golliez\AppData\Local\Programs\MiKTeX 2.9\tex/latex/base\inpu
tenc.sty"
Package: inputenc 2018/08/11 v1.3c Input encoding file
\inpenc@prehook=\toks16
\inpenc@posthook=\toks17
)
("C:\Users\Cyrano Golliez\AppData\Local\Programs\MiKTeX 2.9\tex/latex/base\font
enc.sty"
Package: fontenc 2020/02/11 v2.0o Standard LaTeX package
)
("C:\Users\Cyrano Golliez\AppData\Local\Programs\MiKTeX 2.9\tex/generic/babel\b
abel.sty"
Package: babel 2020/02/28 3.41 The Babel package

("C:\Users\Cyrano Golliez\AppData\Local\Programs\MiKTeX 2.9\tex/generic/babel\s
witch.def"
File: switch.def 2020/02/28 3.41 Babel switching mechanism
)
*************************************
* Local config file bblopts.cfg used
*

("C:\Users\Cyrano Golliez\AppData\Local\Programs\MiKTeX 2.9\tex/latex/arabi\bbl
opts.cfg"
File: bblopts.cfg 2005/09/08 v0.1 add Arabic and Farsi to "declared" options of
 babel
)
("C:\Users\Cyrano Golliez\AppData\Local\Programs\MiKTeX 2.9\tex/latex/babel-ger
man\ngerman.ldf"
Language: ngerman 2018/12/08 v2.11 German support for babel (post-1996 orthogra
phy)

("C:\Users\Cyrano Golliez\AppData\Local\Programs\MiKTeX 2.9\tex/latex/babel-ger
man\ngermanb.ldf"
Language: ngermanb 2018/12/08 v2.11 German support for babel (post-1996 orthogr
aphy)

("C:\Users\Cyrano Golliez\AppData\Local\Programs\MiKTeX 2.9\tex/generic/babel\b
abel.def"
File: babel.def 2020/02/28 3.41 Babel common definitions
\babel@savecnt=\count177
\U@D=\dimen135

("C:\Users\Cyrano Golliez\AppData\Local\Programs\MiKTeX 2.9\tex/generic/babel\t
xtbabel.def")
\bbl@readstream=\read2
\bbl@dirlevel=\count178
)
Package babel Info: Making " an active character on input line 121.
)))
("C:\Users\Cyrano Golliez\AppData\Local\Programs\MiKTeX 2.9\tex/latex/koma-scri
pt\scrpage2.sty"
Package: scrpage2 2020/01/24 v3.29 KOMA-Script package (page head and foot)


Package scrpage2 Warning: usage of obsolete package!
(scrpage2)                Package `scrpage2' is obsolete.
(scrpage2)                You should not longer use package `scrpage2'.
(scrpage2)                You should replace usage of package `scrpage2'
(scrpage2)                by `scrlayer-scrpage' on input line 52.

LaTeX Info: Redefining \pagemark on input line 180.
)
("C:\Users\Cyrano Golliez\AppData\Local\Programs\MiKTeX 2.9\tex/latex/graphics\
graphicx.sty"
Package: graphicx 2019/11/30 v1.2a Enhanced LaTeX Graphics (DPC,SPQR)

("C:\Users\Cyrano Golliez\AppData\Local\Programs\MiKTeX 2.9\tex/latex/graphics\
graphics.sty"
Package: graphics 2019/11/30 v1.4a Standard LaTeX Graphics (DPC,SPQR)

("C:\Users\Cyrano Golliez\AppData\Local\Programs\MiKTeX 2.9\tex/latex/graphics\
trig.sty"
Package: trig 2016/01/03 v1.10 sin cos tan (DPC)
)
("C:\Users\Cyrano Golliez\AppData\Local\Programs\MiKTeX 2.9\tex/latex/graphics-
cfg\graphics.cfg"
File: graphics.cfg 2016/06/04 v1.11 sample graphics configuration
)
Package graphics Info: Driver file: pdftex.def on input line 105.

("C:\Users\Cyrano Golliez\AppData\Local\Programs\MiKTeX 2.9\tex/latex/graphics-
def\pdftex.def"
File: pdftex.def 2018/01/08 v1.0l Graphics/color driver for pdftex
))
\Gin@req@height=\dimen136
\Gin@req@width=\dimen137
)
("C:\Users\Cyrano Golliez\AppData\Local\Programs\MiKTeX 2.9\tex/latex/adjustbox
\adjustbox.sty"
Package: adjustbox 2019/01/04 v1.2 Adjusting TeX boxes (trim, clip, ...)

("C:\Users\Cyrano Golliez\AppData\Local\Programs\MiKTeX 2.9\tex/latex/xkeyval\x
keyval.sty"
Package: xkeyval 2014/12/03 v2.7a package option processing (HA)

("C:\Users\Cyrano Golliez\AppData\Local\Programs\MiKTeX 2.9\tex/generic/xkeyval
\xkeyval.tex"
("C:\Users\Cyrano Golliez\AppData\Local\Programs\MiKTeX 2.9\tex/generic/xkeyval
\xkvutils.tex"
\XKV@toks=\toks18
\XKV@tempa@toks=\toks19
)
\XKV@depth=\count179
File: xkeyval.tex 2014/12/03 v2.7a key=value parser (HA)
))
("C:\Users\Cyrano Golliez\AppData\Local\Programs\MiKTeX 2.9\tex/latex/adjustbox
\adjcalc.sty"
Package: adjcalc 2012/05/16 v1.1 Provides advanced setlength with multiple back
-ends (calc, etex, pgfmath)
)
("C:\Users\Cyrano Golliez\AppData\Local\Programs\MiKTeX 2.9\tex/latex/adjustbox
\trimclip.sty"
Package: trimclip 2018/04/08 v1.1 Trim and clip general TeX material

("C:\Users\Cyrano Golliez\AppData\Local\Programs\MiKTeX 2.9\tex/latex/collectbo
x\collectbox.sty"
Package: collectbox 2012/05/17 v0.4b Collect macro arguments as boxes
\collectedbox=\box47
)
\tc@llx=\dimen138
\tc@lly=\dimen139
\tc@urx=\dimen140
\tc@ury=\dimen141
Package trimclip Info: Using driver 'tc-pdftex.def'.

("C:\Users\Cyrano Golliez\AppData\Local\Programs\MiKTeX 2.9\tex/latex/adjustbox
\tc-pdftex.def"
File: tc-pdftex.def 2019/01/04 v2.2 Clipping driver for pdftex
))
\adjbox@Width=\dimen142
\adjbox@Height=\dimen143
\adjbox@Depth=\dimen144
\adjbox@Totalheight=\dimen145
\adjbox@pwidth=\dimen146
\adjbox@pheight=\dimen147
\adjbox@pdepth=\dimen148
\adjbox@ptotalheight=\dimen149

("C:\Users\Cyrano Golliez\AppData\Local\Programs\MiKTeX 2.9\tex/latex/ifoddpage
\ifoddpage.sty"
Package: ifoddpage 2016/04/23 v1.1 Conditionals for odd/even page detection
\c@checkoddpage=\count180
)
("C:\Users\Cyrano Golliez\AppData\Local\Programs\MiKTeX 2.9\tex/latex/varwidth\
varwidth.sty"
Package: varwidth 2009/03/30 ver 0.92;  Variable-width minipages
\@vwid@box=\box48
\sift@deathcycles=\count181
\@vwid@loff=\dimen150
\@vwid@roff=\dimen151
))
("C:\Users\Cyrano Golliez\AppData\Local\Programs\MiKTeX 2.9\tex/latex/xcolor\xc
olor.sty"
Package: xcolor 2016/05/11 v2.12 LaTeX color extensions (UK)

("C:\Users\Cyrano Golliez\AppData\Local\Programs\MiKTeX 2.9\tex/latex/graphics-
cfg\color.cfg"
File: color.cfg 2016/01/02 v1.6 sample color configuration
)
Package xcolor Info: Driver file: pdftex.def on input line 225.
Package xcolor Info: Model `cmy' substituted by `cmy0' on input line 1348.
Package xcolor Info: Model `hsb' substituted by `rgb' on input line 1352.
Package xcolor Info: Model `RGB' extended on input line 1364.
Package xcolor Info: Model `HTML' substituted by `rgb' on input line 1366.
Package xcolor Info: Model `Hsb' substituted by `hsb' on input line 1367.
Package xcolor Info: Model `tHsb' substituted by `hsb' on input line 1368.
Package xcolor Info: Model `HSB' substituted by `hsb' on input line 1369.
Package xcolor Info: Model `Gray' substituted by `gray' on input line 1370.
Package xcolor Info: Model `wave' substituted by `hsb' on input line 1371.
)
("C:\Users\Cyrano Golliez\AppData\Local\Programs\MiKTeX 2.9\tex/latex/enumitem\
enumitem.sty"
Package: enumitem 2019/06/20 v3.9 Customized lists
\labelindent=\skip64
\enit@outerparindent=\dimen152
\enit@toks=\toks20
\enit@inbox=\box49
\enit@count@id=\count182
\enitdp@description=\count183
)
("C:\Users\Cyrano Golliez\AppData\Local\Programs\MiKTeX 2.9\tex/latex/tools\mul
ticol.sty"
Package: multicol 2019/12/09 v1.8y multicolumn formatting (FMi)
\c@tracingmulticols=\count184
\mult@box=\box50
\multicol@leftmargin=\dimen153
\c@unbalance=\count185
\c@collectmore=\count186
\doublecol@number=\count187
\multicoltolerance=\count188
\multicolpretolerance=\count189
\full@width=\dimen154
\page@free=\dimen155
\premulticols=\dimen156
\postmulticols=\dimen157
\multicolsep=\skip65
\multicolbaselineskip=\skip66
\partial@page=\box51
\last@line=\box52
\maxbalancingoverflow=\dimen158
\mult@rightbox=\box53
\mult@grightbox=\box54
\mult@gfirstbox=\box55
\mult@firstbox=\box56
\@tempa=\box57
\@tempa=\box58
\@tempa=\box59
\@tempa=\box60
\@tempa=\box61
\@tempa=\box62
\@tempa=\box63
\@tempa=\box64
\@tempa=\box65
\@tempa=\box66
\@tempa=\box67
\@tempa=\box68
\@tempa=\box69
\@tempa=\box70
\@tempa=\box71
\@tempa=\box72
\@tempa=\box73
\@tempa=\box74
\@tempa=\box75
\@tempa=\box76
\@tempa=\box77
\@tempa=\box78
\@tempa=\box79
\@tempa=\box80
\@tempa=\box81
\@tempa=\box82
\@tempa=\box83
\@tempa=\box84
\@tempa=\box85
\@tempa=\box86
\@tempa=\box87
\@tempa=\box88
\@tempa=\box89
\@tempa=\box90
\@tempa=\box91
\@tempa=\box92
\@tempa=\box93
\c@minrows=\count190
\c@columnbadness=\count191
\c@finalcolumnbadness=\count192
\last@try=\dimen159
\multicolovershoot=\dimen160
\multicolundershoot=\dimen161
\mult@nat@firstbox=\box94
\colbreak@box=\box95
\mc@col@check@num=\count193
)
("C:\Users\Cyrano Golliez\AppData\Local\Programs\MiKTeX 2.9\tex/latex/subfig\su
bfig.sty"
Package: subfig 2005/06/28 ver: 1.3 subfig package

("C:\Users\Cyrano Golliez\AppData\Local\Programs\MiKTeX 2.9\tex/latex/caption\c
aption.sty"
Package: caption 2020/01/03 v3.4h Customizing captions (AR)

("C:\Users\Cyrano Golliez\AppData\Local\Programs\MiKTeX 2.9\tex/latex/caption\c
aption3.sty"
Package: caption3 2020/01/03 v1.8h caption3 kernel (AR)
Package caption3 Info: TeX engine: e-TeX on input line 61.
\captionmargin=\dimen162
\captionmargin@=\dimen163
\captionwidth=\dimen164
\caption@tempdima=\dimen165
\caption@indent=\dimen166
\caption@parindent=\dimen167
\caption@hangindent=\dimen168
Package caption Info: KOMA-Script document class detected.
)
Package caption Info: KOMA-Script document class.
\c@caption@flags=\count194
\c@continuedfloat=\count195
)
\c@KVtest=\count196
\sf@farskip=\skip67
\sf@captopadj=\dimen169
\sf@capskip=\skip68
\sf@nearskip=\skip69
\c@subfigure=\count197
\c@subfigure@save=\count198
\c@lofdepth=\count199
\c@subtable=\count266
\c@subtable@save=\count267
\c@lotdepth=\count268
\sf@top=\skip70
\sf@bottom=\skip71
)
("C:\Users\Cyrano Golliez\AppData\Local\Programs\MiKTeX 2.9\tex/latex/graphics\
rotating.sty"
Package: rotating 2016/08/11 v2.16d rotated objects in LaTeX

("C:\Users\Cyrano Golliez\AppData\Local\Programs\MiKTeX 2.9\tex/latex/base\ifth
en.sty"
Package: ifthen 2014/09/29 v1.1c Standard LaTeX ifthen package (DPC)
)
\c@r@tfl@t=\count269
\rotFPtop=\skip72
\rotFPbot=\skip73
\rot@float@box=\box96
\rot@mess@toks=\toks21
)
("C:\Users\Cyrano Golliez\AppData\Local\Programs\MiKTeX 2.9\tex/latex/tools\lon
gtable.sty"
Package: longtable 2020/01/07 v4.13 Multi-page Table package (DPC)
\LTleft=\skip74
\LTright=\skip75
\LTpre=\skip76
\LTpost=\skip77
\LTchunksize=\count270
\LTcapwidth=\dimen170
\LT@head=\box97
\LT@firsthead=\box98
\LT@foot=\box99
\LT@lastfoot=\box100
\LT@cols=\count271
\LT@rows=\count272
\c@LT@tables=\count273
\c@LT@chunks=\count274
\LT@p@ftn=\toks22
)
Class scrreprt Info: longtable captions redefined on input line 50.

("C:\Users\Cyrano Golliez\AppData\Local\Programs\MiKTeX 2.9\tex/latex/tools\arr
ay.sty"
Package: array 2019/08/31 v2.4l Tabular extension package (FMi)
\col@sep=\dimen171
\ar@mcellbox=\box101
\extrarowheight=\dimen172
\NC@list=\toks23
\extratabsurround=\skip78
\backup@length=\skip79
\ar@cellbox=\box102
)
("C:\Users\Cyrano Golliez\AppData\Local\Programs\MiKTeX 2.9\tex/latex/tools\tab
ularx.sty"
Package: tabularx 2020/01/15 v2.11c `tabularx' package (DPC)
\TX@col@width=\dimen173
\TX@old@table=\dimen174
\TX@old@col=\dimen175
\TX@target=\dimen176
\TX@delta=\dimen177
\TX@cols=\count275
\TX@ftn=\toks24
)
("C:\Users\Cyrano Golliez\AppData\Local\Programs\MiKTeX 2.9\tex/latex/booktabs\
booktabs.sty"
Package: booktabs 2020/01/12 v1.61803398 Publication quality tables
\heavyrulewidth=\dimen178
\lightrulewidth=\dimen179
\cmidrulewidth=\dimen180
\belowrulesep=\dimen181
\belowbottomsep=\dimen182
\aboverulesep=\dimen183
\abovetopsep=\dimen184
\cmidrulesep=\dimen185
\cmidrulekern=\dimen186
\defaultaddspace=\dimen187
\@cmidla=\count276
\@cmidlb=\count277
\@aboverulesep=\dimen188
\@belowrulesep=\dimen189
\@thisruleclass=\count278
\@lastruleclass=\count279
\@thisrulewidth=\dimen190
)
("C:\Users\Cyrano Golliez\AppData\Local\Programs\MiKTeX 2.9\tex/latex/float\flo
at.sty"
Package: float 2001/11/08 v1.3d Float enhancements (AL)
\c@float@type=\count280
\float@exts=\toks25
\float@box=\box103
\@float@everytoks=\toks26
\@floatcapt=\box104
)
("C:\Users\Cyrano Golliez\AppData\Local\Programs\MiKTeX 2.9\tex/latex/amsmath\a
msmath.sty"
Package: amsmath 2020/01/20 v2.17e AMS math features
\@mathmargin=\skip80

For additional information on amsmath, use the `?' option.

("C:\Users\Cyrano Golliez\AppData\Local\Programs\MiKTeX 2.9\tex/latex/amsmath\a
mstext.sty"
Package: amstext 2000/06/29 v2.01 AMS text

("C:\Users\Cyrano Golliez\AppData\Local\Programs\MiKTeX 2.9\tex/latex/amsmath\a
msgen.sty"
File: amsgen.sty 1999/11/30 v2.0 generic functions
\@emptytoks=\toks27
\ex@=\dimen191
))
("C:\Users\Cyrano Golliez\AppData\Local\Programs\MiKTeX 2.9\tex/latex/amsmath\a
msbsy.sty"
Package: amsbsy 1999/11/29 v1.2d Bold Symbols
\pmbraise@=\dimen192
)
("C:\Users\Cyrano Golliez\AppData\Local\Programs\MiKTeX 2.9\tex/latex/amsmath\a
msopn.sty"
Package: amsopn 2016/03/08 v2.02 operator names
)
\inf@bad=\count281
LaTeX Info: Redefining \frac on input line 227.
\uproot@=\count282
\leftroot@=\count283
LaTeX Info: Redefining \overline on input line 389.
\classnum@=\count284
\DOTSCASE@=\count285
LaTeX Info: Redefining \ldots on input line 486.
LaTeX Info: Redefining \dots on input line 489.
LaTeX Info: Redefining \cdots on input line 610.
\Mathstrutbox@=\box105
\strutbox@=\box106
\big@size=\dimen193
LaTeX Font Info:    Redeclaring font encoding OML on input line 733.
LaTeX Font Info:    Redeclaring font encoding OMS on input line 734.
\macc@depth=\count286
\c@MaxMatrixCols=\count287
\dotsspace@=\muskip16
\c@parentequation=\count288
\dspbrk@lvl=\count289
\tag@help=\toks28
\row@=\count290
\column@=\count291
\maxfields@=\count292
\andhelp@=\toks29
\eqnshift@=\dimen194
\alignsep@=\dimen195
\tagshift@=\dimen196
\tagwidth@=\dimen197
\totwidth@=\dimen198
\lineht@=\dimen199
\@envbody=\toks30
\multlinegap=\skip81
\multlinetaggap=\skip82
\mathdisplay@stack=\toks31
LaTeX Info: Redefining \[ on input line 2859.
LaTeX Info: Redefining \] on input line 2860.
)
("C:\Users\Cyrano Golliez\AppData\Local\Programs\MiKTeX 2.9\tex/latex/amsfonts\
amssymb.sty"
Package: amssymb 2013/01/14 v3.01 AMS font symbols

("C:\Users\Cyrano Golliez\AppData\Local\Programs\MiKTeX 2.9\tex/latex/amsfonts\
amsfonts.sty"
Package: amsfonts 2013/01/14 v3.01 Basic AMSFonts support
\symAMSa=\mathgroup4
\symAMSb=\mathgroup5
LaTeX Font Info:    Redeclaring math symbol \hbar on input line 98.
LaTeX Font Info:    Overwriting math alphabet `\mathfrak' in version `bold'
(Font)                  U/euf/m/n --> U/euf/b/n on input line 106.
))
("C:\Users\Cyrano Golliez\AppData\Local\Programs\MiKTeX 2.9\tex/latex/base\make
idx.sty"
Package: makeidx 2014/09/29 v1.0m Standard LaTeX package
)
("C:\Users\Cyrano Golliez\AppData\Local\Programs\MiKTeX 2.9\tex/latex/nomencl\n
omencl.sty"
Package: nomencl 2020/03/01 v5.4 Nomenclature package
Package tocbasic Info: setting babel extension for `nlo' on input line 179.
Package tocbasic Info: setting babel extension for `nls' on input line 180.
\nomlabelwidth=\dimen256
\nom@tempdim=\dimen257
\nomitemsep=\skip83
)
("C:\Users\Cyrano Golliez\AppData\Local\Programs\MiKTeX 2.9\tex/latex/acronym\a
cronym.sty"
Package: acronym 2020/03/13 v1.46 Support for acronyms (Tobias Oetiker)

("C:\Users\Cyrano Golliez\AppData\Local\Programs\MiKTeX 2.9\tex/latex/bigfoot\s
uffix.sty"
Package: suffix 2006/07/15 1.5a Variant command support
)
("C:\Users\Cyrano Golliez\AppData\Local\Programs\MiKTeX 2.9\tex/latex/xstring\x
string.sty"
("C:\Users\Cyrano Golliez\AppData\Local\Programs\MiKTeX 2.9\tex/generic/xstring
\xstring.tex"
\integerpart=\count293
\decimalpart=\count294
)
Package: xstring 2019/02/06 v1.83 String manipulations (CT)
)
\AC@clearlist=\toks32
)
("C:\Users\Cyrano Golliez\AppData\Local\Programs\MiKTeX 2.9\tex/latex/pgf/front
endlayer\tikz.sty"
("C:\Users\Cyrano Golliez\AppData\Local\Programs\MiKTeX 2.9\tex/latex/pgf/basic
layer\pgf.sty"
("C:\Users\Cyrano Golliez\AppData\Local\Programs\MiKTeX 2.9\tex/latex/pgf/utili
ties\pgfrcs.sty"
("C:\Users\Cyrano Golliez\AppData\Local\Programs\MiKTeX 2.9\tex/generic/pgf/uti
lities\pgfutil-common.tex"
\pgfutil@everybye=\toks33
\pgfutil@tempdima=\dimen258
\pgfutil@tempdimb=\dimen259

("C:\Users\Cyrano Golliez\AppData\Local\Programs\MiKTeX 2.9\tex/generic/pgf/uti
lities\pgfutil-common-lists.tex"))
("C:\Users\Cyrano Golliez\AppData\Local\Programs\MiKTeX 2.9\tex/generic/pgf/uti
lities\pgfutil-latex.def"
\pgfutil@abb=\box107

("C:\Users\Cyrano Golliez\AppData\Local\Programs\MiKTeX 2.9\tex/latex/ms\everys
hi.sty"
Package: everyshi 2001/05/15 v3.00 EveryShipout Package (MS)
))
("C:\Users\Cyrano Golliez\AppData\Local\Programs\MiKTeX 2.9\tex/generic/pgf/uti
lities\pgfrcs.code.tex"
("C:\Users\Cyrano Golliez\AppData\Local\Programs\MiKTeX 2.9\tex/generic/pgf\pgf
.revision.tex")
Package: pgfrcs 2020/01/08 v3.1.5b (3.1.5b)
))
Package: pgf 2020/01/08 v3.1.5b (3.1.5b)

("C:\Users\Cyrano Golliez\AppData\Local\Programs\MiKTeX 2.9\tex/latex/pgf/basic
layer\pgfcore.sty"
("C:\Users\Cyrano Golliez\AppData\Local\Programs\MiKTeX 2.9\tex/latex/pgf/syste
mlayer\pgfsys.sty"
("C:\Users\Cyrano Golliez\AppData\Local\Programs\MiKTeX 2.9\tex/generic/pgf/sys
temlayer\pgfsys.code.tex"
Package: pgfsys 2020/01/08 v3.1.5b (3.1.5b)

("C:\Users\Cyrano Golliez\AppData\Local\Programs\MiKTeX 2.9\tex/generic/pgf/uti
lities\pgfkeys.code.tex"
\pgfkeys@pathtoks=\toks34
\pgfkeys@temptoks=\toks35

("C:\Users\Cyrano Golliez\AppData\Local\Programs\MiKTeX 2.9\tex/generic/pgf/uti
lities\pgfkeysfiltered.code.tex"
\pgfkeys@tmptoks=\toks36
))
\pgf@x=\dimen260
\pgf@y=\dimen261
\pgf@xa=\dimen262
\pgf@ya=\dimen263
\pgf@xb=\dimen264
\pgf@yb=\dimen265
\pgf@xc=\dimen266
\pgf@yc=\dimen267
\pgf@xd=\dimen268
\pgf@yd=\dimen269
\w@pgf@writea=\write3
\r@pgf@reada=\read3
\c@pgf@counta=\count295
\c@pgf@countb=\count296
\c@pgf@countc=\count297
\c@pgf@countd=\count298
\t@pgf@toka=\toks37
\t@pgf@tokb=\toks38
\t@pgf@tokc=\toks39
\pgf@sys@id@count=\count299

("C:\Users\Cyrano Golliez\AppData\Local\Programs\MiKTeX 2.9\tex/generic/pgf/sys
temlayer\pgf.cfg"
File: pgf.cfg 2020/01/08 v3.1.5b (3.1.5b)
)
Driver file for pgf: pgfsys-pdftex.def

("C:\Users\Cyrano Golliez\AppData\Local\Programs\MiKTeX 2.9\tex/generic/pgf/sys
temlayer\pgfsys-pdftex.def"
File: pgfsys-pdftex.def 2020/01/08 v3.1.5b (3.1.5b)

("C:\Users\Cyrano Golliez\AppData\Local\Programs\MiKTeX 2.9\tex/generic/pgf/sys
temlayer\pgfsys-common-pdf.def"
File: pgfsys-common-pdf.def 2020/01/08 v3.1.5b (3.1.5b)
)))
("C:\Users\Cyrano Golliez\AppData\Local\Programs\MiKTeX 2.9\tex/generic/pgf/sys
temlayer\pgfsyssoftpath.code.tex"
File: pgfsyssoftpath.code.tex 2020/01/08 v3.1.5b (3.1.5b)
\pgfsyssoftpath@smallbuffer@items=\count300
\pgfsyssoftpath@bigbuffer@items=\count301
)
("C:\Users\Cyrano Golliez\AppData\Local\Programs\MiKTeX 2.9\tex/generic/pgf/sys
temlayer\pgfsysprotocol.code.tex"
File: pgfsysprotocol.code.tex 2020/01/08 v3.1.5b (3.1.5b)
))
("C:\Users\Cyrano Golliez\AppData\Local\Programs\MiKTeX 2.9\tex/generic/pgf/bas
iclayer\pgfcore.code.tex"
Package: pgfcore 2020/01/08 v3.1.5b (3.1.5b)

("C:\Users\Cyrano Golliez\AppData\Local\Programs\MiKTeX 2.9\tex/generic/pgf/mat
h\pgfmath.code.tex"
("C:\Users\Cyrano Golliez\AppData\Local\Programs\MiKTeX 2.9\tex/generic/pgf/mat
h\pgfmathcalc.code.tex"
("C:\Users\Cyrano Golliez\AppData\Local\Programs\MiKTeX 2.9\tex/generic/pgf/mat
h\pgfmathutil.code.tex")
("C:\Users\Cyrano Golliez\AppData\Local\Programs\MiKTeX 2.9\tex/generic/pgf/mat
h\pgfmathparser.code.tex"
\pgfmath@dimen=\dimen270
\pgfmath@count=\count302
\pgfmath@box=\box108
\pgfmath@toks=\toks40
\pgfmath@stack@operand=\toks41
\pgfmath@stack@operation=\toks42
)
("C:\Users\Cyrano Golliez\AppData\Local\Programs\MiKTeX 2.9\tex/generic/pgf/mat
h\pgfmathfunctions.code.tex"
("C:\Users\Cyrano Golliez\AppData\Local\Programs\MiKTeX 2.9\tex/generic/pgf/mat
h\pgfmathfunctions.basic.code.tex")
("C:\Users\Cyrano Golliez\AppData\Local\Programs\MiKTeX 2.9\tex/generic/pgf/mat
h\pgfmathfunctions.trigonometric.code.tex")
("C:\Users\Cyrano Golliez\AppData\Local\Programs\MiKTeX 2.9\tex/generic/pgf/mat
h\pgfmathfunctions.random.code.tex")
("C:\Users\Cyrano Golliez\AppData\Local\Programs\MiKTeX 2.9\tex/generic/pgf/mat
h\pgfmathfunctions.comparison.code.tex")
("C:\Users\Cyrano Golliez\AppData\Local\Programs\MiKTeX 2.9\tex/generic/pgf/mat
h\pgfmathfunctions.base.code.tex")
("C:\Users\Cyrano Golliez\AppData\Local\Programs\MiKTeX 2.9\tex/generic/pgf/mat
h\pgfmathfunctions.round.code.tex")
("C:\Users\Cyrano Golliez\AppData\Local\Programs\MiKTeX 2.9\tex/generic/pgf/mat
h\pgfmathfunctions.misc.code.tex")
("C:\Users\Cyrano Golliez\AppData\Local\Programs\MiKTeX 2.9\tex/generic/pgf/mat
h\pgfmathfunctions.integerarithmetics.code.tex")))
("C:\Users\Cyrano Golliez\AppData\Local\Programs\MiKTeX 2.9\tex/generic/pgf/mat
h\pgfmathfloat.code.tex"
\c@pgfmathroundto@lastzeros=\count303
))
("C:\Users\Cyrano Golliez\AppData\Local\Programs\MiKTeX 2.9\tex/generic/pgf/mat
h\pgfint.code.tex")
("C:\Users\Cyrano Golliez\AppData\Local\Programs\MiKTeX 2.9\tex/generic/pgf/bas
iclayer\pgfcorepoints.code.tex"
File: pgfcorepoints.code.tex 2020/01/08 v3.1.5b (3.1.5b)
\pgf@picminx=\dimen271
\pgf@picmaxx=\dimen272
\pgf@picminy=\dimen273
\pgf@picmaxy=\dimen274
\pgf@pathminx=\dimen275
\pgf@pathmaxx=\dimen276
\pgf@pathminy=\dimen277
\pgf@pathmaxy=\dimen278
\pgf@xx=\dimen279
\pgf@xy=\dimen280
\pgf@yx=\dimen281
\pgf@yy=\dimen282
\pgf@zx=\dimen283
\pgf@zy=\dimen284
)
("C:\Users\Cyrano Golliez\AppData\Local\Programs\MiKTeX 2.9\tex/generic/pgf/bas
iclayer\pgfcorepathconstruct.code.tex"
File: pgfcorepathconstruct.code.tex 2020/01/08 v3.1.5b (3.1.5b)
\pgf@path@lastx=\dimen285
\pgf@path@lasty=\dimen286
)
("C:\Users\Cyrano Golliez\AppData\Local\Programs\MiKTeX 2.9\tex/generic/pgf/bas
iclayer\pgfcorepathusage.code.tex"
File: pgfcorepathusage.code.tex 2020/01/08 v3.1.5b (3.1.5b)
\pgf@shorten@end@additional=\dimen287
\pgf@shorten@start@additional=\dimen288
)
("C:\Users\Cyrano Golliez\AppData\Local\Programs\MiKTeX 2.9\tex/generic/pgf/bas
iclayer\pgfcorescopes.code.tex"
File: pgfcorescopes.code.tex 2020/01/08 v3.1.5b (3.1.5b)
\pgfpic=\box109
\pgf@hbox=\box110
\pgf@layerbox@main=\box111
\pgf@picture@serial@count=\count304
)
("C:\Users\Cyrano Golliez\AppData\Local\Programs\MiKTeX 2.9\tex/generic/pgf/bas
iclayer\pgfcoregraphicstate.code.tex"
File: pgfcoregraphicstate.code.tex 2020/01/08 v3.1.5b (3.1.5b)
\pgflinewidth=\dimen289
)
("C:\Users\Cyrano Golliez\AppData\Local\Programs\MiKTeX 2.9\tex/generic/pgf/bas
iclayer\pgfcoretransformations.code.tex"
File: pgfcoretransformations.code.tex 2020/01/08 v3.1.5b (3.1.5b)
\pgf@pt@x=\dimen290
\pgf@pt@y=\dimen291
\pgf@pt@temp=\dimen292
)
("C:\Users\Cyrano Golliez\AppData\Local\Programs\MiKTeX 2.9\tex/generic/pgf/bas
iclayer\pgfcorequick.code.tex"
File: pgfcorequick.code.tex 2020/01/08 v3.1.5b (3.1.5b)
)
("C:\Users\Cyrano Golliez\AppData\Local\Programs\MiKTeX 2.9\tex/generic/pgf/bas
iclayer\pgfcoreobjects.code.tex"
File: pgfcoreobjects.code.tex 2020/01/08 v3.1.5b (3.1.5b)
)
("C:\Users\Cyrano Golliez\AppData\Local\Programs\MiKTeX 2.9\tex/generic/pgf/bas
iclayer\pgfcorepathprocessing.code.tex"
File: pgfcorepathprocessing.code.tex 2020/01/08 v3.1.5b (3.1.5b)
)
("C:\Users\Cyrano Golliez\AppData\Local\Programs\MiKTeX 2.9\tex/generic/pgf/bas
iclayer\pgfcorearrows.code.tex"
File: pgfcorearrows.code.tex 2020/01/08 v3.1.5b (3.1.5b)
\pgfarrowsep=\dimen293
)
("C:\Users\Cyrano Golliez\AppData\Local\Programs\MiKTeX 2.9\tex/generic/pgf/bas
iclayer\pgfcoreshade.code.tex"
File: pgfcoreshade.code.tex 2020/01/08 v3.1.5b (3.1.5b)
\pgf@max=\dimen294
\pgf@sys@shading@range@num=\count305
\pgf@shadingcount=\count306
)
("C:\Users\Cyrano Golliez\AppData\Local\Programs\MiKTeX 2.9\tex/generic/pgf/bas
iclayer\pgfcoreimage.code.tex"
File: pgfcoreimage.code.tex 2020/01/08 v3.1.5b (3.1.5b)

("C:\Users\Cyrano Golliez\AppData\Local\Programs\MiKTeX 2.9\tex/generic/pgf/bas
iclayer\pgfcoreexternal.code.tex"
File: pgfcoreexternal.code.tex 2020/01/08 v3.1.5b (3.1.5b)
\pgfexternal@startupbox=\box112
))
("C:\Users\Cyrano Golliez\AppData\Local\Programs\MiKTeX 2.9\tex/generic/pgf/bas
iclayer\pgfcorelayers.code.tex"
File: pgfcorelayers.code.tex 2020/01/08 v3.1.5b (3.1.5b)
)
("C:\Users\Cyrano Golliez\AppData\Local\Programs\MiKTeX 2.9\tex/generic/pgf/bas
iclayer\pgfcoretransparency.code.tex"
File: pgfcoretransparency.code.tex 2020/01/08 v3.1.5b (3.1.5b)
)
("C:\Users\Cyrano Golliez\AppData\Local\Programs\MiKTeX 2.9\tex/generic/pgf/bas
iclayer\pgfcorepatterns.code.tex"
File: pgfcorepatterns.code.tex 2020/01/08 v3.1.5b (3.1.5b)
)
("C:\Users\Cyrano Golliez\AppData\Local\Programs\MiKTeX 2.9\tex/generic/pgf/bas
iclayer\pgfcorerdf.code.tex"
File: pgfcorerdf.code.tex 2020/01/08 v3.1.5b (3.1.5b)
)))
("C:\Users\Cyrano Golliez\AppData\Local\Programs\MiKTeX 2.9\tex/generic/pgf/mod
ules\pgfmoduleshapes.code.tex"
File: pgfmoduleshapes.code.tex 2020/01/08 v3.1.5b (3.1.5b)
\pgfnodeparttextbox=\box113
)
("C:\Users\Cyrano Golliez\AppData\Local\Programs\MiKTeX 2.9\tex/generic/pgf/mod
ules\pgfmoduleplot.code.tex"
File: pgfmoduleplot.code.tex 2020/01/08 v3.1.5b (3.1.5b)
)
("C:\Users\Cyrano Golliez\AppData\Local\Programs\MiKTeX 2.9\tex/latex/pgf/compa
tibility\pgfcomp-version-0-65.sty"
Package: pgfcomp-version-0-65 2020/01/08 v3.1.5b (3.1.5b)
\pgf@nodesepstart=\dimen295
\pgf@nodesepend=\dimen296
)
("C:\Users\Cyrano Golliez\AppData\Local\Programs\MiKTeX 2.9\tex/latex/pgf/compa
tibility\pgfcomp-version-1-18.sty"
Package: pgfcomp-version-1-18 2020/01/08 v3.1.5b (3.1.5b)
))
("C:\Users\Cyrano Golliez\AppData\Local\Programs\MiKTeX 2.9\tex/latex/pgf/utili
ties\pgffor.sty"
("C:\Users\Cyrano Golliez\AppData\Local\Programs\MiKTeX 2.9\tex/latex/pgf/utili
ties\pgfkeys.sty"
("C:\Users\Cyrano Golliez\AppData\Local\Programs\MiKTeX 2.9\tex/generic/pgf/uti
lities\pgfkeys.code.tex"))
("C:\Users\Cyrano Golliez\AppData\Local\Programs\MiKTeX 2.9\tex/latex/pgf/math\
pgfmath.sty"
("C:\Users\Cyrano Golliez\AppData\Local\Programs\MiKTeX 2.9\tex/generic/pgf/mat
h\pgfmath.code.tex"))
("C:\Users\Cyrano Golliez\AppData\Local\Programs\MiKTeX 2.9\tex/generic/pgf/uti
lities\pgffor.code.tex"
Package: pgffor 2020/01/08 v3.1.5b (3.1.5b)

("C:\Users\Cyrano Golliez\AppData\Local\Programs\MiKTeX 2.9\tex/generic/pgf/mat
h\pgfmath.code.tex")
\pgffor@iter=\dimen297
\pgffor@skip=\dimen298
\pgffor@stack=\toks43
\pgffor@toks=\toks44
))
("C:\Users\Cyrano Golliez\AppData\Local\Programs\MiKTeX 2.9\tex/generic/pgf/fro
ntendlayer/tikz\tikz.code.tex"
Package: tikz 2020/01/08 v3.1.5b (3.1.5b)

("C:\Users\Cyrano Golliez\AppData\Local\Programs\MiKTeX 2.9\tex/generic/pgf/lib
raries\pgflibraryplothandlers.code.tex"
File: pgflibraryplothandlers.code.tex 2020/01/08 v3.1.5b (3.1.5b)
\pgf@plot@mark@count=\count307
\pgfplotmarksize=\dimen299
)
\tikz@lastx=\dimen300
\tikz@lasty=\dimen301
\tikz@lastxsaved=\dimen302
\tikz@lastysaved=\dimen303
\tikz@lastmovetox=\dimen304
\tikz@lastmovetoy=\dimen305
\tikzleveldistance=\dimen306
\tikzsiblingdistance=\dimen307
\tikz@figbox=\box114
\tikz@figbox@bg=\box115
\tikz@tempbox=\box116
\tikz@tempbox@bg=\box117
\tikztreelevel=\count308
\tikznumberofchildren=\count309
\tikznumberofcurrentchild=\count310
\tikz@fig@count=\count311

("C:\Users\Cyrano Golliez\AppData\Local\Programs\MiKTeX 2.9\tex/generic/pgf/mod
ules\pgfmodulematrix.code.tex"
File: pgfmodulematrix.code.tex 2020/01/08 v3.1.5b (3.1.5b)
\pgfmatrixcurrentrow=\count312
\pgfmatrixcurrentcolumn=\count313
\pgf@matrix@numberofcolumns=\count314
)
\tikz@expandcount=\count315

("C:\Users\Cyrano Golliez\AppData\Local\Programs\MiKTeX 2.9\tex/generic/pgf/fro
ntendlayer/tikz/libraries\tikzlibrarytopaths.code.tex"
File: tikzlibrarytopaths.code.tex 2020/01/08 v3.1.5b (3.1.5b)
)))
("C:\Users\Cyrano Golliez\AppData\Local\Programs\MiKTeX 2.9\tex/latex/pgfplots\
pgfplots.sty"
("C:\Users\Cyrano Golliez\AppData\Local\Programs\MiKTeX 2.9\tex/generic/pgfplot
s\pgfplots.revision.tex")
Package: pgfplots 2020/02/29 v1.17 Data Visualization (1.17)

("C:\Users\Cyrano Golliez\AppData\Local\Programs\MiKTeX 2.9\tex/generic/pgfplot
s\pgfplots.code.tex"
("C:\Users\Cyrano Golliez\AppData\Local\Programs\MiKTeX 2.9\tex/generic/pgfplot
s\pgfplotscore.code.tex"
\t@pgfplots@toka=\toks45
\t@pgfplots@tokb=\toks46
\t@pgfplots@tokc=\toks47
\pgfplots@tmpa=\dimen308
\c@pgfplots@coordindex=\count316
\c@pgfplots@scanlineindex=\count317

("C:\Users\Cyrano Golliez\AppData\Local\Programs\MiKTeX 2.9\tex/generic/pgfplot
s/sys\pgfplotssysgeneric.code.tex"))
("C:\Users\Cyrano Golliez\AppData\Local\Programs\MiKTeX 2.9\tex/generic/pgfplot
s/libs\pgfplotslibrary.code.tex")
("C:\Users\Cyrano Golliez\AppData\Local\Programs\MiKTeX 2.9\tex/generic/pgfplot
s/oldpgfcompatib\pgfplotsoldpgfsupp_loader.code.tex"
("C:\Users\Cyrano Golliez\AppData\Local\Programs\MiKTeX 2.9\tex/generic/pgf/lib
raries\pgflibraryfpu.code.tex"))
("C:\Users\Cyrano Golliez\AppData\Local\Programs\MiKTeX 2.9\tex/generic/pgfplot
s/util\pgfplotsutil.code.tex"
("C:\Users\Cyrano Golliez\AppData\Local\Programs\MiKTeX 2.9\tex/generic/pgfplot
s/liststructure\pgfplotsliststructure.code.tex")
("C:\Users\Cyrano Golliez\AppData\Local\Programs\MiKTeX 2.9\tex/generic/pgfplot
s/liststructure\pgfplotsliststructureext.code.tex")
("C:\Users\Cyrano Golliez\AppData\Local\Programs\MiKTeX 2.9\tex/generic/pgfplot
s/liststructure\pgfplotsarray.code.tex"
\c@pgfplotsarray@tmp=\count318
)
("C:\Users\Cyrano Golliez\AppData\Local\Programs\MiKTeX 2.9\tex/generic/pgfplot
s/liststructure\pgfplotsmatrix.code.tex")
("C:\Users\Cyrano Golliez\AppData\Local\Programs\MiKTeX 2.9\tex/generic/pgfplot
s/numtable\pgfplotstableshared.code.tex"
\c@pgfplotstable@counta=\count319
\t@pgfplotstable@a=\toks48
)
("C:\Users\Cyrano Golliez\AppData\Local\Programs\MiKTeX 2.9\tex/generic/pgfplot
s/liststructure\pgfplotsdeque.code.tex")
("C:\Users\Cyrano Golliez\AppData\Local\Programs\MiKTeX 2.9\tex/generic/pgfplot
s/util\pgfplotsbinary.code.tex"
("C:\Users\Cyrano Golliez\AppData\Local\Programs\MiKTeX 2.9\tex/generic/pgfplot
s/util\pgfplotsbinary.data.code.tex"))
("C:\Users\Cyrano Golliez\AppData\Local\Programs\MiKTeX 2.9\tex/generic/pgfplot
s/util\pgfplotsutil.verb.code.tex")
("C:\Users\Cyrano Golliez\AppData\Local\Programs\MiKTeX 2.9\tex/generic/pgfplot
s/libs\pgflibrarypgfplots.surfshading.code.tex"
\c@pgfplotslibrarysurf@no=\count320

("C:\Users\Cyrano Golliez\AppData\Local\Programs\MiKTeX 2.9\tex/generic/pgfplot
s/sys\pgflibrarypgfplots.surfshading.pgfsys-pdftex.def")))
("C:\Users\Cyrano Golliez\AppData\Local\Programs\MiKTeX 2.9\tex/generic/pgfplot
s/util\pgfplotscolormap.code.tex"
("C:\Users\Cyrano Golliez\AppData\Local\Programs\MiKTeX 2.9\tex/generic/pgfplot
s/util\pgfplotscolor.code.tex"))
("C:\Users\Cyrano Golliez\AppData\Local\Programs\MiKTeX 2.9\tex/generic/pgfplot
s\pgfplotsstackedplots.code.tex")
("C:\Users\Cyrano Golliez\AppData\Local\Programs\MiKTeX 2.9\tex/generic/pgfplot
s\pgfplotsplothandlers.code.tex"
("C:\Users\Cyrano Golliez\AppData\Local\Programs\MiKTeX 2.9\tex/generic/pgfplot
s\pgfplotsmeshplothandler.code.tex"
("C:\Users\Cyrano Golliez\AppData\Local\Programs\MiKTeX 2.9\tex/generic/pgfplot
s\pgfplotsmeshplotimage.code.tex")))
("C:\Users\Cyrano Golliez\AppData\Local\Programs\MiKTeX 2.9\tex/generic/pgfplot
s\pgfplots.scaling.code.tex")
("C:\Users\Cyrano Golliez\AppData\Local\Programs\MiKTeX 2.9\tex/generic/pgfplot
s\pgfplotscoordprocessing.code.tex")
("C:\Users\Cyrano Golliez\AppData\Local\Programs\MiKTeX 2.9\tex/generic/pgfplot
s\pgfplots.errorbars.code.tex")
("C:\Users\Cyrano Golliez\AppData\Local\Programs\MiKTeX 2.9\tex/generic/pgfplot
s\pgfplots.markers.code.tex")
("C:\Users\Cyrano Golliez\AppData\Local\Programs\MiKTeX 2.9\tex/generic/pgfplot
s\pgfplotsticks.code.tex")
("C:\Users\Cyrano Golliez\AppData\Local\Programs\MiKTeX 2.9\tex/generic/pgfplot
s\pgfplots.paths.code.tex")
("C:\Users\Cyrano Golliez\AppData\Local\Programs\MiKTeX 2.9\tex/generic/pgf/fro
ntendlayer/tikz/libraries\tikzlibrarydecorations.code.tex"
("C:\Users\Cyrano Golliez\AppData\Local\Programs\MiKTeX 2.9\tex/generic/pgf/mod
ules\pgfmoduledecorations.code.tex"
\pgfdecoratedcompleteddistance=\dimen309
\pgfdecoratedremainingdistance=\dimen310
\pgfdecoratedinputsegmentcompleteddistance=\dimen311
\pgfdecoratedinputsegmentremainingdistance=\dimen312
\pgf@decorate@distancetomove=\dimen313
\pgf@decorate@repeatstate=\count321
\pgfdecorationsegmentamplitude=\dimen314
\pgfdecorationsegmentlength=\dimen315
)
\tikz@lib@dec@box=\box118
)
("C:\Users\Cyrano Golliez\AppData\Local\Programs\MiKTeX 2.9\tex/generic/pgf/fro
ntendlayer/tikz/libraries\tikzlibrarydecorations.pathmorphing.code.tex"
("C:\Users\Cyrano Golliez\AppData\Local\Programs\MiKTeX 2.9\tex/generic/pgf/lib
raries/decorations\pgflibrarydecorations.pathmorphing.code.tex"))
("C:\Users\Cyrano Golliez\AppData\Local\Programs\MiKTeX 2.9\tex/generic/pgf/fro
ntendlayer/tikz/libraries\tikzlibrarydecorations.pathreplacing.code.tex"
("C:\Users\Cyrano Golliez\AppData\Local\Programs\MiKTeX 2.9\tex/generic/pgf/lib
raries/decorations\pgflibrarydecorations.pathreplacing.code.tex"))
\pgfplots@numplots=\count322
\pgfplots@xmin@reg=\dimen316
\pgfplots@xmax@reg=\dimen317
\pgfplots@ymin@reg=\dimen318
\pgfplots@ymax@reg=\dimen319
\pgfplots@zmin@reg=\dimen320
\pgfplots@zmax@reg=\dimen321
)
("C:\Users\Cyrano Golliez\AppData\Local\Programs\MiKTeX 2.9\tex/generic/pgf/fro
ntendlayer/tikz/libraries\tikzlibraryplotmarks.code.tex"
File: tikzlibraryplotmarks.code.tex 2020/01/08 v3.1.5b (3.1.5b)

("C:\Users\Cyrano Golliez\AppData\Local\Programs\MiKTeX 2.9\tex/generic/pgf/lib
raries\pgflibraryplotmarks.code.tex"
File: pgflibraryplotmarks.code.tex 2020/01/08 v3.1.5b (3.1.5b)
)))
("C:\Users\Cyrano Golliez\AppData\Local\Programs\MiKTeX 2.9\tex/latex/units\uni
ts.sty"
Package: units 1998/08/04 v0.9b Typesetting units

("C:\Users\Cyrano Golliez\AppData\Local\Programs\MiKTeX 2.9\tex/latex/units\nic
efrac.sty"
Package: nicefrac 1998/08/04 v0.9b Nice fractions
\L@UnitsRaiseDisplaystyle=\skip84
\L@UnitsRaiseTextstyle=\skip85
\L@UnitsRaiseScriptstyle=\skip86
))
("C:\Users\Cyrano Golliez\AppData\Local\Programs\MiKTeX 2.9\tex/latex/csquotes\
csquotes.sty"
Package: csquotes 2019-12-06 v5.2j context-sensitive quotations (JAW)

("C:\Users\Cyrano Golliez\AppData\Local\Programs\MiKTeX 2.9\tex/latex/etoolbox\
etoolbox.sty"
Package: etoolbox 2019/09/21 v2.5h e-TeX tools for LaTeX (JAW)
\etb@tempcnta=\count323
)
\csq@reset=\count324
\csq@gtype=\count325
\csq@glevel=\count326
\csq@qlevel=\count327
\csq@maxlvl=\count328
\csq@tshold=\count329
\csq@ltx@everypar=\toks49

("C:\Users\Cyrano Golliez\AppData\Local\Programs\MiKTeX 2.9\tex/latex/csquotes\
csquotes.def"
File: csquotes.def 2019-12-06 v5.2j csquotes generic definitions (JAW)
)
Package csquotes Info: Trying to load configuration file 'csquotes.cfg'...
Package csquotes Info: ... configuration file loaded successfully.

("C:\Users\Cyrano Golliez\AppData\Local\Programs\MiKTeX 2.9\tex/latex/csquotes\
csquotes.cfg"
File: csquotes.cfg 
))
("C:\Users\Cyrano Golliez\AppData\Local\Programs\MiKTeX 2.9\tex/latex/wasysym\w
asysym.sty"
Package: wasysym 2020/01/19 v2.4 Wasy-2 symbol support package
\symwasy=\mathgroup6
LaTeX Font Info:    Overwriting symbol font `wasy' in version `bold'
(Font)                  U/wasy/m/n --> U/wasy/b/n on input line 93.
)
("C:\Users\Cyrano Golliez\AppData\Local\Programs\MiKTeX 2.9\tex/latex/listings\
listings.sty"
\lst@mode=\count330
\lst@gtempboxa=\box119
\lst@token=\toks50
\lst@length=\count331
\lst@currlwidth=\dimen322
\lst@column=\count332
\lst@pos=\count333
\lst@lostspace=\dimen323
\lst@width=\dimen324
\lst@newlines=\count334
\lst@lineno=\count335
\lst@maxwidth=\dimen325

("C:\Users\Cyrano Golliez\AppData\Local\Programs\MiKTeX 2.9\tex/latex/listings\
lstmisc.sty"
File: lstmisc.sty 2019/09/10 1.8c (Carsten Heinz)
\c@lstnumber=\count336
\lst@skipnumbers=\count337
\lst@framebox=\box120
)
("C:\Users\Cyrano Golliez\AppData\Local\Programs\MiKTeX 2.9\tex/latex/listings\
listings.cfg"
File: listings.cfg 2019/09/10 1.8c listings configuration
))
Package: listings 2019/09/10 1.8c (Carsten Heinz)

("C:\Users\Cyrano Golliez\AppData\Local\Programs\MiKTeX 2.9\tex/latex/pgfgantt\
pgfgantt.sty"
Package: pgfgantt 2018/01/10 v5.0 Draw Gantt diagrams with TikZ

("C:\Users\Cyrano Golliez\AppData\Local\Programs\MiKTeX 2.9\tex/generic/pgf/fro
ntendlayer/tikz/libraries\tikzlibraryarrows.code.tex"
File: tikzlibraryarrows.code.tex 2020/01/08 v3.1.5b (3.1.5b)

("C:\Users\Cyrano Golliez\AppData\Local\Programs\MiKTeX 2.9\tex/generic/pgf/lib
raries\pgflibraryarrows.code.tex"
File: pgflibraryarrows.code.tex 2020/01/08 v3.1.5b (3.1.5b)
\arrowsize=\dimen326
))
("C:\Users\Cyrano Golliez\AppData\Local\Programs\MiKTeX 2.9\tex/generic/pgf/fro
ntendlayer/tikz/libraries\tikzlibrarybackgrounds.code.tex"
File: tikzlibrarybackgrounds.code.tex 2020/01/08 v3.1.5b (3.1.5b)
\pgf@layerbox@background=\box121
\pgf@layerboxsaved@background=\box122
)
("C:\Users\Cyrano Golliez\AppData\Local\Programs\MiKTeX 2.9\tex/generic/pgf/fro
ntendlayer/tikz/libraries\tikzlibrarycalc.code.tex"
File: tikzlibrarycalc.code.tex 2020/01/08 v3.1.5b (3.1.5b)
)
("C:\Users\Cyrano Golliez\AppData\Local\Programs\MiKTeX 2.9\tex/generic/pgf/fro
ntendlayer/tikz/libraries\tikzlibrarypatterns.code.tex"
File: tikzlibrarypatterns.code.tex 2020/01/08 v3.1.5b (3.1.5b)

("C:\Users\Cyrano Golliez\AppData\Local\Programs\MiKTeX 2.9\tex/generic/pgf/lib
raries\pgflibrarypatterns.code.tex"
File: pgflibrarypatterns.code.tex 2020/01/08 v3.1.5b (3.1.5b)
))
("C:\Users\Cyrano Golliez\AppData\Local\Programs\MiKTeX 2.9\tex/generic/pgf/fro
ntendlayer/tikz/libraries\tikzlibrarypositioning.code.tex"
File: tikzlibrarypositioning.code.tex 2020/01/08 v3.1.5b (3.1.5b)
)
("C:\Users\Cyrano Golliez\AppData\Local\Programs\MiKTeX 2.9\tex/generic/pgf/fro
ntendlayer/tikz/libraries\tikzlibraryshapes.geometric.code.tex"
File: tikzlibraryshapes.geometric.code.tex 2020/01/08 v3.1.5b (3.1.5b)

("C:\Users\Cyrano Golliez\AppData\Local\Programs\MiKTeX 2.9\tex/generic/pgf/lib
raries/shapes\pgflibraryshapes.geometric.code.tex"
File: pgflibraryshapes.geometric.code.tex 2020/01/08 v3.1.5b (3.1.5b)
))
("C:\Users\Cyrano Golliez\AppData\Local\Programs\MiKTeX 2.9\tex/latex/pgf/utili
ties\pgfcalendar.sty"
("C:\Users\Cyrano Golliez\AppData\Local\Programs\MiKTeX 2.9\tex/generic/pgf/uti
lities\pgfcalendar.code.tex"
File: pgfcalendar.code.tex 2020/01/08 v3.1.5b (3.1.5b)

("C:\Users\Cyrano Golliez\AppData\Local\Programs\MiKTeX 2.9\tex/generic/pgf/mat
h\pgfint.code.tex")
\pgfcalendarcurrentjulian=\count338
\pgf@cal@easter@Y=\count339
\pgf@cal@easter@G=\count340
\pgf@cal@easter@C=\count341
\pgf@cal@easter@X=\count342
\pgf@cal@easter@Z=\count343
\pgf@cal@easter@D=\count344
\pgf@cal@easter@E=\count345
\pgf@cal@easter@N=\count346
\pgf@cal@easter@M=\count347
\pgf@cal@easter@julianday=\count348
))
\gtt@currentline=\count349
\gtt@lasttitleline=\count350
\gtt@currgrid=\count351
\gtt@chartwidth=\count352
\gtt@lasttitleslot=\count353
\gtt@elementid=\count354
\gtt@today@slot=\count355
\gtt@startjulian=\count356
\gtt@endjulian=\count357
\gtt@chartid=\count358
\gtt@vrule@slot=\count359
\gtt@calendar@slots=\count360
\gtt@calendar@weeknumber=\count361
\gtt@calendar@startofweek=\count362
\gtt@left@slot=\count363
\gtt@right@slot=\count364
)
("C:\Users\Cyrano Golliez\AppData\Local\Programs\MiKTeX 2.9\tex/latex/pdfpages\
pdfpages.sty"
Package: pdfpages 2020/01/28 v0.5q Insert pages of external PDF documents (AM)

("C:\Users\Cyrano Golliez\AppData\Local\Programs\MiKTeX 2.9\tex/latex/tools\cal
c.sty"
Package: calc 2017/05/25 v4.3 Infix arithmetic (KKT,FJ)
\calc@Acount=\count365
\calc@Bcount=\count366
\calc@Adimen=\dimen327
\calc@Bdimen=\dimen328
\calc@Askip=\skip87
\calc@Bskip=\skip88
LaTeX Info: Redefining \setlength on input line 80.
LaTeX Info: Redefining \addtolength on input line 81.
\calc@Ccount=\count367
\calc@Cskip=\skip89
)
("C:\Users\Cyrano Golliez\AppData\Local\Programs\MiKTeX 2.9\tex/latex/eso-pic\e
so-pic.sty"
Package: eso-pic 2018/04/12 v2.0h eso-pic (RN)

("C:\Users\Cyrano Golliez\AppData\Local\Programs\MiKTeX 2.9\tex/generic/atbegsh
i\atbegshi.sty"
Package: atbegshi 2019/12/05 v1.19 At begin shipout hook (HO)

("C:\Users\Cyrano Golliez\AppData\Local\Programs\MiKTeX 2.9\tex/generic/infware
rr\infwarerr.sty"
Package: infwarerr 2019/12/03 v1.5 Providing info/warning/error messages (HO)
)
("C:\Users\Cyrano Golliez\AppData\Local\Programs\MiKTeX 2.9\tex/generic/ltxcmds
\ltxcmds.sty"
Package: ltxcmds 2019/12/15 v1.24 LaTeX kernel commands for general use (HO)
)
("C:\Users\Cyrano Golliez\AppData\Local\Programs\MiKTeX 2.9\tex/generic/iftex\i
ftex.sty"
Package: iftex 2020/03/06 v1.0d TeX engine tests
)))
\AM@pagewidth=\dimen329
\AM@pageheight=\dimen330

("C:\Users\Cyrano Golliez\AppData\Local\Programs\MiKTeX 2.9\tex/latex/pdfpages\
pppdftex.def"
File: pppdftex.def 2020/01/28 v0.5q Pdfpages driver for pdfTeX (AM)
)
\AM@pagebox=\box123
\AM@global@opts=\toks51
\AM@pagecnt=\count368
\AM@toc@title=\toks52
\c@AM@survey=\count369
\AM@templatesizebox=\box124
)
("C:\Users\Cyrano Golliez\AppData\Local\Programs\MiKTeX 2.9\tex/latex/blindtext
\blindtext.sty"
Package: blindtext 2012/01/06 V2.0 blindtext-Package

("C:\Users\Cyrano Golliez\AppData\Local\Programs\MiKTeX 2.9\tex/latex/tools\xsp
ace.sty"
Package: xspace 2014/10/28 v1.13 Space after command names (DPC,MH)
)
\c@blindtext=\count370
\c@Blindtext=\count371
\c@blind@countparstart=\count372
\blind@countxx=\count373
\blindtext@numBlindtext=\count374
\blind@countyy=\count375
\c@blindlist=\count376
\c@blindlistlevel=\count377
\c@blindlist@level=\count378
\blind@listitem=\count379
\c@blind@listcount=\count380
\c@blind@levelcount=\count381
\blind@mathformula=\count382
\blind@Mathformula=\count383
\c@blind@randomcount=\count384
\c@blind@randommax=\count385
\c@blind@pangramcount=\count386
\c@blind@pangrammax=\count387
)
("C:\Users\Cyrano Golliez\AppData\Local\Programs\MiKTeX 2.9\tex/latex/cases\cas
es.sty"
Package: cases 2020/03/10 ver 3.1
\numc@numwid=\dimen331
)
("C:\Users\Cyrano Golliez\AppData\Local\Programs\MiKTeX 2.9\tex/latex/setspace\
setspace.sty"
Package: setspace 2011/12/19 v6.7a set line spacing
)
("C:\Users\Cyrano Golliez\AppData\Local\Programs\MiKTeX 2.9\tex/latex/biblatex-
chicago\biblatex-chicago.sty"
Package: biblatex-chicago 2018/01/10 v 3.10 biblatex style

("C:\Users\Cyrano Golliez\AppData\Local\Programs\MiKTeX 2.9\tex/latex/biblatex\
biblatex.sty"
Package: biblatex 2019/12/01 v3.14 programmable bibliographies (PK/MW)

("C:\Users\Cyrano Golliez\AppData\Local\Programs\MiKTeX 2.9\tex/latex/pdftexcmd
s\pdftexcmds.sty"
Package: pdftexcmds 2019/11/24 v0.31 Utility functions of pdfTeX for LuaTeX (HO
)
Package pdftexcmds Info: \pdf@primitive is available.
Package pdftexcmds Info: \pdf@ifprimitive is available.
Package pdftexcmds Info: \pdfdraftmode found.
)
("C:\Users\Cyrano Golliez\AppData\Local\Programs\MiKTeX 2.9\tex/latex/kvoptions
\kvoptions.sty"
Package: kvoptions 2019/11/29 v3.13 Key value format for package options (HO)

("C:\Users\Cyrano Golliez\AppData\Local\Programs\MiKTeX 2.9\tex/generic/kvsetke
ys\kvsetkeys.sty"
Package: kvsetkeys 2019/12/15 v1.18 Key value parser (HO)
))
("C:\Users\Cyrano Golliez\AppData\Local\Programs\MiKTeX 2.9\tex/latex/logreq\lo
greq.sty"
Package: logreq 2010/08/04 v1.0 xml request logger
\lrq@indent=\count388

("C:\Users\Cyrano Golliez\AppData\Local\Programs\MiKTeX 2.9\tex/latex/logreq\lo
greq.def"
File: logreq.def 2010/08/04 v1.0 logreq spec v1.0
))
("C:\Users\Cyrano Golliez\AppData\Local\Programs\MiKTeX 2.9\tex/latex/url\url.s
ty"
\Urlmuskip=\muskip17
Package: url 2013/09/16  ver 3.4  Verb mode for urls, etc.
)
\c@tabx@nest=\count389
\c@listtotal=\count390
\c@listcount=\count391
\c@liststart=\count392
\c@liststop=\count393
\c@citecount=\count394
\c@citetotal=\count395
\c@multicitecount=\count396
\c@multicitetotal=\count397
\c@instcount=\count398
\c@maxnames=\count399
\c@minnames=\count400
\c@maxitems=\count401
\c@minitems=\count402
\c@citecounter=\count403
\c@maxcitecounter=\count404
\c@savedcitecounter=\count405
\c@uniquelist=\count406
\c@uniquename=\count407
\c@refsection=\count408
\c@refsegment=\count409
\c@maxextratitle=\count410
\c@maxextratitleyear=\count411
\c@maxextraname=\count412
\c@maxextradate=\count413
\c@maxextraalpha=\count414
\c@abbrvpenalty=\count415
\c@highnamepenalty=\count416
\c@lownamepenalty=\count417
\c@maxparens=\count418
\c@parenlevel=\count419
\blx@tempcnta=\count420
\blx@tempcntb=\count421
\blx@tempcntc=\count422
\blx@maxsection=\count423
\blx@maxsegment@0=\count424
\blx@notetype=\count425
\blx@parenlevel@text=\count426
\blx@parenlevel@foot=\count427
\blx@sectionciteorder@0=\count428
\blx@entrysetcounter=\count429
\labelnumberwidth=\skip90
\labelalphawidth=\skip91
\biblabelsep=\skip92
\bibitemsep=\skip93
\bibnamesep=\skip94
\bibinitsep=\skip95
\bibparsep=\skip96
\bibhang=\skip97
\blx@bcfin=\read4
\blx@bcfout=\write4
\blx@langwohyphens=\language78
\c@mincomprange=\count430
\c@maxcomprange=\count431
\c@mincompwidth=\count432
Package biblatex Info: Trying to load biblatex default data model...
Package biblatex Info: ... file 'blx-dm.def' found.

("C:\Users\Cyrano Golliez\AppData\Local\Programs\MiKTeX 2.9\tex/latex/biblatex\
blx-dm.def"
File: blx-dm.def 2019/12/01 v3.14 biblatex localization (PK/MW)
)
Package biblatex Info: Trying to load biblatex style data model...
Package biblatex Info: ... file 'chicago-authordate.dbx' not found.
Package biblatex Info: Trying to load biblatex custom data model...
Package biblatex Info: ... file 'biblatex-dm.cfg' not found.
\c@afterword=\count433
\c@savedafterword=\count434
\c@annotator=\count435
\c@savedannotator=\count436
\c@author=\count437
\c@savedauthor=\count438
\c@bookauthor=\count439
\c@savedbookauthor=\count440
\c@commentator=\count441
\c@savedcommentator=\count442
\c@editor=\count443
\c@savededitor=\count444
\c@editora=\count445
\c@savededitora=\count446
\c@editorb=\count447
\c@savededitorb=\count448
\c@editorc=\count449
\c@savededitorc=\count450
\c@foreword=\count451
\c@savedforeword=\count452
\c@holder=\count453
\c@savedholder=\count454
\c@introduction=\count455
\c@savedintroduction=\count456
\c@namea=\count457
\c@savednamea=\count458
\c@nameb=\count459
\c@savednameb=\count460
\c@namec=\count461
\c@savednamec=\count462
\c@translator=\count463
\c@savedtranslator=\count464
\c@shortauthor=\count465
\c@savedshortauthor=\count466
\c@shorteditor=\count467
\c@savedshorteditor=\count468
\c@labelname=\count469
\c@savedlabelname=\count470
\c@institution=\count471
\c@savedinstitution=\count472
\c@lista=\count473
\c@savedlista=\count474
\c@listb=\count475
\c@savedlistb=\count476
\c@listc=\count477
\c@savedlistc=\count478
\c@listd=\count479
\c@savedlistd=\count480
\c@liste=\count481
\c@savedliste=\count482
\c@listf=\count483
\c@savedlistf=\count484
\c@location=\count485
\c@savedlocation=\count486
\c@organization=\count487
\c@savedorganization=\count488
\c@origlocation=\count489
\c@savedoriglocation=\count490
\c@origpublisher=\count491
\c@savedorigpublisher=\count492
\c@publisher=\count493
\c@savedpublisher=\count494
\c@language=\count495
\c@savedlanguage=\count496
\c@origlanguage=\count497
\c@savedoriglanguage=\count498
\c@pageref=\count499
\c@savedpageref=\count500
\shorthandwidth=\skip98
\shortjournalwidth=\skip99
\shortserieswidth=\skip100
\shorttitlewidth=\skip101
\shortauthorwidth=\skip102
\shorteditorwidth=\skip103
\locallabelnumberwidth=\skip104
\locallabelalphawidth=\skip105
\localshorthandwidth=\skip106
\localshortjournalwidth=\skip107
\localshortserieswidth=\skip108
\localshorttitlewidth=\skip109
\localshortauthorwidth=\skip110
\localshorteditorwidth=\skip111
Package biblatex Info: Trying to load compatibility code...
Package biblatex Info: ... file 'blx-compat.def' found.

("C:\Users\Cyrano Golliez\AppData\Local\Programs\MiKTeX 2.9\tex/latex/biblatex\
blx-compat.def"
File: blx-compat.def 2019/12/01 v3.14 biblatex compatibility (PK/MW)
)
Package biblatex Info: Trying to load generic definitions...
Package biblatex Info: ... file 'biblatex.def' found.

("C:\Users\Cyrano Golliez\AppData\Local\Programs\MiKTeX 2.9\tex/latex/biblatex\
biblatex.def"
File: biblatex.def 2019/12/01 v3.14 biblatex compatibility (PK/MW)
\c@textcitecount=\count501
\c@textcitetotal=\count502
\c@textcitemaxnames=\count503
\c@biburlbigbreakpenalty=\count504
\c@biburlbreakpenalty=\count505
\c@biburlnumpenalty=\count506
\c@biburlucpenalty=\count507
\c@biburllcpenalty=\count508
\biburlbigskip=\muskip18
\biburlnumskip=\muskip19
\biburlucskip=\muskip20
\biburllcskip=\muskip21
\c@smartand=\count509
)
Package biblatex Info: Trying to load bibliography style 'chicago-authordate'..
.
Package biblatex Info: ... file 'chicago-authordate.bbx' found.

("C:\Users\Cyrano Golliez\AppData\Local\Programs\MiKTeX 2.9\tex/latex/biblatex-
chicago/bbx\chicago-authordate.bbx"
File: chicago-authordate.bbx 2018/01/11 v 3.10 biblatex bibliography style
\lositemsep=\skip112
\c@bbx:relatedcount=\count510
\c@bbx:relatedtotal=\count511
)
Package biblatex Info: Trying to load citation style 'chicago-authordate'...
Package biblatex Info: ... file 'chicago-authordate.cbx' found.

("C:\Users\Cyrano Golliez\AppData\Local\Programs\MiKTeX 2.9\tex/latex/biblatex-
chicago/cbx\chicago-authordate.cbx"
File: chicago-authordate.cbx 2018/01/11 v 3.10 biblatex citation style
Package biblatex Info: Trying to load citation style 'chicago-dates-common'...
Package biblatex Info: ... file 'chicago-dates-common.cbx' found.

("C:\Users\Cyrano Golliez\AppData\Local\Programs\MiKTeX 2.9\tex/latex/biblatex-
chicago/cbx\chicago-dates-common.cbx"
File: chicago-dates-common.cbx 2018/01/11 v 3.10 biblatex citation style
Package biblatex Info: Redefining '\cite'.
Package biblatex Info: Redefining '\parencite'.
Package biblatex Info: Redefining '\footcite'.
Package biblatex Info: Redefining '\footcitetext'.
Package biblatex Info: Redefining '\footfullcite'.
Package biblatex Info: Redefining '\fullcite'.
Package biblatex Info: Redefining '\textcite'.
Package biblatex Info: Redefining '\textcites'.
Package biblatex Info: Redefining '\cites'.
Package biblatex Info: Redefining '\parencites'.
Package biblatex Info: Redefining '\footcites'.
Package biblatex Info: Redefining '\footcitetexts'.
Package biblatex Info: Patching 'autolang=other' option.
))
Package biblatex Info: Trying to load configuration file...
Package biblatex Info: ... file 'biblatex.cfg' found.

("C:\Users\Cyrano Golliez\AppData\Local\Programs\MiKTeX 2.9\tex/latex/biblatex\
biblatex.cfg"
File: biblatex.cfg 
)))
("C:\Users\Cyrano Golliez\AppData\Local\Programs\MiKTeX 2.9\tex/latex/lineno\li
neno.sty"
Package: lineno 2005/11/02 line numbers on paragraphs v4.41
\linenopenalty=\count512
\output=\toks53
\linenoprevgraf=\count513
\linenumbersep=\dimen332
\linenumberwidth=\dimen333
\c@linenumber=\count514
\c@pagewiselinenumber=\count515
\c@LN@truepage=\count516
\c@internallinenumber=\count517
\c@internallinenumbers=\count518
\quotelinenumbersep=\dimen334
\bframerule=\dimen335
\bframesep=\dimen336
\bframebox=\box125


LaTeX Warning: Command \@parboxrestore  has changed.
               Check if current package is valid.

LaTeX Info: Redefining \\ on input line 3056.
)
("C:\Users\Cyrano Golliez\AppData\Local\Programs\MiKTeX 2.9\tex/latex/hyperref\
hyperref.sty"
Package: hyperref 2020/01/14 v7.00d Hypertext links for LaTeX

("C:\Users\Cyrano Golliez\AppData\Local\Programs\MiKTeX 2.9\tex/generic/kvdefin
ekeys\kvdefinekeys.sty"
Package: kvdefinekeys 2019-12-19 v1.6 Define keys (HO)
)
("C:\Users\Cyrano Golliez\AppData\Local\Programs\MiKTeX 2.9\tex/generic/pdfesca
pe\pdfescape.sty"
Package: pdfescape 2019/12/09 v1.15 Implements pdfTeX's escape features (HO)
)
("C:\Users\Cyrano Golliez\AppData\Local\Programs\MiKTeX 2.9\tex/latex/hycolor\h
ycolor.sty"
Package: hycolor 2020-01-27 v1.10 Color options for hyperref/bookmark (HO)
)
("C:\Users\Cyrano Golliez\AppData\Local\Programs\MiKTeX 2.9\tex/latex/letltxmac
ro\letltxmacro.sty"
Package: letltxmacro 2019/12/03 v1.6 Let assignment for LaTeX macros (HO)
)
("C:\Users\Cyrano Golliez\AppData\Local\Programs\MiKTeX 2.9\tex/latex/auxhook\a
uxhook.sty"
Package: auxhook 2019-12-17 v1.6 Hooks for auxiliary files (HO)
)
\@linkdim=\dimen337
\Hy@linkcounter=\count519
\Hy@pagecounter=\count520

("C:\Users\Cyrano Golliez\AppData\Local\Programs\MiKTeX 2.9\tex/latex/hyperref\
pd1enc.def"
File: pd1enc.def 2020/01/14 v7.00d Hyperref: PDFDocEncoding definition (HO)
Now handling font encoding PD1 ...
... no UTF-8 mapping file for font encoding PD1
)
("C:\Users\Cyrano Golliez\AppData\Local\Programs\MiKTeX 2.9\tex/generic/intcalc
\intcalc.sty"
Package: intcalc 2019/12/15 v1.3 Expandable calculations with integers (HO)
)
("C:\Users\Cyrano Golliez\AppData\Local\Programs\MiKTeX 2.9\tex/generic/etexcmd
s\etexcmds.sty"
Package: etexcmds 2019/12/15 v1.7 Avoid name clashes with e-TeX commands (HO)
)
\Hy@SavedSpaceFactor=\count521


Package hyperref Warning: Option `a4paper' is no longer used.


Package hyperref Warning: Unexpected value for option `pdftex'
(hyperref)                is ignored on input line 4421.

Package hyperref Info: Option `bookmarks' set `false' on input line 4421.
Package hyperref Info: Option `bookmarksopen' set `false' on input line 4421.

Package hyperref Warning: Values of option `pdfpagemode':
(hyperref)                * `UseNone'
(hyperref)                * `UseOutlines'
(hyperref)                * `UseThumbs'
(hyperref)                * `FullScreen'
(hyperref)                * `UseOC' (PDF 1.5)
(hyperref)                * `UseAttachments' (PDF 1.6)
(hyperref)                * An empty value disables the option.
(hyperref)                Unknown value `None' on input line 4421.

Package hyperref Info: Option `plainpages' set `false' on input line 4421.
Package hyperref Info: Option `pdfdisplaydoctitle' set `true' on input line 442
1.
Package hyperref Info: Option `colorlinks' set `false' on input line 4421.
Package hyperref Info: Hyper figures OFF on input line 4547.
Package hyperref Info: Link nesting OFF on input line 4552.
Package hyperref Info: Hyper index ON on input line 4555.
Package hyperref Info: Plain pages OFF on input line 4562.
Package hyperref Info: Backreferencing OFF on input line 4567.
Package hyperref Info: Implicit mode ON; LaTeX internals redefined.
Package hyperref Info: Bookmarks OFF on input line 4806.
\c@Hy@tempcnt=\count522
LaTeX Info: Redefining \url on input line 5159.
\XeTeXLinkMargin=\dimen338

("C:\Users\Cyrano Golliez\AppData\Local\Programs\MiKTeX 2.9\tex/generic/bitset\
bitset.sty"
Package: bitset 2019/12/09 v1.3 Handle bit-vector datatype (HO)

("C:\Users\Cyrano Golliez\AppData\Local\Programs\MiKTeX 2.9\tex/generic/bigintc
alc\bigintcalc.sty"
Package: bigintcalc 2019/12/15 v1.5 Expandable calculations on big integers (HO
)
))
\Fld@menulength=\count523
\Field@Width=\dimen339
\Fld@charsize=\dimen340
Package hyperref Info: Hyper figures OFF on input line 6430.
Package hyperref Info: Link nesting OFF on input line 6435.
Package hyperref Info: Hyper index ON on input line 6438.
Package hyperref Info: backreferencing OFF on input line 6445.
Package hyperref Info: Link coloring OFF on input line 6450.
Package hyperref Info: Link coloring with OCG OFF on input line 6455.
Package hyperref Info: PDF/A mode OFF on input line 6460.
LaTeX Info: Redefining \ref on input line 6500.
LaTeX Info: Redefining \pageref on input line 6504.
\Hy@abspage=\count524
\c@Item=\count525
\c@Hfootnote=\count526
)
Package hyperref Info: Driver: hpdftex.

("C:\Users\Cyrano Golliez\AppData\Local\Programs\MiKTeX 2.9\tex/latex/hyperref\
hpdftex.def"
File: hpdftex.def 2020/01/14 v7.00d Hyperref driver for pdfTeX

("C:\Users\Cyrano Golliez\AppData\Local\Programs\MiKTeX 2.9\tex/latex/atveryend
\atveryend.sty"
Package: atveryend 2019-12-11 v1.11 Hooks at the very end of document (HO)
)
\Fld@listcount=\count527
\c@bookmark@seq@number=\count528

("C:\Users\Cyrano Golliez\AppData\Local\Programs\MiKTeX 2.9\tex/latex/rerunfile
check\rerunfilecheck.sty"
Package: rerunfilecheck 2019/12/05 v1.9 Rerun checks for auxiliary files (HO)

("C:\Users\Cyrano Golliez\AppData\Local\Programs\MiKTeX 2.9\tex/generic/uniquec
ounter\uniquecounter.sty"
Package: uniquecounter 2019/12/15 v1.4 Provide unlimited unique counter (HO)
)
Package uniquecounter Info: New unique counter `rerunfilecheck' on input line 2
86.
)
\Hy@SectionHShift=\skip113
)
\@indexfile=\write5
\openout5 = `main.idx'.


Writing index file main.idx
)
Package csquotes Info: Checking for multilingual support...
Package csquotes Info: ... found 'babel' package.
Package csquotes Info: Adjusting default style.
Package csquotes Info: Redefining alias 'default' -> 'ngerman'.

("C:\Users\Cyrano Golliez\AppData\Local\Programs\MiKTeX 2.9\tex/latex/l3backend
\l3backend-pdfmode.def"
File: l3backend-pdfmode.def 2020-03-12 L3 backend support: PDF mode
\l__kernel_color_stack_int=\count529
\l__pdf_internal_box=\box126
) (main.aux)
\openout1 = `main.aux'.

LaTeX Font Info:    Checking defaults for OML/cmm/m/it on input line 67.
LaTeX Font Info:    ... okay on input line 67.
LaTeX Font Info:    Checking defaults for OMS/cmsy/m/n on input line 67.
LaTeX Font Info:    ... okay on input line 67.
LaTeX Font Info:    Checking defaults for OT1/cmr/m/n on input line 67.
LaTeX Font Info:    ... okay on input line 67.
LaTeX Font Info:    Checking defaults for T1/cmr/m/n on input line 67.
LaTeX Font Info:    ... okay on input line 67.
LaTeX Font Info:    Checking defaults for TS1/cmr/m/n on input line 67.
LaTeX Font Info:    ... okay on input line 67.
LaTeX Font Info:    Checking defaults for OMX/cmex/m/n on input line 67.
LaTeX Font Info:    ... okay on input line 67.
LaTeX Font Info:    Checking defaults for U/cmr/m/n on input line 67.
LaTeX Font Info:    ... okay on input line 67.
LaTeX Font Info:    Checking defaults for PD1/pdf/m/n on input line 67.
LaTeX Font Info:    ... okay on input line 67.

("C:\Users\Cyrano Golliez\AppData\Local\Programs\MiKTeX 2.9\tex/context/base/mk
ii\supp-pdf.mkii"
[Loading MPS to PDF converter (version 2006.09.02).]
\scratchcounter=\count530
\scratchdimen=\dimen341
\scratchbox=\box127
\nofMPsegments=\count531
\nofMParguments=\count532
\everyMPshowfont=\toks54
\MPscratchCnt=\count533
\MPscratchDim=\dimen342
\MPnumerator=\count534
\makeMPintoPDFobject=\count535
\everyMPtoPDFconversion=\toks55
)
("C:\Users\Cyrano Golliez\AppData\Local\Programs\MiKTeX 2.9\tex/latex/epstopdf-
pkg\epstopdf-base.sty"
Package: epstopdf-base 2020-01-24 v2.11 Base part for package epstopdf
Package epstopdf-base Info: Redefining graphics rule for `.eps' on input line 4
85.
)
Package caption Info: Begin \AtBeginDocument code.
Package caption Info: subfig package v1.3 is loaded.
Package caption Info: float package is loaded.
Package caption Info: hyperref package is loaded.
Package caption Info: listings package is loaded.
Package caption Info: longtable package is loaded.

("C:\Users\Cyrano Golliez\AppData\Local\Programs\MiKTeX 2.9\tex/latex/caption\l
tcaption.sty"
Package: ltcaption 2018/08/26 v1.4a longtable captions (AR)
)
Package caption Info: rotating package is loaded.
Package caption Info: End \AtBeginDocument code.
 ABD: EveryShipout initializing macros

Package pgfplots Warning: running in backwards compatibility mode (unsuitable t
ick labels; missing features). Consider writing \pgfplotsset{compat=1.17} into 
your preamble.
 on input line 67.

\c@lstlisting=\count536
\AtBeginShipoutBox=\box128

("C:\Users\Cyrano Golliez\AppData\Local\Programs\MiKTeX 2.9\tex/latex/pdflscape
\pdflscape.sty"
Package: pdflscape 2019/12/05 v0.12 Display of landscape pages in PDF (HO)

("C:\Users\Cyrano Golliez\AppData\Local\Programs\MiKTeX 2.9\tex/latex/graphics\
lscape.sty"
Package: lscape 2000/10/22 v3.01 Landscape Pages (DPC)
)
Package pdflscape Info: Auto-detected driver: pdftex on input line 81.
)
Package biblatex Info: Trying to load language 'ngerman' -> 'cms-ngerman'...
Package biblatex Info: ... file 'cms-ngerman.lbx' found.

("C:\Users\Cyrano Golliez\AppData\Local\Programs\MiKTeX 2.9\tex/latex/biblatex-
chicago/lbx\cms-ngerman.lbx"
File: cms-ngerman.lbx 2018/01/09 v 3.10 biblatex localization
Package biblatex Info: Trying to load language 'ngerman'...
Package biblatex Info: ... file 'ngerman.lbx' found.

("C:\Users\Cyrano Golliez\AppData\Local\Programs\MiKTeX 2.9\tex/latex/biblatex/
lbx\ngerman.lbx"
File: ngerman.lbx 2019/12/01 v3.14 biblatex localization (PK/MW)
Package biblatex Info: Trying to load language 'german' -> 'cms-german'...
Package biblatex Info: ... file 'cms-german.lbx' found.

("C:\Users\Cyrano Golliez\AppData\Local\Programs\MiKTeX 2.9\tex/latex/biblatex-
chicago/lbx\cms-german.lbx"
File: cms-german.lbx 2018/01/09 v 3.10 biblatex localization
Package biblatex Info: Trying to load language 'german'...
Package biblatex Info: ... file 'german.lbx' found.

("C:\Users\Cyrano Golliez\AppData\Local\Programs\MiKTeX 2.9\tex/latex/biblatex/
lbx\german.lbx"
File: german.lbx 2019/12/01 v3.14 biblatex localization (PK/MW)
)))
Package biblatex Info: Trying to load language 'ngerman'...
Package biblatex Info: ... file 'ngerman.lbx' found.

("C:\Users\Cyrano Golliez\AppData\Local\Programs\MiKTeX 2.9\tex/latex/biblatex/
lbx\ngerman.lbx"
File: ngerman.lbx 2019/12/01 v3.14 biblatex localization (PK/MW)
Package biblatex Info: Trying to load language 'german' -> 'cms-german'...
Package biblatex Info: ... file 'cms-german.lbx' found.

("C:\Users\Cyrano Golliez\AppData\Local\Programs\MiKTeX 2.9\tex/latex/biblatex-
chicago/lbx\cms-german.lbx"
File: cms-german.lbx 2018/01/09 v 3.10 biblatex localization
Package biblatex Info: Trying to load language 'german'...
Package biblatex Info: ... file 'german.lbx' found.

("C:\Users\Cyrano Golliez\AppData\Local\Programs\MiKTeX 2.9\tex/latex/biblatex/
lbx\german.lbx"
File: german.lbx 2019/12/01 v3.14 biblatex localization (PK/MW)
))))
Package biblatex Info: Input encoding 'utf8' detected.
Package biblatex Info: Automatic encoding selection.
(biblatex)             Assuming data encoding 'utf8'.
\openout4 = `main.bcf'.

Package biblatex Info: Trying to load bibliographic data...
Package biblatex Info: ... file 'main.bbl' found.
 (main.bbl

Package biblatex Warning: The following entry could not be found
(biblatex)                in the database:
(biblatex)                STEK Kap.7
(biblatex)                Please verify the spelling and rerun
(biblatex)                LaTeX afterwards.

)
Package biblatex Info: Reference section=0 on input line 67.
Package biblatex Info: Reference segment=0 on input line 67.
Package hyperref Info: Link coloring OFF on input line 67.

("C:\Users\Cyrano Golliez\AppData\Local\Programs\MiKTeX 2.9\tex/latex/hyperref\
nameref.sty"
Package: nameref 2019/09/16 v2.46 Cross-referencing by name of section

("C:\Users\Cyrano Golliez\AppData\Local\Programs\MiKTeX 2.9\tex/latex/refcount\
refcount.sty"
Package: refcount 2019/12/15 v3.6 Data extraction from label references (HO)
)
("C:\Users\Cyrano Golliez\AppData\Local\Programs\MiKTeX 2.9\tex/generic/gettitl
estring\gettitlestring.sty"
Package: gettitlestring 2019/12/15 v1.6 Cleanup title references (HO)
)
\c@section@level=\count537
)
LaTeX Info: Redefining \ref on input line 67.
LaTeX Info: Redefining \pageref on input line 67.
LaTeX Info: Redefining \nameref on input line 67.
Class scrreprt Info: loading recommended package `bookmark'.
(scrreprt)           Using `bookmark' together with `hyperref' is recommended,
(scrreprt)           because of handling of possible bookmark level gaps.
(scrreprt)           You can avoid loading `bookmark' with KOMA-Script option
(scrreprt)           `bookmarkpackage=false' before \begin{document} and
(scrreprt)           you can avoid this message adding:
(scrreprt)             \usepackage{bookmark}
(scrreprt)           before \begin{document} on input line 67.

("C:\Users\Cyrano Golliez\AppData\Local\Programs\MiKTeX 2.9\tex/latex/bookmark\
bookmark.sty"
Package: bookmark 2019/12/03 v1.28 PDF bookmarks (HO)

("C:\Users\Cyrano Golliez\AppData\Local\Programs\MiKTeX 2.9\tex/latex/bookmark\
bkm-pdftex.def"
File: bkm-pdftex.def 2019/12/03 v1.28 bookmark driver for pdfTeX (HO)
Package auxhook Info: \AddLineBeginMainAux comes a little late,
(auxhook)             because the main .aux file is already opened on input lin
e 168.
\BKM@id=\count538
)) (content/00-01-a-Titlepage.tex
(figures/f-00-00-Background.tex) (figures/f-00-01-cover.tex) [1



{C:/Users/Cyrano Golliez/AppData/Local/MiKTeX/2.9/pdftex/config/pdftex.map}]) [
2


]

pdfTeX warning: pdflatex (file ./content/00-02-a-Declaration.pdf): PDF inclusio
n: found PDF version <1.6>, but at most version <1.5> allowed
<content/00-02-a-Declaration.pdf, id=21, 597.55246pt x 845.07718pt>
File: content/00-02-a-Declaration.pdf Graphic file (type pdf)
<use content/00-02-a-Declaration.pdf>
Package pdftex.def Info: content/00-02-a-Declaration.pdf  used on input line 82
.
(pdftex.def)             Requested size: 597.551pt x 845.07512pt.


pdfTeX warning: pdflatex (file ./content/00-02-a-Declaration.pdf): PDF inclusio
n: found PDF version <1.6>, but at most version <1.5> allowed
File: content/00-02-a-Declaration.pdf Graphic file (type pdf)
<use content/00-02-a-Declaration.pdf>
Package pdftex.def Info: content/00-02-a-Declaration.pdf  used on input line 82
.
(pdftex.def)             Requested size: 597.551pt x 845.07512pt.


pdfTeX warning: pdflatex (file ./content/00-02-a-Declaration.pdf): PDF inclusio
n: found PDF version <1.6>, but at most version <1.5> allowed


pdfTeX warning: pdflatex (file ./content/00-02-a-Declaration.pdf): PDF inclusio
n: found PDF version <1.6>, but at most version <1.5> allowed
<content/00-02-a-Declaration.pdf, id=24, page=1, 597.55246pt x 845.07718pt>
File: content/00-02-a-Declaration.pdf Graphic file (type pdf)
<use content/00-02-a-Declaration.pdf, page 1>
Package pdftex.def Info: content/00-02-a-Declaration.pdf , page1 used on input 
line 82.
(pdftex.def)             Requested size: 597.551pt x 845.07512pt.
File: content/00-02-a-Declaration.pdf Graphic file (type pdf)
<use content/00-02-a-Declaration.pdf, page 1>
Package pdftex.def Info: content/00-02-a-Declaration.pdf , page1 used on input 
line 82.
(pdftex.def)             Requested size: 597.59657pt x 845.13959pt.
File: content/00-02-a-Declaration.pdf Graphic file (type pdf)
<use content/00-02-a-Declaration.pdf, page 1>
Package pdftex.def Info: content/00-02-a-Declaration.pdf , page1 used on input 
line 82.
(pdftex.def)             Requested size: 597.59657pt x 845.13959pt.
File: content/00-02-a-Declaration.pdf Graphic file (type pdf)
<use content/00-02-a-Declaration.pdf, page 1>
Package pdftex.def Info: content/00-02-a-Declaration.pdf , page1 used on input 
line 82.
(pdftex.def)             Requested size: 597.59657pt x 845.13959pt.
File: content/00-02-a-Declaration.pdf Graphic file (type pdf)
<use content/00-02-a-Declaration.pdf, page 1>
Package pdftex.def Info: content/00-02-a-Declaration.pdf , page1 used on input 
line 82.
(pdftex.def)             Requested size: 597.59657pt x 845.13959pt.
[3 <./content/00-02-a-Declaration.pdf>] [4


] (content/00-03-Abstract.tex
LaTeX Font Info:    Trying to load font information for T1+cmss on input line 1
7.

("C:\Users\Cyrano Golliez\AppData\Local\Programs\MiKTeX 2.9\tex/latex/base\t1cm
ss.fd"
File: t1cmss.fd 2019/12/16 v2.5j Standard LaTeX font definitions
)

Package hyperref Warning: Suppressing empty link on input line 20.

)
LaTeX Font Info:    Trying to load font information for U+msa on input line 93.


("C:\Users\Cyrano Golliez\AppData\Local\Programs\MiKTeX 2.9\tex/latex/amsfonts\
umsa.fd"
File: umsa.fd 2013/01/14 v3.01 AMS symbols A
)
LaTeX Font Info:    Trying to load font information for U+msb on input line 93.


("C:\Users\Cyrano Golliez\AppData\Local\Programs\MiKTeX 2.9\tex/latex/amsfonts\
umsb.fd"
File: umsb.fd 2013/01/14 v3.01 AMS symbols B
)
LaTeX Font Info:    Trying to load font information for U+wasy on input line 93
.

("C:\Users\Cyrano Golliez\AppData\Local\Programs\MiKTeX 2.9\tex/latex/wasysym\u
wasy.fd"
File: uwasy.fd 2020/01/19 v2.4 Wasy-2 symbol font definitions
) [5

] [6


] (content/00-04-Acknowledgment.tex) [7

] [8


]
(content/00-05-Hilfestellung.tex [9

] [10] [11] [12]
(tables/t-01-01-IsingModel.tex) (figures/f-01-01-a-SafetyMargin.tex
("C:\Users\Cyrano Golliez\AppData\Local\Programs\MiKTeX 2.9\tex/generic/pgf/fro
ntendlayer/tikz/libraries\tikzlibraryshapes.code.tex"
File: tikzlibraryshapes.code.tex 2020/01/08 v3.1.5b (3.1.5b)

("C:\Users\Cyrano Golliez\AppData\Local\Programs\MiKTeX 2.9\tex/generic/pgf/fro
ntendlayer/tikz/libraries\tikzlibraryshapes.misc.code.tex"
File: tikzlibraryshapes.misc.code.tex 2020/01/08 v3.1.5b (3.1.5b)

("C:\Users\Cyrano Golliez\AppData\Local\Programs\MiKTeX 2.9\tex/generic/pgf/lib
raries/shapes\pgflibraryshapes.misc.code.tex"
File: pgflibraryshapes.misc.code.tex 2020/01/08 v3.1.5b (3.1.5b)
))
("C:\Users\Cyrano Golliez\AppData\Local\Programs\MiKTeX 2.9\tex/generic/pgf/fro
ntendlayer/tikz/libraries\tikzlibraryshapes.symbols.code.tex"
File: tikzlibraryshapes.symbols.code.tex 2020/01/08 v3.1.5b (3.1.5b)

("C:\Users\Cyrano Golliez\AppData\Local\Programs\MiKTeX 2.9\tex/generic/pgf/lib
raries/shapes\pgflibraryshapes.symbols.code.tex"
File: pgflibraryshapes.symbols.code.tex 2020/01/08 v3.1.5b (3.1.5b)
))
("C:\Users\Cyrano Golliez\AppData\Local\Programs\MiKTeX 2.9\tex/generic/pgf/fro
ntendlayer/tikz/libraries\tikzlibraryshapes.arrows.code.tex"
File: tikzlibraryshapes.arrows.code.tex 2020/01/08 v3.1.5b (3.1.5b)

("C:\Users\Cyrano Golliez\AppData\Local\Programs\MiKTeX 2.9\tex/generic/pgf/lib
raries/shapes\pgflibraryshapes.arrows.code.tex"
File: pgflibraryshapes.arrows.code.tex 2020/01/08 v3.1.5b (3.1.5b)
))
("C:\Users\Cyrano Golliez\AppData\Local\Programs\MiKTeX 2.9\tex/generic/pgf/fro
ntendlayer/tikz/libraries\tikzlibraryshapes.callouts.code.tex"
("C:\Users\Cyrano Golliez\AppData\Local\Programs\MiKTeX 2.9\tex/generic/pgf/lib
raries/shapes\pgflibraryshapes.callouts.code.tex"))
("C:\Users\Cyrano Golliez\AppData\Local\Programs\MiKTeX 2.9\tex/generic/pgf/fro
ntendlayer/tikz/libraries\tikzlibraryshapes.multipart.code.tex"
File: tikzlibraryshapes.multipart.code.tex 2020/01/08 v3.1.5b (3.1.5b)

("C:\Users\Cyrano Golliez\AppData\Local\Programs\MiKTeX 2.9\tex/generic/pgf/lib
raries/shapes\pgflibraryshapes.multipart.code.tex"
File: pgflibraryshapes.multipart.code.tex 2020/01/08 v3.1.5b (3.1.5b)
\pgfnodepartlowerbox=\box129
\pgfnodeparttwobox=\box130
\pgfnodepartthreebox=\box131
\pgfnodepartfourbox=\box132
\pgfnodeparttwentybox=\box133
\pgfnodepartnineteenbox=\box134
\pgfnodeparteighteenbox=\box135
\pgfnodepartseventeenbox=\box136
\pgfnodepartsixteenbox=\box137
\pgfnodepartfifteenbox=\box138
\pgfnodepartfourteenbox=\box139
\pgfnodepartthirteenbox=\box140
\pgfnodeparttwelvebox=\box141
\pgfnodepartelevenbox=\box142
\pgfnodeparttenbox=\box143
\pgfnodepartninebox=\box144
\pgfnodeparteightbox=\box145
\pgfnodepartsevenbox=\box146
\pgfnodepartsixbox=\box147
\pgfnodepartfivebox=\box148
)))
("C:\Users\Cyrano Golliez\AppData\Local\Programs\MiKTeX 2.9\tex/generic/pgf/fro
ntendlayer/tikz/libraries\tikzlibraryshadows.code.tex"
File: tikzlibraryshadows.code.tex 2020/01/08 v3.1.5b (3.1.5b)

("C:\Users\Cyrano Golliez\AppData\Local\Programs\MiKTeX 2.9\tex/generic/pgf/fro
ntendlayer/tikz/libraries\tikzlibraryfadings.code.tex"
File: tikzlibraryfadings.code.tex 2020/01/08 v3.1.5b (3.1.5b)

("C:\Users\Cyrano Golliez\AppData\Local\Programs\MiKTeX 2.9\tex/generic/pgf/lib
raries\pgflibraryfadings.code.tex"
File: pgflibraryfadings.code.tex 2020/01/08 v3.1.5b (3.1.5b)
)))
("C:\Users\Cyrano Golliez\AppData\Local\Programs\MiKTeX 2.9\tex/generic/pgf/fro
ntendlayer/tikz/libraries\tikzlibraryautomata.code.tex"
File: tikzlibraryautomata.code.tex 2020/01/08 v3.1.5b (3.1.5b)
))

LaTeX Warning: `!h' float specifier changed to `!ht'.

<./figures/f-01-02-a-FORM.pdf, id=153, 110.89128pt x 135.6267pt>
File: ./figures/f-01-02-a-FORM.pdf Graphic file (type pdf)
<use ./figures/f-01-02-a-FORM.pdf>
Package pdftex.def Info: ./figures/f-01-02-a-FORM.pdf  used on input line 207.
(pdftex.def)             Requested size: 136.57637pt x 167.04128pt.
<./figures/f-01-02-b-FORM.pdf, id=154, 109.2893pt x 135.6267pt>
File: ./figures/f-01-02-b-FORM.pdf Graphic file (type pdf)
<use ./figures/f-01-02-b-FORM.pdf>
Package pdftex.def Info: ./figures/f-01-02-b-FORM.pdf  used on input line 209.
(pdftex.def)             Requested size: 136.57637pt x 169.49983pt.
<./figures/f-01-02-c-FORM.pdf, id=155, 109.2893pt x 135.04352pt>
File: ./figures/f-01-02-c-FORM.pdf Graphic file (type pdf)
<use ./figures/f-01-02-c-FORM.pdf>
Package pdftex.def Info: ./figures/f-01-02-c-FORM.pdf  used on input line 211.
(pdftex.def)             Requested size: 136.57637pt x 168.771pt.

LaTeX Warning: `!h' float specifier changed to `!ht'.

[13] [14 <./figures/f-01-02-a-FORM.pdf> <./figures/f-01-02-b-FORM.pdf> <./figur
es/f-01-02-c-FORM.pdf>]

Package biblatex-chicago Warning: Empty Ibidem citation on input line 241.


Package biblatex-chicago Warning: Empty Ibidem citation on input line 243.

) [15] [16


] (main.toc)
\tf@toc=\write6
\openout6 = `main.toc'.

 [17

] [18


] (main.lof)
\tf@lof=\write7
\openout7 = `main.lof'.

 [19

] [20


] (main.lot)
\tf@lot=\write8
\openout8 = `main.lot'.

 [21

] [22


]
(content/01-Einleitung.tex
chapter 1.

Class scrreprt Warning: \float@addtolists detected!
(scrreprt)              Implementation of \float@addtolist became
(scrreprt)              deprecated in KOMA-Script v3.01 2008/11/14 and
(scrreprt)              has been replaced by several more flexible
(scrreprt)              features of package `tocbasic`.
(scrreprt)              Since Version 3.12 support for deprecated
(scrreprt)              \float@addtolist interface has been
(scrreprt)              restricted to only some of the KOMA-Script
(scrreprt)              features and been removed from others.
(scrreprt)              Loading of package `scrhack' may help to
(scrreprt)              avoid this warning, if you are using a
(scrreprt)              a package that still implements the
(scrreprt)              deprecated \float@addtolist interface .

) (content/02-Zielformulierung.tex [1

] [2]
chapter 2.
) (content/03-Infrastrukturobjekt.tex [3

]
chapter 3.
) (content/04-Interessensgruppen.tex [4

]
chapter 4.
(tables/t-04-01-Interessensgruppen.tex
Overfull \hbox (2.24445pt too wide) in paragraph at lines 24--24
[]|\T1/cmr/bx/n/10.95 Symbol| 
 []

)) (content/05-Zielfunktion.tex [5

] [6]
chapter 5.

Overfull \hbox (10.88788pt too wide) in paragraph at lines 40--46
[] 
 []

) (content/06-Kostenstrukturen.tex [7

]
chapter 6.
[8

]
Overfull \hbox (10.88788pt too wide) in paragraph at lines 55--61
[] 
 []


Overfull \hbox (10.88788pt too wide) in paragraph at lines 92--98
[] 
 []

[9] [10]
Overfull \hbox (10.88788pt too wide) in paragraph at lines 129--134
[] 
 []

[11]
Overfull \hbox (10.88788pt too wide) in paragraph at lines 154--160
[] 
 []

[12]
Overfull \hbox (10.88788pt too wide) in paragraph at lines 179--184
[] 
 []

[13]
Overfull \hbox (10.88788pt too wide) in paragraph at lines 212--217
[] 
 []


Overfull \hbox (10.88788pt too wide) in paragraph at lines 229--235
[] 
 []

[14] [15]
Overfull \hbox (10.88788pt too wide) in paragraph at lines 322--330
[] 
 []

[16]
Overfull \hbox (4.93695pt too wide) in paragraph at lines 341--342
 \T1/cmr/m/n/10.95 die Be-hand-lung und Pfle-ge ei-ner schwer-ver-letz-ten Per-
son wer-den mit $\OT1/cmr/m/n/10.95 100[]000 []$ 
 []

) ("content/07- Szenarien.tex" [17]
chapter 7.
) (content/08-Varianten.tex [18

]
chapter 8.
[19

]) [20]
chapter without number
LaTeX Font Info:    Trying to load font information for T1+cmtt on input line 1
75.

("C:\Users\Cyrano Golliez\AppData\Local\Programs\MiKTeX 2.9\tex/latex/base\t1cm
tt.fd"
File: t1cmtt.fd 2019/12/16 v2.5j Standard LaTeX font definitions
)
No file main.ind.
[21

]
Package atveryend Info: Empty hook `BeforeClearDocument' on input line 187.
Package atveryend Info: Empty hook `AfterLastShipout' on input line 187.
 (main.aux)
Package atveryend Info: Executing hook `AtVeryEndDocument' on input line 187.
Package atveryend Info: Empty hook `AtEndAfterFileList' on input line 187.
Package logreq Info: Writing requests to 'main.run.xml'.
\openout1 = `main.run.xml'.

 ) 
Here is how much of TeX's memory you used:
 50989 strings out of 480934
 1156960 string characters out of 2895703
 2272233 words of memory out of 3000000
 65795 multiletter control sequences out of 15000+200000
 560657 words of font info for 93 fonts, out of 3000000 for 9000
 1145 hyphenation exceptions out of 8191
 80i,22n,131p,10150b,8299s stack positions out of 5000i,500n,10000p,200000b,50000s
 <C:\Users\Cyrano Golliez\AppData\Local\MiKTeX\2.9\fonts/pk/ljfour/jknappen/e
c/dpi600\ectt1095.pk> <C:\Users\Cyrano Golliez\AppData\Local\MiKTeX\2.9\fonts/p
k/ljfour/jknappen/ec/dpi600\eccc1095.pk> <C:\Users\Cyrano Golliez\AppData\Local
\MiKTeX\2.9\fonts/pk/ljfour/jknappen/ec/dpi600\ecbx0900.pk> <C:\Users\Cyrano Go
lliez\AppData\Local\MiKTeX\2.9\fonts/pk/ljfour/jknappen/ec/dpi600\ecsl1095.pk> 
<C:\Users\Cyrano Golliez\AppData\Local\MiKTeX\2.9\fonts/pk/ljfour/jknappen/ec/d
pi600\ecrm1000.pk> <C:\Users\Cyrano Golliez\AppData\Local\MiKTeX\2.9\fonts/pk/l
jfour/jknappen/ec/dpi600\ecrm0700.pk> <C:\Users\Cyrano Golliez\AppData\Local\Mi
KTeX\2.9\fonts/pk/ljfour/jknappen/ec/dpi600\ecbx1000.pk> <C:\Users\Cyrano Golli
ez\AppData\Local\MiKTeX\2.9\fonts/pk/ljfour/jknappen/ec/dpi600\ecrm0900.pk> <C:
\Users\Cyrano Golliez\AppData\Local\MiKTeX\2.9\fonts/pk/ljfour/jknappen/ec/dpi6
00\ecsx1095.pk> <C:\Users\Cyrano Golliez\AppData\Local\MiKTeX\2.9\fonts/pk/ljfo
ur/jknappen/ec/dpi600\ecbx1095.pk> <C:\Users\Cyrano Golliez\AppData\Local\MiKTe
X\2.9\fonts/pk/ljfour/jknappen/ec/dpi600\tcrm1095.pk> <C:\Users\Cyrano Golliez\
AppData\Local\MiKTeX\2.9\fonts/pk/ljfour/jknappen/ec/dpi600\ecti1095.pk> <C:\Us
ers\Cyrano Golliez\AppData\Local\MiKTeX\2.9\fonts/pk/ljfour/jknappen/ec/dpi600\
ecsx1200.pk> <C:\Users\Cyrano Golliez\AppData\Local\MiKTeX\2.9\fonts/pk/ljfour/
jknappen/ec/dpi600\ecsx1440.pk> <C:\Users\Cyrano Golliez\AppData\Local\MiKTeX\2
.9\fonts/pk/ljfour/jknappen/ec/dpi600\ecsx2074.pk> <C:\Users\Cyrano Golliez\App
Data\Local\MiKTeX\2.9\fonts/pk/ljfour/jknappen/ec/dpi600\ecrm1095.pk> <C:\Users
\Cyrano Golliez\AppData\Local\MiKTeX\2.9\fonts/pk/ljfour/jknappen/ec/dpi600\ecb
x2488.pk> <C:\Users\Cyrano Golliez\AppData\Local\MiKTeX\2.9\fonts/pk/ljfour/jkn
appen/ec/dpi600\ecrm2488.pk> <C:\Users\Cyrano Golliez\AppData\Local\MiKTeX\2.9\
fonts/pk/ljfour/jknappen/ec/dpi600\ecrm0800.pk> <C:\Users\Cyrano Golliez\AppDat
a\Local\MiKTeX\2.9\fonts/pk/ljfour/jknappen/ec/dpi600\ecbx0800.pk><C:/Users/Cyr
ano Golliez/AppData/Local/Programs/MiKTeX 2.9/fonts/type1/public/amsfonts/cm/cm
bx10.pfb><C:/Users/Cyrano Golliez/AppData/Local/Programs/MiKTeX 2.9/fonts/type1
/public/amsfonts/cm/cmex10.pfb><C:/Users/Cyrano Golliez/AppData/Local/Programs/
MiKTeX 2.9/fonts/type1/public/amsfonts/cm/cmmi10.pfb><C:/Users/Cyrano Golliez/A
ppData/Local/Programs/MiKTeX 2.9/fonts/type1/public/amsfonts/cm/cmmi6.pfb><C:/U
sers/Cyrano Golliez/AppData/Local/Programs/MiKTeX 2.9/fonts/type1/public/amsfon
ts/cm/cmmi7.pfb><C:/Users/Cyrano Golliez/AppData/Local/Programs/MiKTeX 2.9/font
s/type1/public/amsfonts/cm/cmmi8.pfb><C:/Users/Cyrano Golliez/AppData/Local/Pro
grams/MiKTeX 2.9/fonts/type1/public/amsfonts/cm/cmmi9.pfb><C:/Users/Cyrano Goll
iez/AppData/Local/Programs/MiKTeX 2.9/fonts/type1/public/amsfonts/cm/cmr10.pfb>
<C:/Users/Cyrano Golliez/AppData/Local/Programs/MiKTeX 2.9/fonts/type1/public/a
msfonts/cm/cmr8.pfb><C:/Users/Cyrano Golliez/AppData/Local/Programs/MiKTeX 2.9/
fonts/type1/public/amsfonts/cm/cmr9.pfb><C:/Users/Cyrano Golliez/AppData/Local/
Programs/MiKTeX 2.9/fonts/type1/public/amsfonts/cm/cmsy10.pfb><C:/Users/Cyrano 
Golliez/AppData/Local/Programs/MiKTeX 2.9/fonts/type1/public/amsfonts/cm/cmsy8.
pfb><C:/Users/Cyrano Golliez/AppData/Local/Programs/MiKTeX 2.9/fonts/type1/publ
ic/amsfonts/cm/cmsy9.pfb><C:/Users/Cyrano Golliez/AppData/Local/Programs/MiKTeX
 2.9/fonts/type1/public/amsfonts/symbols/msbm10.pfb><C:/Users/Cyrano Golliez/Ap
pData/Local/Programs/MiKTeX 2.9/fonts/type1/urw/palatino/uplb8a.pfb><C:/Users/C
yrano Golliez/AppData/Local/Programs/MiKTeX 2.9/fonts/type1/urw/palatino/uplr8a
.pfb><C:/Users/Cyrano Golliez/AppData/Local/Programs/MiKTeX 2.9/fonts/type1/urw
/palatino/uplri8a.pfb>
Output written on main.pdf (43 pages, 693192 bytes).
PDF statistics:
 1215 PDF objects out of 1440 (max. 8388607)
 113 named destinations out of 1000 (max. 500000)
 328 words of extra memory for PDF output out of 10000 (max. 10000000)

